sys:1: DtypeWarning: Columns (29,34,35,37) have mixed types. Specify dtype option on import or set low_memory=False.
-------------------------------------------------------------------
/glade/u/home/zarzycki/scratch/CFSR/FINAL/CATTED/cfsr-2006.nc
./StormEvents_details-ftp_v1.0_d2006_c20170717.csv
Severe var: SCP   with threshold: 2.0    and precip threshold 0.1 mm/d
space_offset: 1   time_offset: 1    dist_thresh_km 500
[249, 100, 40, 2, 0]
[95, 17, 1, 0, 0]
Number of >EF1 tornados found by algorithm: 391
Number of >EF1 tornados missed by algorithm: 113
Number of severe cells with a severe weather report within 500 km: 19305
Number of severe cells with no report within 500 km: 4108
0:23:27.350202
-------------------------------------------------------------------
/glade/u/home/zarzycki/scratch/CFSR/FINAL/CATTED/cfsr-2007.nc
./StormEvents_details-ftp_v1.0_d2007_c20170717.csv
Severe var: SCP   with threshold: 2.0    and precip threshold 0.1 mm/d
space_offset: 1   time_offset: 1    dist_thresh_km 500
[249, 98, 36, 4, 1]
[103, 23, 2, 0, 0]
Number of >EF1 tornados found by algorithm: 388
Number of >EF1 tornados missed by algorithm: 128
Number of severe cells with a severe weather report within 500 km: 25089
Number of severe cells with no report within 500 km: 6478
0:33:42.778651
-------------------------------------------------------------------
/glade/u/home/zarzycki/scratch/CFSR/FINAL/CATTED/cfsr-2009.nc
./StormEvents_details-ftp_v1.0_d2009_c20170816.csv
Severe var: SCP   with threshold: 2.0    and precip threshold 0.1 mm/d
space_offset: 1   time_offset: 1    dist_thresh_km 500
[320, 88, 25, 2, 0]
[82, 13, 0, 0, 0]
Number of >EF1 tornados found by algorithm: 435
Number of >EF1 tornados missed by algorithm: 95
Number of severe cells with a severe weather report within 500 km: 28007
Number of severe cells with no report within 500 km: 5081
0:34:39.150149
sys:1: DtypeWarning: Columns (29,34,35,37) have mixed types. Specify dtype option on import or set low_memory=False.
-------------------------------------------------------------------
/glade/u/home/zarzycki/scratch/CFSR/FINAL/CATTED/cfsr-2008.nc
./StormEvents_details-ftp_v1.0_d2008_c20170718.csv
Severe var: SCP   with threshold: 2.0    and precip threshold 0.1 mm/d
space_offset: 1   time_offset: 1    dist_thresh_km 500
[485, 190, 65, 11, 1]
[112, 14, 3, 0, 0]
Number of >EF1 tornados found by algorithm: 752
Number of >EF1 tornados missed by algorithm: 129
Number of severe cells with a severe weather report within 500 km: 31441
Number of severe cells with no report within 500 km: 5736
0:59:09.272669
-------------------------------------------------------------------
/glade/u/home/zarzycki/scratch/CFSR/FINAL/CATTED/cfsr-2006.nc
./StormEvents_details-ftp_v1.0_d2006_c20170717.csv
Severe var: SCP   with threshold: 3.0    and precip threshold 0.1 mm/d
space_offset: 1   time_offset: 1    dist_thresh_km 250
[229, 95, 40, 2, 0]
[115, 22, 1, 0, 0]
Number of >EF1 tornados found by algorithm: 366
Number of >EF1 tornados missed by algorithm: 138
Number of severe cells with a severe weather report within 250 km: 10526
Number of severe cells with no report within 250 km: 5060
0:47:41.012897
-------------------------------------------------------------------
/glade/u/home/zarzycki/scratch/CFSR/FINAL/CATTED/cfsr-2007.nc
./StormEvents_details-ftp_v1.0_d2007_c20170717.csv
Severe var: SCP   with threshold: 3.0    and precip threshold 0.1 mm/d
space_offset: 1   time_offset: 1    dist_thresh_km 250
[223, 96, 36, 4, 1]
[129, 25, 2, 0, 0]
Number of >EF1 tornados found by algorithm: 360
Number of >EF1 tornados missed by algorithm: 156
Number of severe cells with a severe weather report within 250 km: 13418
Number of severe cells with no report within 250 km: 7435
0:52:54.654102
-------------------------------------------------------------------
/glade/u/home/zarzycki/scratch/CFSR/FINAL/CATTED/cfsr-2009.nc
./StormEvents_details-ftp_v1.0_d2009_c20170816.csv
Severe var: SCP   with threshold: 3.0    and precip threshold 0.1 mm/d
space_offset: 1   time_offset: 1    dist_thresh_km 250
[279, 75, 24, 2, 0]
[123, 26, 1, 0, 0]
Number of >EF1 tornados found by algorithm: 380
Number of >EF1 tornados missed by algorithm: 150
Number of severe cells with a severe weather report within 250 km: 14738
Number of severe cells with no report within 250 km: 6982
1:00:56.875697
-------------------------------------------------------------------
/glade/u/home/zarzycki/scratch/CFSR/FINAL/CATTED/cfsr-2008.nc
./StormEvents_details-ftp_v1.0_d2008_c20170718.csv
Severe var: SCP   with threshold: 3.0    and precip threshold 0.1 mm/d
space_offset: 1   time_offset: 1    dist_thresh_km 250
[452, 181, 65, 11, 1]
[145, 23, 3, 0, 0]
Number of >EF1 tornados found by algorithm: 710
Number of >EF1 tornados missed by algorithm: 171
Number of severe cells with a severe weather report within 250 km: 17737
Number of severe cells with no report within 250 km: 7631
1:47:09.259897
