20180129 135920.087 INFO             PET0 Running with ESMF Version 6.3.0rp1
20180129 135920.130 INFO             PET0 Running with ESMF Version 6.3.0rp1
20180129 135920.440 INFO             PET0 Running with ESMF Version 6.3.0rp1
20180129 135920.963 ERROR            PET0 /picnic/u/home/haley/src/esmf-6.3.0rp1/src/Infrastructure/IO/interface/ESMC_IOScrip2ESMF.C:48 handle_error Internal error: Bad condition NetCDF error: Input/output error
20180129 135920.963 ERROR            PET0 ESMF_Mesh.F90:3411 ESMF_MeshCreateFromScrip() Invalid object - Internal subroutine call returned Error
20180129 135920.963 ERROR            PET0 ESMF_Mesh.F90:1722 ESMF_MeshCreateFromFile() Invalid object - Internal subroutine call returned Error
20180129 135920.963 ERROR            PET0 ESMF_RegridWeightGen.F90:1041 ESMF_RegridWeightGenFile Invalid object - Internal subroutine call returned Error
20180129 145650.050 INFO             PET0 Running with ESMF Version 6.3.0rp1
20180129 145650.089 INFO             PET0 Running with ESMF Version 6.3.0rp1
20180129 145650.462 INFO             PET0 Running with ESMF Version 6.3.0rp1
20180129 145650.957 ERROR            PET0 /picnic/u/home/haley/src/esmf-6.3.0rp1/src/Infrastructure/IO/interface/ESMC_IOScrip2ESMF.C:48 handle_error Internal error: Bad condition NetCDF error: Input/output error
20180129 145650.957 ERROR            PET0 ESMF_Mesh.F90:3411 ESMF_MeshCreateFromScrip() Invalid object - Internal subroutine call returned Error
20180129 145650.957 ERROR            PET0 ESMF_Mesh.F90:1722 ESMF_MeshCreateFromFile() Invalid object - Internal subroutine call returned Error
20180129 145650.957 ERROR            PET0 ESMF_RegridWeightGen.F90:1041 ESMF_RegridWeightGenFile Invalid object - Internal subroutine call returned Error
20180129 173207.505 INFO             PET0 Running with ESMF Version 6.3.0rp1
20180129 173207.546 INFO             PET0 Running with ESMF Version 6.3.0rp1
20180129 173207.881 INFO             PET0 Running with ESMF Version 6.3.0rp1
20180130 201907.571 INFO             PET0 Running with ESMF Version 6.3.0rp1
20180130 201907.619 INFO             PET0 Running with ESMF Version 6.3.0rp1
20180130 201930.116 INFO             PET0 Running with ESMF Version 6.3.0rp1
20180130 201930.155 INFO             PET0 Running with ESMF Version 6.3.0rp1
20180130 201930.335 INFO             PET0 Running with ESMF Version 6.3.0rp1
20180202 185701.754 INFO             PET0 Running with ESMF Version 6.3.0rp1
20180202 185701.793 INFO             PET0 Running with ESMF Version 6.3.0rp1
20180202 185701.962 INFO             PET0 Running with ESMF Version 6.3.0rp1
20180202 192225.371 INFO             PET0 Running with ESMF Version 6.3.0rp1
20180202 192225.412 INFO             PET0 Running with ESMF Version 6.3.0rp1
20180202 192225.766 INFO             PET0 Running with ESMF Version 6.3.0rp1
20180202 192634.311 INFO             PET0 Running with ESMF Version 6.3.0rp1
20180202 192634.348 INFO             PET0 Running with ESMF Version 6.3.0rp1
20180202 192634.525 INFO             PET0 Running with ESMF Version 6.3.0rp1
20180202 192939.816 INFO             PET0 Running with ESMF Version 6.3.0rp1
20180202 192939.854 INFO             PET0 Running with ESMF Version 6.3.0rp1
20180202 192940.070 INFO             PET0 Running with ESMF Version 6.3.0rp1
