input in flex scanner failed
 Copyright (C) 1995-2017 - All Rights Reserved
 University Corporation for Atmospheric Research
 NCAR Command Language Version 6.4.0
 The use of this software is governed by a License Agreement.
 See http://www.ncl.ucar.edu/ for more details.

Variable: Pf
Type: float
Total Size: 12364800 bytes
            3091200 values
Number of Dimensions: 4
Dimensions and sizes:	[120] x [32] x [23] x [35]
Coordinates: 
(0)	Starting time... 0 of 119
(0)	doing lat: 0 of 22
(0)	doing lat: 1 of 22
(0)	doing lat: 2 of 22
(0)	doing lat: 3 of 22
(0)	doing lat: 4 of 22
(0)	doing lat: 5 of 22
(0)	doing lat: 6 of 22
(0)	doing lat: 7 of 22
(0)	doing lat: 8 of 22
(0)	doing lat: 9 of 22
(0)	doing lat: 10 of 22
(0)	doing lat: 11 of 22
(0)	doing lat: 12 of 22
(0)	doing lat: 13 of 22
(0)	doing lat: 14 of 22
(0)	doing lat: 15 of 22
(0)	doing lat: 16 of 22
(0)	doing lat: 17 of 22
(0)	doing lat: 18 of 22
(0)	doing lat: 19 of 22
(0)	doing lat: 20 of 22
(0)	doing lat: 21 of 22
(0)	doing lat: 22 of 22
(0)	Starting time... 1 of 119
(0)	doing lat: 0 of 22
(0)	doing lat: 1 of 22
(0)	doing lat: 2 of 22
(0)	doing lat: 3 of 22
(0)	doing lat: 4 of 22
(0)	doing lat: 5 of 22
(0)	doing lat: 6 of 22
(0)	doing lat: 7 of 22
(0)	doing lat: 8 of 22
(0)	doing lat: 9 of 22
(0)	doing lat: 10 of 22
(0)	doing lat: 11 of 22
(0)	doing lat: 12 of 22
(0)	doing lat: 13 of 22
(0)	doing lat: 14 of 22
(0)	doing lat: 15 of 22
(0)	doing lat: 16 of 22
(0)	doing lat: 17 of 22
(0)	doing lat: 18 of 22
(0)	doing lat: 19 of 22
(0)	doing lat: 20 of 22
(0)	doing lat: 21 of 22
(0)	doing lat: 22 of 22
(0)	Starting time... 2 of 119
(0)	doing lat: 0 of 22
(0)	doing lat: 1 of 22
(0)	doing lat: 2 of 22
(0)	doing lat: 3 of 22
(0)	doing lat: 4 of 22
(0)	doing lat: 5 of 22
(0)	doing lat: 6 of 22
(0)	doing lat: 7 of 22
(0)	doing lat: 8 of 22
(0)	doing lat: 9 of 22
(0)	doing lat: 10 of 22
(0)	doing lat: 11 of 22
(0)	doing lat: 12 of 22
(0)	doing lat: 13 of 22
(0)	doing lat: 14 of 22
(0)	doing lat: 15 of 22
(0)	doing lat: 16 of 22
(0)	doing lat: 17 of 22
(0)	doing lat: 18 of 22
(0)	doing lat: 19 of 22
(0)	doing lat: 20 of 22
(0)	doing lat: 21 of 22
(0)	doing lat: 22 of 22
(0)	Starting time... 3 of 119
(0)	doing lat: 0 of 22
(0)	doing lat: 1 of 22
(0)	doing lat: 2 of 22
(0)	doing lat: 3 of 22
(0)	doing lat: 4 of 22
(0)	doing lat: 5 of 22
(0)	doing lat: 6 of 22
(0)	doing lat: 7 of 22
(0)	doing lat: 8 of 22
(0)	doing lat: 9 of 22
(0)	doing lat: 10 of 22
(0)	doing lat: 11 of 22
(0)	doing lat: 12 of 22
(0)	doing lat: 13 of 22
(0)	doing lat: 14 of 22
(0)	doing lat: 15 of 22
(0)	doing lat: 16 of 22
(0)	doing lat: 17 of 22
(0)	doing lat: 18 of 22
(0)	doing lat: 19 of 22
(0)	doing lat: 20 of 22
(0)	doing lat: 21 of 22
(0)	doing lat: 22 of 22
(0)	Starting time... 4 of 119
(0)	doing lat: 0 of 22
(0)	doing lat: 1 of 22
(0)	doing lat: 2 of 22
(0)	doing lat: 3 of 22
(0)	doing lat: 4 of 22
(0)	doing lat: 5 of 22
(0)	doing lat: 6 of 22
(0)	doing lat: 7 of 22
(0)	doing lat: 8 of 22
(0)	doing lat: 9 of 22
(0)	doing lat: 10 of 22
(0)	doing lat: 11 of 22
(0)	doing lat: 12 of 22
(0)	doing lat: 13 of 22
(0)	doing lat: 14 of 22
(0)	doing lat: 15 of 22
(0)	doing lat: 16 of 22
(0)	doing lat: 17 of 22
(0)	doing lat: 18 of 22
(0)	doing lat: 19 of 22
(0)	doing lat: 20 of 22
(0)	doing lat: 21 of 22
(0)	doing lat: 22 of 22
(0)	Starting time... 5 of 119
(0)	doing lat: 0 of 22
(0)	doing lat: 1 of 22
(0)	doing lat: 2 of 22
(0)	doing lat: 3 of 22
(0)	doing lat: 4 of 22
(0)	doing lat: 5 of 22
(0)	doing lat: 6 of 22
(0)	doing lat: 7 of 22
(0)	doing lat: 8 of 22
(0)	doing lat: 9 of 22
(0)	doing lat: 10 of 22
(0)	doing lat: 11 of 22
(0)	doing lat: 12 of 22
(0)	doing lat: 13 of 22
(0)	doing lat: 14 of 22
(0)	doing lat: 15 of 22
(0)	doing lat: 16 of 22
(0)	doing lat: 17 of 22
(0)	doing lat: 18 of 22
(0)	doing lat: 19 of 22
(0)	doing lat: 20 of 22
(0)	doing lat: 21 of 22
(0)	doing lat: 22 of 22
(0)	Starting time... 6 of 119
(0)	doing lat: 0 of 22
(0)	doing lat: 1 of 22
(0)	doing lat: 2 of 22
(0)	doing lat: 3 of 22
(0)	doing lat: 4 of 22
(0)	doing lat: 5 of 22
(0)	doing lat: 6 of 22
(0)	doing lat: 7 of 22
(0)	doing lat: 8 of 22
(0)	doing lat: 9 of 22
(0)	doing lat: 10 of 22
(0)	doing lat: 11 of 22
(0)	doing lat: 12 of 22
(0)	doing lat: 13 of 22
(0)	doing lat: 14 of 22
(0)	doing lat: 15 of 22
(0)	doing lat: 16 of 22
(0)	doing lat: 17 of 22
(0)	doing lat: 18 of 22
(0)	doing lat: 19 of 22
(0)	doing lat: 20 of 22
(0)	doing lat: 21 of 22
(0)	doing lat: 22 of 22
(0)	Starting time... 7 of 119
(0)	doing lat: 0 of 22
(0)	doing lat: 1 of 22
(0)	doing lat: 2 of 22
(0)	doing lat: 3 of 22
(0)	doing lat: 4 of 22
(0)	doing lat: 5 of 22
(0)	doing lat: 6 of 22
(0)	doing lat: 7 of 22
(0)	doing lat: 8 of 22
(0)	doing lat: 9 of 22
(0)	doing lat: 10 of 22
(0)	doing lat: 11 of 22
(0)	doing lat: 12 of 22
(0)	doing lat: 13 of 22
(0)	doing lat: 14 of 22
(0)	doing lat: 15 of 22
(0)	doing lat: 16 of 22
(0)	doing lat: 17 of 22
(0)	doing lat: 18 of 22
(0)	doing lat: 19 of 22
(0)	doing lat: 20 of 22
(0)	doing lat: 21 of 22
(0)	doing lat: 22 of 22
(0)	Starting time... 8 of 119
(0)	doing lat: 0 of 22
(0)	doing lat: 1 of 22
(0)	doing lat: 2 of 22
(0)	doing lat: 3 of 22
(0)	doing lat: 4 of 22
(0)	doing lat: 5 of 22
(0)	doing lat: 6 of 22
(0)	doing lat: 7 of 22
(0)	doing lat: 8 of 22
(0)	doing lat: 9 of 22
(0)	doing lat: 10 of 22
(0)	doing lat: 11 of 22
(0)	doing lat: 12 of 22
(0)	doing lat: 13 of 22
(0)	doing lat: 14 of 22
(0)	doing lat: 15 of 22
(0)	doing lat: 16 of 22
(0)	doing lat: 17 of 22
(0)	doing lat: 18 of 22
(0)	doing lat: 19 of 22
(0)	doing lat: 20 of 22
(0)	doing lat: 21 of 22
(0)	doing lat: 22 of 22
(0)	Starting time... 9 of 119
(0)	doing lat: 0 of 22
(0)	doing lat: 1 of 22
(0)	doing lat: 2 of 22
(0)	doing lat: 3 of 22
(0)	doing lat: 4 of 22
(0)	doing lat: 5 of 22
(0)	doing lat: 6 of 22
(0)	doing lat: 7 of 22
(0)	doing lat: 8 of 22
(0)	doing lat: 9 of 22
(0)	doing lat: 10 of 22
(0)	doing lat: 11 of 22
(0)	doing lat: 12 of 22
(0)	doing lat: 13 of 22
(0)	doing lat: 14 of 22
(0)	doing lat: 15 of 22
(0)	doing lat: 16 of 22
(0)	doing lat: 17 of 22
(0)	doing lat: 18 of 22
(0)	doing lat: 19 of 22
(0)	doing lat: 20 of 22
(0)	doing lat: 21 of 22
(0)	doing lat: 22 of 22
(0)	Starting time... 10 of 119
(0)	doing lat: 0 of 22
(0)	doing lat: 1 of 22
(0)	doing lat: 2 of 22
(0)	doing lat: 3 of 22
(0)	doing lat: 4 of 22
(0)	doing lat: 5 of 22
(0)	doing lat: 6 of 22
(0)	doing lat: 7 of 22
(0)	doing lat: 8 of 22
(0)	doing lat: 9 of 22
(0)	doing lat: 10 of 22
(0)	doing lat: 11 of 22
(0)	doing lat: 12 of 22
(0)	doing lat: 13 of 22
(0)	doing lat: 14 of 22
(0)	doing lat: 15 of 22
(0)	doing lat: 16 of 22
(0)	doing lat: 17 of 22
(0)	doing lat: 18 of 22
(0)	doing lat: 19 of 22
(0)	doing lat: 20 of 22
(0)	doing lat: 21 of 22
(0)	doing lat: 22 of 22
(0)	Starting time... 11 of 119
(0)	doing lat: 0 of 22
(0)	doing lat: 1 of 22
(0)	doing lat: 2 of 22
(0)	doing lat: 3 of 22
(0)	doing lat: 4 of 22
(0)	doing lat: 5 of 22
(0)	doing lat: 6 of 22
(0)	doing lat: 7 of 22
(0)	doing lat: 8 of 22
(0)	doing lat: 9 of 22
(0)	doing lat: 10 of 22
(0)	doing lat: 11 of 22
(0)	doing lat: 12 of 22
(0)	doing lat: 13 of 22
(0)	doing lat: 14 of 22
(0)	doing lat: 15 of 22
(0)	doing lat: 16 of 22
(0)	doing lat: 17 of 22
(0)	doing lat: 18 of 22
(0)	doing lat: 19 of 22
(0)	doing lat: 20 of 22
(0)	doing lat: 21 of 22
(0)	doing lat: 22 of 22
(0)	Starting time... 12 of 119
(0)	doing lat: 0 of 22
(0)	doing lat: 1 of 22
(0)	doing lat: 2 of 22
(0)	doing lat: 3 of 22
(0)	doing lat: 4 of 22
(0)	doing lat: 5 of 22
(0)	doing lat: 6 of 22
(0)	doing lat: 7 of 22
(0)	doing lat: 8 of 22
(0)	doing lat: 9 of 22
(0)	doing lat: 10 of 22
(0)	doing lat: 11 of 22
(0)	doing lat: 12 of 22
(0)	doing lat: 13 of 22
(0)	doing lat: 14 of 22
(0)	doing lat: 15 of 22
(0)	doing lat: 16 of 22
(0)	doing lat: 17 of 22
(0)	doing lat: 18 of 22
(0)	doing lat: 19 of 22
(0)	doing lat: 20 of 22
(0)	doing lat: 21 of 22
(0)	doing lat: 22 of 22
(0)	Starting time... 13 of 119
(0)	doing lat: 0 of 22
(0)	doing lat: 1 of 22
(0)	doing lat: 2 of 22
(0)	doing lat: 3 of 22
(0)	doing lat: 4 of 22
(0)	doing lat: 5 of 22
(0)	doing lat: 6 of 22
(0)	doing lat: 7 of 22
(0)	doing lat: 8 of 22
(0)	doing lat: 9 of 22
(0)	doing lat: 10 of 22
(0)	doing lat: 11 of 22
(0)	doing lat: 12 of 22
(0)	doing lat: 13 of 22
(0)	doing lat: 14 of 22
(0)	doing lat: 15 of 22
(0)	doing lat: 16 of 22
(0)	doing lat: 17 of 22
(0)	doing lat: 18 of 22
(0)	doing lat: 19 of 22
(0)	doing lat: 20 of 22
(0)	doing lat: 21 of 22
(0)	doing lat: 22 of 22
(0)	Starting time... 14 of 119
(0)	doing lat: 0 of 22
(0)	doing lat: 1 of 22
(0)	doing lat: 2 of 22
(0)	doing lat: 3 of 22
(0)	doing lat: 4 of 22
(0)	doing lat: 5 of 22
(0)	doing lat: 6 of 22
(0)	doing lat: 7 of 22
(0)	doing lat: 8 of 22
(0)	doing lat: 9 of 22
(0)	doing lat: 10 of 22
(0)	doing lat: 11 of 22
(0)	doing lat: 12 of 22
(0)	doing lat: 13 of 22
(0)	doing lat: 14 of 22
(0)	doing lat: 15 of 22
(0)	doing lat: 16 of 22
(0)	doing lat: 17 of 22
(0)	doing lat: 18 of 22
(0)	doing lat: 19 of 22
(0)	doing lat: 20 of 22
(0)	doing lat: 21 of 22
(0)	doing lat: 22 of 22
(0)	Starting time... 15 of 119
(0)	doing lat: 0 of 22
(0)	doing lat: 1 of 22
(0)	doing lat: 2 of 22
(0)	doing lat: 3 of 22
(0)	doing lat: 4 of 22
(0)	doing lat: 5 of 22
(0)	doing lat: 6 of 22
(0)	doing lat: 7 of 22
(0)	doing lat: 8 of 22
(0)	doing lat: 9 of 22
(0)	doing lat: 10 of 22
(0)	doing lat: 11 of 22
(0)	doing lat: 12 of 22
(0)	doing lat: 13 of 22
(0)	doing lat: 14 of 22
(0)	doing lat: 15 of 22
(0)	doing lat: 16 of 22
(0)	doing lat: 17 of 22
(0)	doing lat: 18 of 22
(0)	doing lat: 19 of 22
(0)	doing lat: 20 of 22
(0)	doing lat: 21 of 22
(0)	doing lat: 22 of 22
(0)	Starting time... 16 of 119
(0)	doing lat: 0 of 22
(0)	doing lat: 1 of 22
(0)	doing lat: 2 of 22
(0)	doing lat: 3 of 22
(0)	doing lat: 4 of 22
(0)	doing lat: 5 of 22
(0)	doing lat: 6 of 22
(0)	doing lat: 7 of 22
(0)	doing lat: 8 of 22
(0)	doing lat: 9 of 22
(0)	doing lat: 10 of 22
(0)	doing lat: 11 of 22
(0)	doing lat: 12 of 22
(0)	doing lat: 13 of 22
(0)	doing lat: 14 of 22
(0)	doing lat: 15 of 22
(0)	doing lat: 16 of 22
(0)	doing lat: 17 of 22
(0)	doing lat: 18 of 22
(0)	doing lat: 19 of 22
(0)	doing lat: 20 of 22
(0)	doing lat: 21 of 22
(0)	doing lat: 22 of 22
(0)	Starting time... 17 of 119
(0)	doing lat: 0 of 22
(0)	doing lat: 1 of 22
(0)	doing lat: 2 of 22
(0)	doing lat: 3 of 22
(0)	doing lat: 4 of 22
(0)	doing lat: 5 of 22
(0)	doing lat: 6 of 22
(0)	doing lat: 7 of 22
(0)	doing lat: 8 of 22
(0)	doing lat: 9 of 22
(0)	doing lat: 10 of 22
(0)	doing lat: 11 of 22
(0)	doing lat: 12 of 22
(0)	doing lat: 13 of 22
(0)	doing lat: 14 of 22
(0)	doing lat: 15 of 22
(0)	doing lat: 16 of 22
(0)	doing lat: 17 of 22
(0)	doing lat: 18 of 22
(0)	doing lat: 19 of 22
(0)	doing lat: 20 of 22
(0)	doing lat: 21 of 22
(0)	doing lat: 22 of 22
(0)	Starting time... 18 of 119
(0)	doing lat: 0 of 22
(0)	doing lat: 1 of 22
(0)	doing lat: 2 of 22
(0)	doing lat: 3 of 22
(0)	doing lat: 4 of 22
(0)	doing lat: 5 of 22
(0)	doing lat: 6 of 22
(0)	doing lat: 7 of 22
(0)	doing lat: 8 of 22
(0)	doing lat: 9 of 22
(0)	doing lat: 10 of 22
(0)	doing lat: 11 of 22
(0)	doing lat: 12 of 22
(0)	doing lat: 13 of 22
(0)	doing lat: 14 of 22
(0)	doing lat: 15 of 22
(0)	doing lat: 16 of 22
(0)	doing lat: 17 of 22
(0)	doing lat: 18 of 22
(0)	doing lat: 19 of 22
(0)	doing lat: 20 of 22
(0)	doing lat: 21 of 22
(0)	doing lat: 22 of 22
(0)	Starting time... 19 of 119
(0)	doing lat: 0 of 22
(0)	doing lat: 1 of 22
(0)	doing lat: 2 of 22
(0)	doing lat: 3 of 22
(0)	doing lat: 4 of 22
(0)	doing lat: 5 of 22
(0)	doing lat: 6 of 22
(0)	doing lat: 7 of 22
(0)	doing lat: 8 of 22
(0)	doing lat: 9 of 22
(0)	doing lat: 10 of 22
(0)	doing lat: 11 of 22
(0)	doing lat: 12 of 22
(0)	doing lat: 13 of 22
(0)	doing lat: 14 of 22
(0)	doing lat: 15 of 22
(0)	doing lat: 16 of 22
(0)	doing lat: 17 of 22
(0)	doing lat: 18 of 22
(0)	doing lat: 19 of 22
(0)	doing lat: 20 of 22
(0)	doing lat: 21 of 22
(0)	doing lat: 22 of 22
(0)	Starting time... 20 of 119
(0)	doing lat: 0 of 22
(0)	doing lat: 1 of 22
(0)	doing lat: 2 of 22
(0)	doing lat: 3 of 22
(0)	doing lat: 4 of 22
(0)	doing lat: 5 of 22
(0)	doing lat: 6 of 22
(0)	doing lat: 7 of 22
(0)	doing lat: 8 of 22
(0)	doing lat: 9 of 22
(0)	doing lat: 10 of 22
(0)	doing lat: 11 of 22
(0)	doing lat: 12 of 22
(0)	doing lat: 13 of 22
(0)	doing lat: 14 of 22
(0)	doing lat: 15 of 22
(0)	doing lat: 16 of 22
(0)	doing lat: 17 of 22
(0)	doing lat: 18 of 22
(0)	doing lat: 19 of 22
(0)	doing lat: 20 of 22
(0)	doing lat: 21 of 22
(0)	doing lat: 22 of 22
(0)	Starting time... 21 of 119
(0)	doing lat: 0 of 22
(0)	doing lat: 1 of 22
(0)	doing lat: 2 of 22
(0)	doing lat: 3 of 22
(0)	doing lat: 4 of 22
(0)	doing lat: 5 of 22
(0)	doing lat: 6 of 22
(0)	doing lat: 7 of 22
(0)	doing lat: 8 of 22
(0)	doing lat: 9 of 22
(0)	doing lat: 10 of 22
(0)	doing lat: 11 of 22
(0)	doing lat: 12 of 22
(0)	doing lat: 13 of 22
(0)	doing lat: 14 of 22
(0)	doing lat: 15 of 22
(0)	doing lat: 16 of 22
(0)	doing lat: 17 of 22
(0)	doing lat: 18 of 22
(0)	doing lat: 19 of 22
(0)	doing lat: 20 of 22
(0)	doing lat: 21 of 22
(0)	doing lat: 22 of 22
(0)	Starting time... 22 of 119
(0)	doing lat: 0 of 22
(0)	doing lat: 1 of 22
(0)	doing lat: 2 of 22
(0)	doing lat: 3 of 22
(0)	doing lat: 4 of 22
(0)	doing lat: 5 of 22
(0)	doing lat: 6 of 22
(0)	doing lat: 7 of 22
(0)	doing lat: 8 of 22
(0)	doing lat: 9 of 22
(0)	doing lat: 10 of 22
(0)	doing lat: 11 of 22
(0)	doing lat: 12 of 22
(0)	doing lat: 13 of 22
(0)	doing lat: 14 of 22
(0)	doing lat: 15 of 22
(0)	doing lat: 16 of 22
(0)	doing lat: 17 of 22
(0)	doing lat: 18 of 22
(0)	doing lat: 19 of 22
(0)	doing lat: 20 of 22
(0)	doing lat: 21 of 22
(0)	doing lat: 22 of 22
(0)	Starting time... 23 of 119
(0)	doing lat: 0 of 22
(0)	doing lat: 1 of 22
(0)	doing lat: 2 of 22
(0)	doing lat: 3 of 22
(0)	doing lat: 4 of 22
(0)	doing lat: 5 of 22
(0)	doing lat: 6 of 22
(0)	doing lat: 7 of 22
(0)	doing lat: 8 of 22
(0)	doing lat: 9 of 22
(0)	doing lat: 10 of 22
(0)	doing lat: 11 of 22
(0)	doing lat: 12 of 22
(0)	doing lat: 13 of 22
(0)	doing lat: 14 of 22
(0)	doing lat: 15 of 22
(0)	doing lat: 16 of 22
(0)	doing lat: 17 of 22
(0)	doing lat: 18 of 22
(0)	doing lat: 19 of 22
(0)	doing lat: 20 of 22
(0)	doing lat: 21 of 22
(0)	doing lat: 22 of 22
(0)	Starting time... 24 of 119
(0)	doing lat: 0 of 22
(0)	doing lat: 1 of 22
(0)	doing lat: 2 of 22
(0)	doing lat: 3 of 22
(0)	doing lat: 4 of 22
(0)	doing lat: 5 of 22
(0)	doing lat: 6 of 22
(0)	doing lat: 7 of 22
(0)	doing lat: 8 of 22
(0)	doing lat: 9 of 22
(0)	doing lat: 10 of 22
(0)	doing lat: 11 of 22
(0)	doing lat: 12 of 22
(0)	doing lat: 13 of 22
(0)	doing lat: 14 of 22
(0)	doing lat: 15 of 22
(0)	doing lat: 16 of 22
(0)	doing lat: 17 of 22
(0)	doing lat: 18 of 22
(0)	doing lat: 19 of 22
(0)	doing lat: 20 of 22
(0)	doing lat: 21 of 22
(0)	doing lat: 22 of 22
(0)	Starting time... 25 of 119
(0)	doing lat: 0 of 22
(0)	doing lat: 1 of 22
(0)	doing lat: 2 of 22
(0)	doing lat: 3 of 22
(0)	doing lat: 4 of 22
(0)	doing lat: 5 of 22
(0)	doing lat: 6 of 22
(0)	doing lat: 7 of 22
(0)	doing lat: 8 of 22
(0)	doing lat: 9 of 22
(0)	doing lat: 10 of 22
(0)	doing lat: 11 of 22
(0)	doing lat: 12 of 22
(0)	doing lat: 13 of 22
(0)	doing lat: 14 of 22
(0)	doing lat: 15 of 22
(0)	doing lat: 16 of 22
(0)	doing lat: 17 of 22
(0)	doing lat: 18 of 22
(0)	doing lat: 19 of 22
(0)	doing lat: 20 of 22
(0)	doing lat: 21 of 22
(0)	doing lat: 22 of 22
(0)	Starting time... 26 of 119
(0)	doing lat: 0 of 22
(0)	doing lat: 1 of 22
(0)	doing lat: 2 of 22
(0)	doing lat: 3 of 22
(0)	doing lat: 4 of 22
(0)	doing lat: 5 of 22
(0)	doing lat: 6 of 22
(0)	doing lat: 7 of 22
(0)	doing lat: 8 of 22
(0)	doing lat: 9 of 22
(0)	doing lat: 10 of 22
(0)	doing lat: 11 of 22
(0)	doing lat: 12 of 22
(0)	doing lat: 13 of 22
(0)	doing lat: 14 of 22
(0)	doing lat: 15 of 22
(0)	doing lat: 16 of 22
(0)	doing lat: 17 of 22
(0)	doing lat: 18 of 22
(0)	doing lat: 19 of 22
(0)	doing lat: 20 of 22
(0)	doing lat: 21 of 22
(0)	doing lat: 22 of 22
(0)	Starting time... 27 of 119
(0)	doing lat: 0 of 22
(0)	doing lat: 1 of 22
(0)	doing lat: 2 of 22
(0)	doing lat: 3 of 22
(0)	doing lat: 4 of 22
(0)	doing lat: 5 of 22
(0)	doing lat: 6 of 22
(0)	doing lat: 7 of 22
(0)	doing lat: 8 of 22
(0)	doing lat: 9 of 22
(0)	doing lat: 10 of 22
(0)	doing lat: 11 of 22
(0)	doing lat: 12 of 22
(0)	doing lat: 13 of 22
(0)	doing lat: 14 of 22
(0)	doing lat: 15 of 22
(0)	doing lat: 16 of 22
(0)	doing lat: 17 of 22
(0)	doing lat: 18 of 22
(0)	doing lat: 19 of 22
(0)	doing lat: 20 of 22
(0)	doing lat: 21 of 22
(0)	doing lat: 22 of 22
(0)	Starting time... 28 of 119
(0)	doing lat: 0 of 22
(0)	doing lat: 1 of 22
(0)	doing lat: 2 of 22
(0)	doing lat: 3 of 22
(0)	doing lat: 4 of 22
(0)	doing lat: 5 of 22
(0)	doing lat: 6 of 22
(0)	doing lat: 7 of 22
(0)	doing lat: 8 of 22
(0)	doing lat: 9 of 22
(0)	doing lat: 10 of 22
(0)	doing lat: 11 of 22
(0)	doing lat: 12 of 22
(0)	doing lat: 13 of 22
(0)	doing lat: 14 of 22
(0)	doing lat: 15 of 22
(0)	doing lat: 16 of 22
(0)	doing lat: 17 of 22
(0)	doing lat: 18 of 22
(0)	doing lat: 19 of 22
(0)	doing lat: 20 of 22
(0)	doing lat: 21 of 22
(0)	doing lat: 22 of 22
(0)	Starting time... 29 of 119
(0)	doing lat: 0 of 22
(0)	doing lat: 1 of 22
(0)	doing lat: 2 of 22
(0)	doing lat: 3 of 22
(0)	doing lat: 4 of 22
(0)	doing lat: 5 of 22
(0)	doing lat: 6 of 22
(0)	doing lat: 7 of 22
(0)	doing lat: 8 of 22
(0)	doing lat: 9 of 22
(0)	doing lat: 10 of 22
(0)	doing lat: 11 of 22
(0)	doing lat: 12 of 22
(0)	doing lat: 13 of 22
(0)	doing lat: 14 of 22
(0)	doing lat: 15 of 22
(0)	doing lat: 16 of 22
(0)	doing lat: 17 of 22
(0)	doing lat: 18 of 22
(0)	doing lat: 19 of 22
(0)	doing lat: 20 of 22
(0)	doing lat: 21 of 22
(0)	doing lat: 22 of 22
(0)	Starting time... 30 of 119
(0)	doing lat: 0 of 22
(0)	doing lat: 1 of 22
(0)	doing lat: 2 of 22
(0)	doing lat: 3 of 22
(0)	doing lat: 4 of 22
(0)	doing lat: 5 of 22
(0)	doing lat: 6 of 22
(0)	doing lat: 7 of 22
(0)	doing lat: 8 of 22
(0)	doing lat: 9 of 22
(0)	doing lat: 10 of 22
(0)	doing lat: 11 of 22
(0)	doing lat: 12 of 22
(0)	doing lat: 13 of 22
(0)	doing lat: 14 of 22
(0)	doing lat: 15 of 22
(0)	doing lat: 16 of 22
(0)	doing lat: 17 of 22
(0)	doing lat: 18 of 22
(0)	doing lat: 19 of 22
(0)	doing lat: 20 of 22
(0)	doing lat: 21 of 22
(0)	doing lat: 22 of 22
(0)	Starting time... 31 of 119
(0)	doing lat: 0 of 22
(0)	doing lat: 1 of 22
(0)	doing lat: 2 of 22
(0)	doing lat: 3 of 22
(0)	doing lat: 4 of 22
(0)	doing lat: 5 of 22
(0)	doing lat: 6 of 22
(0)	doing lat: 7 of 22
(0)	doing lat: 8 of 22
(0)	doing lat: 9 of 22
(0)	doing lat: 10 of 22
(0)	doing lat: 11 of 22
(0)	doing lat: 12 of 22
(0)	doing lat: 13 of 22
(0)	doing lat: 14 of 22
(0)	doing lat: 15 of 22
(0)	doing lat: 16 of 22
(0)	doing lat: 17 of 22
(0)	doing lat: 18 of 22
(0)	doing lat: 19 of 22
(0)	doing lat: 20 of 22
(0)	doing lat: 21 of 22
(0)	doing lat: 22 of 22
(0)	Starting time... 32 of 119
(0)	doing lat: 0 of 22
(0)	doing lat: 1 of 22
(0)	doing lat: 2 of 22
(0)	doing lat: 3 of 22
(0)	doing lat: 4 of 22
(0)	doing lat: 5 of 22
(0)	doing lat: 6 of 22
(0)	doing lat: 7 of 22
(0)	doing lat: 8 of 22
(0)	doing lat: 9 of 22
(0)	doing lat: 10 of 22
(0)	doing lat: 11 of 22
(0)	doing lat: 12 of 22
(0)	doing lat: 13 of 22
(0)	doing lat: 14 of 22
(0)	doing lat: 15 of 22
(0)	doing lat: 16 of 22
(0)	doing lat: 17 of 22
(0)	doing lat: 18 of 22
(0)	doing lat: 19 of 22
(0)	doing lat: 20 of 22
(0)	doing lat: 21 of 22
(0)	doing lat: 22 of 22
(0)	Starting time... 33 of 119
(0)	doing lat: 0 of 22
(0)	doing lat: 1 of 22
(0)	doing lat: 2 of 22
(0)	doing lat: 3 of 22
(0)	doing lat: 4 of 22
(0)	doing lat: 5 of 22
(0)	doing lat: 6 of 22
(0)	doing lat: 7 of 22
(0)	doing lat: 8 of 22
(0)	doing lat: 9 of 22
(0)	doing lat: 10 of 22
(0)	doing lat: 11 of 22
(0)	doing lat: 12 of 22
(0)	doing lat: 13 of 22
(0)	doing lat: 14 of 22
(0)	doing lat: 15 of 22
(0)	doing lat: 16 of 22
(0)	doing lat: 17 of 22
(0)	doing lat: 18 of 22
(0)	doing lat: 19 of 22
(0)	doing lat: 20 of 22
(0)	doing lat: 21 of 22
(0)	doing lat: 22 of 22
(0)	Starting time... 34 of 119
(0)	doing lat: 0 of 22
(0)	doing lat: 1 of 22
(0)	doing lat: 2 of 22
(0)	doing lat: 3 of 22
(0)	doing lat: 4 of 22
(0)	doing lat: 5 of 22
(0)	doing lat: 6 of 22
(0)	doing lat: 7 of 22
(0)	doing lat: 8 of 22
(0)	doing lat: 9 of 22
(0)	doing lat: 10 of 22
(0)	doing lat: 11 of 22
(0)	doing lat: 12 of 22
(0)	doing lat: 13 of 22
(0)	doing lat: 14 of 22
(0)	doing lat: 15 of 22
(0)	doing lat: 16 of 22
(0)	doing lat: 17 of 22
(0)	doing lat: 18 of 22
(0)	doing lat: 19 of 22
(0)	doing lat: 20 of 22
(0)	doing lat: 21 of 22
(0)	doing lat: 22 of 22
(0)	Starting time... 35 of 119
(0)	doing lat: 0 of 22
(0)	doing lat: 1 of 22
(0)	doing lat: 2 of 22
(0)	doing lat: 3 of 22
(0)	doing lat: 4 of 22
(0)	doing lat: 5 of 22
(0)	doing lat: 6 of 22
(0)	doing lat: 7 of 22
(0)	doing lat: 8 of 22
(0)	doing lat: 9 of 22
(0)	doing lat: 10 of 22
(0)	doing lat: 11 of 22
(0)	doing lat: 12 of 22
(0)	doing lat: 13 of 22
(0)	doing lat: 14 of 22
(0)	doing lat: 15 of 22
(0)	doing lat: 16 of 22
(0)	doing lat: 17 of 22
(0)	doing lat: 18 of 22
(0)	doing lat: 19 of 22
(0)	doing lat: 20 of 22
(0)	doing lat: 21 of 22
(0)	doing lat: 22 of 22
(0)	Starting time... 36 of 119
(0)	doing lat: 0 of 22
(0)	doing lat: 1 of 22
(0)	doing lat: 2 of 22
(0)	doing lat: 3 of 22
(0)	doing lat: 4 of 22
(0)	doing lat: 5 of 22
(0)	doing lat: 6 of 22
(0)	doing lat: 7 of 22
(0)	doing lat: 8 of 22
(0)	doing lat: 9 of 22
(0)	doing lat: 10 of 22
(0)	doing lat: 11 of 22
(0)	doing lat: 12 of 22
(0)	doing lat: 13 of 22
(0)	doing lat: 14 of 22
(0)	doing lat: 15 of 22
(0)	doing lat: 16 of 22
(0)	doing lat: 17 of 22
(0)	doing lat: 18 of 22
(0)	doing lat: 19 of 22
(0)	doing lat: 20 of 22
(0)	doing lat: 21 of 22
(0)	doing lat: 22 of 22
(0)	Starting time... 37 of 119
(0)	doing lat: 0 of 22
(0)	doing lat: 1 of 22
(0)	doing lat: 2 of 22
(0)	doing lat: 3 of 22
(0)	doing lat: 4 of 22
(0)	doing lat: 5 of 22
(0)	doing lat: 6 of 22
(0)	doing lat: 7 of 22
(0)	doing lat: 8 of 22
(0)	doing lat: 9 of 22
(0)	doing lat: 10 of 22
(0)	doing lat: 11 of 22
(0)	doing lat: 12 of 22
(0)	doing lat: 13 of 22
(0)	doing lat: 14 of 22
(0)	doing lat: 15 of 22
(0)	doing lat: 16 of 22
(0)	doing lat: 17 of 22
(0)	doing lat: 18 of 22
(0)	doing lat: 19 of 22
(0)	doing lat: 20 of 22
(0)	doing lat: 21 of 22
(0)	doing lat: 22 of 22
(0)	Starting time... 38 of 119
(0)	doing lat: 0 of 22
(0)	doing lat: 1 of 22
(0)	doing lat: 2 of 22
(0)	doing lat: 3 of 22
(0)	doing lat: 4 of 22
(0)	doing lat: 5 of 22
(0)	doing lat: 6 of 22
(0)	doing lat: 7 of 22
(0)	doing lat: 8 of 22
(0)	doing lat: 9 of 22
(0)	doing lat: 10 of 22
(0)	doing lat: 11 of 22
(0)	doing lat: 12 of 22
(0)	doing lat: 13 of 22
(0)	doing lat: 14 of 22
(0)	doing lat: 15 of 22
(0)	doing lat: 16 of 22
(0)	doing lat: 17 of 22
(0)	doing lat: 18 of 22
(0)	doing lat: 19 of 22
(0)	doing lat: 20 of 22
(0)	doing lat: 21 of 22
(0)	doing lat: 22 of 22
(0)	Starting time... 39 of 119
(0)	doing lat: 0 of 22
(0)	doing lat: 1 of 22
(0)	doing lat: 2 of 22
(0)	doing lat: 3 of 22
(0)	doing lat: 4 of 22
(0)	doing lat: 5 of 22
(0)	doing lat: 6 of 22
(0)	doing lat: 7 of 22
(0)	doing lat: 8 of 22
(0)	doing lat: 9 of 22
(0)	doing lat: 10 of 22
(0)	doing lat: 11 of 22
(0)	doing lat: 12 of 22
(0)	doing lat: 13 of 22
(0)	doing lat: 14 of 22
(0)	doing lat: 15 of 22
(0)	doing lat: 16 of 22
(0)	doing lat: 17 of 22
(0)	doing lat: 18 of 22
(0)	doing lat: 19 of 22
(0)	doing lat: 20 of 22
(0)	doing lat: 21 of 22
(0)	doing lat: 22 of 22
(0)	Starting time... 40 of 119
(0)	doing lat: 0 of 22
(0)	doing lat: 1 of 22
(0)	doing lat: 2 of 22
(0)	doing lat: 3 of 22
(0)	doing lat: 4 of 22
(0)	doing lat: 5 of 22
(0)	doing lat: 6 of 22
(0)	doing lat: 7 of 22
(0)	doing lat: 8 of 22
(0)	doing lat: 9 of 22
(0)	doing lat: 10 of 22
(0)	doing lat: 11 of 22
(0)	doing lat: 12 of 22
(0)	doing lat: 13 of 22
(0)	doing lat: 14 of 22
(0)	doing lat: 15 of 22
(0)	doing lat: 16 of 22
(0)	doing lat: 17 of 22
(0)	doing lat: 18 of 22
(0)	doing lat: 19 of 22
(0)	doing lat: 20 of 22
(0)	doing lat: 21 of 22
(0)	doing lat: 22 of 22
(0)	Starting time... 41 of 119
(0)	doing lat: 0 of 22
(0)	doing lat: 1 of 22
(0)	doing lat: 2 of 22
(0)	doing lat: 3 of 22
(0)	doing lat: 4 of 22
(0)	doing lat: 5 of 22
(0)	doing lat: 6 of 22
(0)	doing lat: 7 of 22
(0)	doing lat: 8 of 22
(0)	doing lat: 9 of 22
(0)	doing lat: 10 of 22
(0)	doing lat: 11 of 22
(0)	doing lat: 12 of 22
(0)	doing lat: 13 of 22
(0)	doing lat: 14 of 22
(0)	doing lat: 15 of 22
(0)	doing lat: 16 of 22
(0)	doing lat: 17 of 22
(0)	doing lat: 18 of 22
(0)	doing lat: 19 of 22
(0)	doing lat: 20 of 22
(0)	doing lat: 21 of 22
(0)	doing lat: 22 of 22
(0)	Starting time... 42 of 119
(0)	doing lat: 0 of 22
(0)	doing lat: 1 of 22
(0)	doing lat: 2 of 22
(0)	doing lat: 3 of 22
(0)	doing lat: 4 of 22
(0)	doing lat: 5 of 22
(0)	doing lat: 6 of 22
(0)	doing lat: 7 of 22
(0)	doing lat: 8 of 22
(0)	doing lat: 9 of 22
(0)	doing lat: 10 of 22
(0)	doing lat: 11 of 22
(0)	doing lat: 12 of 22
(0)	doing lat: 13 of 22
(0)	doing lat: 14 of 22
(0)	doing lat: 15 of 22
(0)	doing lat: 16 of 22
(0)	doing lat: 17 of 22
(0)	doing lat: 18 of 22
(0)	doing lat: 19 of 22
(0)	doing lat: 20 of 22
(0)	doing lat: 21 of 22
(0)	doing lat: 22 of 22
(0)	Starting time... 43 of 119
(0)	doing lat: 0 of 22
(0)	doing lat: 1 of 22
(0)	doing lat: 2 of 22
(0)	doing lat: 3 of 22
(0)	doing lat: 4 of 22
(0)	doing lat: 5 of 22
(0)	doing lat: 6 of 22
(0)	doing lat: 7 of 22
(0)	doing lat: 8 of 22
(0)	doing lat: 9 of 22
(0)	doing lat: 10 of 22
(0)	doing lat: 11 of 22
(0)	doing lat: 12 of 22
(0)	doing lat: 13 of 22
(0)	doing lat: 14 of 22
(0)	doing lat: 15 of 22
(0)	doing lat: 16 of 22
(0)	doing lat: 17 of 22
(0)	doing lat: 18 of 22
(0)	doing lat: 19 of 22
(0)	doing lat: 20 of 22
(0)	doing lat: 21 of 22
(0)	doing lat: 22 of 22
(0)	Starting time... 44 of 119
(0)	doing lat: 0 of 22
(0)	doing lat: 1 of 22
(0)	doing lat: 2 of 22
(0)	doing lat: 3 of 22
(0)	doing lat: 4 of 22
(0)	doing lat: 5 of 22
(0)	doing lat: 6 of 22
(0)	doing lat: 7 of 22
(0)	doing lat: 8 of 22
(0)	doing lat: 9 of 22
(0)	doing lat: 10 of 22
(0)	doing lat: 11 of 22
(0)	doing lat: 12 of 22
(0)	doing lat: 13 of 22
(0)	doing lat: 14 of 22
(0)	doing lat: 15 of 22
(0)	doing lat: 16 of 22
(0)	doing lat: 17 of 22
(0)	doing lat: 18 of 22
(0)	doing lat: 19 of 22
(0)	doing lat: 20 of 22
(0)	doing lat: 21 of 22
(0)	doing lat: 22 of 22
(0)	Starting time... 45 of 119
(0)	doing lat: 0 of 22
(0)	doing lat: 1 of 22
(0)	doing lat: 2 of 22
(0)	doing lat: 3 of 22
(0)	doing lat: 4 of 22
(0)	doing lat: 5 of 22
(0)	doing lat: 6 of 22
(0)	doing lat: 7 of 22
(0)	doing lat: 8 of 22
(0)	doing lat: 9 of 22
(0)	doing lat: 10 of 22
(0)	doing lat: 11 of 22
(0)	doing lat: 12 of 22
(0)	doing lat: 13 of 22
(0)	doing lat: 14 of 22
(0)	doing lat: 15 of 22
(0)	doing lat: 16 of 22
(0)	doing lat: 17 of 22
(0)	doing lat: 18 of 22
(0)	doing lat: 19 of 22
(0)	doing lat: 20 of 22
(0)	doing lat: 21 of 22
(0)	doing lat: 22 of 22
(0)	Starting time... 46 of 119
(0)	doing lat: 0 of 22
(0)	doing lat: 1 of 22
(0)	doing lat: 2 of 22
(0)	doing lat: 3 of 22
(0)	doing lat: 4 of 22
(0)	doing lat: 5 of 22
(0)	doing lat: 6 of 22
(0)	doing lat: 7 of 22
(0)	doing lat: 8 of 22
(0)	doing lat: 9 of 22
(0)	doing lat: 10 of 22
(0)	doing lat: 11 of 22
(0)	doing lat: 12 of 22
(0)	doing lat: 13 of 22
(0)	doing lat: 14 of 22
(0)	doing lat: 15 of 22
(0)	doing lat: 16 of 22
(0)	doing lat: 17 of 22
(0)	doing lat: 18 of 22
(0)	doing lat: 19 of 22
(0)	doing lat: 20 of 22
(0)	doing lat: 21 of 22
(0)	doing lat: 22 of 22
(0)	Starting time... 47 of 119
(0)	doing lat: 0 of 22
(0)	doing lat: 1 of 22
(0)	doing lat: 2 of 22
(0)	doing lat: 3 of 22
(0)	doing lat: 4 of 22
(0)	doing lat: 5 of 22
(0)	doing lat: 6 of 22
(0)	doing lat: 7 of 22
(0)	doing lat: 8 of 22
(0)	doing lat: 9 of 22
(0)	doing lat: 10 of 22
(0)	doing lat: 11 of 22
(0)	doing lat: 12 of 22
(0)	doing lat: 13 of 22
(0)	doing lat: 14 of 22
(0)	doing lat: 15 of 22
(0)	doing lat: 16 of 22
(0)	doing lat: 17 of 22
(0)	doing lat: 18 of 22
(0)	doing lat: 19 of 22
(0)	doing lat: 20 of 22
(0)	doing lat: 21 of 22
(0)	doing lat: 22 of 22
(0)	Starting time... 48 of 119
(0)	doing lat: 0 of 22
(0)	doing lat: 1 of 22
(0)	doing lat: 2 of 22
(0)	doing lat: 3 of 22
(0)	doing lat: 4 of 22
(0)	doing lat: 5 of 22
(0)	doing lat: 6 of 22
(0)	doing lat: 7 of 22
(0)	doing lat: 8 of 22
(0)	doing lat: 9 of 22
(0)	doing lat: 10 of 22
(0)	doing lat: 11 of 22
(0)	doing lat: 12 of 22
(0)	doing lat: 13 of 22
(0)	doing lat: 14 of 22
(0)	doing lat: 15 of 22
(0)	doing lat: 16 of 22
(0)	doing lat: 17 of 22
(0)	doing lat: 18 of 22
(0)	doing lat: 19 of 22
(0)	doing lat: 20 of 22
(0)	doing lat: 21 of 22
(0)	doing lat: 22 of 22
(0)	Starting time... 49 of 119
(0)	doing lat: 0 of 22
(0)	doing lat: 1 of 22
(0)	doing lat: 2 of 22
(0)	doing lat: 3 of 22
(0)	doing lat: 4 of 22
(0)	doing lat: 5 of 22
(0)	doing lat: 6 of 22
(0)	doing lat: 7 of 22
(0)	doing lat: 8 of 22
(0)	doing lat: 9 of 22
(0)	doing lat: 10 of 22
(0)	doing lat: 11 of 22
(0)	doing lat: 12 of 22
(0)	doing lat: 13 of 22
(0)	doing lat: 14 of 22
(0)	doing lat: 15 of 22
(0)	doing lat: 16 of 22
(0)	doing lat: 17 of 22
(0)	doing lat: 18 of 22
(0)	doing lat: 19 of 22
(0)	doing lat: 20 of 22
(0)	doing lat: 21 of 22
(0)	doing lat: 22 of 22
(0)	Starting time... 50 of 119
(0)	doing lat: 0 of 22
(0)	doing lat: 1 of 22
(0)	doing lat: 2 of 22
(0)	doing lat: 3 of 22
(0)	doing lat: 4 of 22
(0)	doing lat: 5 of 22
(0)	doing lat: 6 of 22
(0)	doing lat: 7 of 22
(0)	doing lat: 8 of 22
(0)	doing lat: 9 of 22
(0)	doing lat: 10 of 22
(0)	doing lat: 11 of 22
(0)	doing lat: 12 of 22
(0)	doing lat: 13 of 22
(0)	doing lat: 14 of 22
(0)	doing lat: 15 of 22
(0)	doing lat: 16 of 22
(0)	doing lat: 17 of 22
(0)	doing lat: 18 of 22
(0)	doing lat: 19 of 22
(0)	doing lat: 20 of 22
(0)	doing lat: 21 of 22
(0)	doing lat: 22 of 22
(0)	Starting time... 51 of 119
(0)	doing lat: 0 of 22
(0)	doing lat: 1 of 22
(0)	doing lat: 2 of 22
(0)	doing lat: 3 of 22
(0)	doing lat: 4 of 22
(0)	doing lat: 5 of 22
(0)	doing lat: 6 of 22
(0)	doing lat: 7 of 22
(0)	doing lat: 8 of 22
(0)	doing lat: 9 of 22
(0)	doing lat: 10 of 22
(0)	doing lat: 11 of 22
(0)	doing lat: 12 of 22
(0)	doing lat: 13 of 22
(0)	doing lat: 14 of 22
(0)	doing lat: 15 of 22
(0)	doing lat: 16 of 22
(0)	doing lat: 17 of 22
(0)	doing lat: 18 of 22
(0)	doing lat: 19 of 22
(0)	doing lat: 20 of 22
(0)	doing lat: 21 of 22
(0)	doing lat: 22 of 22
(0)	Starting time... 52 of 119
(0)	doing lat: 0 of 22
(0)	doing lat: 1 of 22
(0)	doing lat: 2 of 22
(0)	doing lat: 3 of 22
(0)	doing lat: 4 of 22
(0)	doing lat: 5 of 22
(0)	doing lat: 6 of 22
(0)	doing lat: 7 of 22
(0)	doing lat: 8 of 22
(0)	doing lat: 9 of 22
(0)	doing lat: 10 of 22
(0)	doing lat: 11 of 22
(0)	doing lat: 12 of 22
(0)	doing lat: 13 of 22
(0)	doing lat: 14 of 22
(0)	doing lat: 15 of 22
(0)	doing lat: 16 of 22
(0)	doing lat: 17 of 22
(0)	doing lat: 18 of 22
(0)	doing lat: 19 of 22
(0)	doing lat: 20 of 22
(0)	doing lat: 21 of 22
(0)	doing lat: 22 of 22
(0)	Starting time... 53 of 119
(0)	doing lat: 0 of 22
(0)	doing lat: 1 of 22
(0)	doing lat: 2 of 22
(0)	doing lat: 3 of 22
(0)	doing lat: 4 of 22
(0)	doing lat: 5 of 22
(0)	doing lat: 6 of 22
(0)	doing lat: 7 of 22
(0)	doing lat: 8 of 22
(0)	doing lat: 9 of 22
(0)	doing lat: 10 of 22
(0)	doing lat: 11 of 22
(0)	doing lat: 12 of 22
(0)	doing lat: 13 of 22
(0)	doing lat: 14 of 22
(0)	doing lat: 15 of 22
(0)	doing lat: 16 of 22
(0)	doing lat: 17 of 22
(0)	doing lat: 18 of 22
(0)	doing lat: 19 of 22
(0)	doing lat: 20 of 22
(0)	doing lat: 21 of 22
(0)	doing lat: 22 of 22
(0)	Starting time... 54 of 119
(0)	doing lat: 0 of 22
(0)	doing lat: 1 of 22
(0)	doing lat: 2 of 22
(0)	doing lat: 3 of 22
(0)	doing lat: 4 of 22
(0)	doing lat: 5 of 22
(0)	doing lat: 6 of 22
(0)	doing lat: 7 of 22
(0)	doing lat: 8 of 22
(0)	doing lat: 9 of 22
(0)	doing lat: 10 of 22
(0)	doing lat: 11 of 22
(0)	doing lat: 12 of 22
(0)	doing lat: 13 of 22
(0)	doing lat: 14 of 22
(0)	doing lat: 15 of 22
(0)	doing lat: 16 of 22
(0)	doing lat: 17 of 22
(0)	doing lat: 18 of 22
(0)	doing lat: 19 of 22
(0)	doing lat: 20 of 22
(0)	doing lat: 21 of 22
(0)	doing lat: 22 of 22
(0)	Starting time... 55 of 119
(0)	doing lat: 0 of 22
(0)	doing lat: 1 of 22
(0)	doing lat: 2 of 22
(0)	doing lat: 3 of 22
(0)	doing lat: 4 of 22
(0)	doing lat: 5 of 22
(0)	doing lat: 6 of 22
(0)	doing lat: 7 of 22
(0)	doing lat: 8 of 22
(0)	doing lat: 9 of 22
(0)	doing lat: 10 of 22
(0)	doing lat: 11 of 22
(0)	doing lat: 12 of 22
(0)	doing lat: 13 of 22
(0)	doing lat: 14 of 22
(0)	doing lat: 15 of 22
(0)	doing lat: 16 of 22
(0)	doing lat: 17 of 22
(0)	doing lat: 18 of 22
(0)	doing lat: 19 of 22
(0)	doing lat: 20 of 22
(0)	doing lat: 21 of 22
(0)	doing lat: 22 of 22
(0)	Starting time... 56 of 119
(0)	doing lat: 0 of 22
(0)	doing lat: 1 of 22
(0)	doing lat: 2 of 22
(0)	doing lat: 3 of 22
(0)	doing lat: 4 of 22
(0)	doing lat: 5 of 22
(0)	doing lat: 6 of 22
(0)	doing lat: 7 of 22
(0)	doing lat: 8 of 22
(0)	doing lat: 9 of 22
(0)	doing lat: 10 of 22
(0)	doing lat: 11 of 22
(0)	doing lat: 12 of 22
(0)	doing lat: 13 of 22
(0)	doing lat: 14 of 22
(0)	doing lat: 15 of 22
(0)	doing lat: 16 of 22
(0)	doing lat: 17 of 22
(0)	doing lat: 18 of 22
(0)	doing lat: 19 of 22
(0)	doing lat: 20 of 22
(0)	doing lat: 21 of 22
(0)	doing lat: 22 of 22
(0)	Starting time... 57 of 119
(0)	doing lat: 0 of 22
(0)	doing lat: 1 of 22
(0)	doing lat: 2 of 22
(0)	doing lat: 3 of 22
(0)	doing lat: 4 of 22
(0)	doing lat: 5 of 22
(0)	doing lat: 6 of 22
(0)	doing lat: 7 of 22
(0)	doing lat: 8 of 22
(0)	doing lat: 9 of 22
(0)	doing lat: 10 of 22
(0)	doing lat: 11 of 22
(0)	doing lat: 12 of 22
(0)	doing lat: 13 of 22
(0)	doing lat: 14 of 22
(0)	doing lat: 15 of 22
(0)	doing lat: 16 of 22
(0)	doing lat: 17 of 22
(0)	doing lat: 18 of 22
(0)	doing lat: 19 of 22
(0)	doing lat: 20 of 22
(0)	doing lat: 21 of 22
(0)	doing lat: 22 of 22
(0)	Starting time... 58 of 119
(0)	doing lat: 0 of 22
(0)	doing lat: 1 of 22
(0)	doing lat: 2 of 22
(0)	doing lat: 3 of 22
(0)	doing lat: 4 of 22
(0)	doing lat: 5 of 22
(0)	doing lat: 6 of 22
(0)	doing lat: 7 of 22
(0)	doing lat: 8 of 22
(0)	doing lat: 9 of 22
(0)	doing lat: 10 of 22
(0)	doing lat: 11 of 22
(0)	doing lat: 12 of 22
(0)	doing lat: 13 of 22
(0)	doing lat: 14 of 22
(0)	doing lat: 15 of 22
(0)	doing lat: 16 of 22
(0)	doing lat: 17 of 22
(0)	doing lat: 18 of 22
(0)	doing lat: 19 of 22
(0)	doing lat: 20 of 22
(0)	doing lat: 21 of 22
(0)	doing lat: 22 of 22
(0)	Starting time... 59 of 119
(0)	doing lat: 0 of 22
(0)	doing lat: 1 of 22
(0)	doing lat: 2 of 22
(0)	doing lat: 3 of 22
(0)	doing lat: 4 of 22
(0)	doing lat: 5 of 22
(0)	doing lat: 6 of 22
(0)	doing lat: 7 of 22
(0)	doing lat: 8 of 22
(0)	doing lat: 9 of 22
(0)	doing lat: 10 of 22
(0)	doing lat: 11 of 22
(0)	doing lat: 12 of 22
(0)	doing lat: 13 of 22
(0)	doing lat: 14 of 22
(0)	doing lat: 15 of 22
(0)	doing lat: 16 of 22
(0)	doing lat: 17 of 22
(0)	doing lat: 18 of 22
(0)	doing lat: 19 of 22
(0)	doing lat: 20 of 22
(0)	doing lat: 21 of 22
(0)	doing lat: 22 of 22
(0)	Starting time... 60 of 119
(0)	doing lat: 0 of 22
(0)	doing lat: 1 of 22
(0)	doing lat: 2 of 22
(0)	doing lat: 3 of 22
(0)	doing lat: 4 of 22
(0)	doing lat: 5 of 22
(0)	doing lat: 6 of 22
(0)	doing lat: 7 of 22
(0)	doing lat: 8 of 22
(0)	doing lat: 9 of 22
(0)	doing lat: 10 of 22
(0)	doing lat: 11 of 22
(0)	doing lat: 12 of 22
(0)	doing lat: 13 of 22
(0)	doing lat: 14 of 22
(0)	doing lat: 15 of 22
(0)	doing lat: 16 of 22
(0)	doing lat: 17 of 22
(0)	doing lat: 18 of 22
(0)	doing lat: 19 of 22
(0)	doing lat: 20 of 22
(0)	doing lat: 21 of 22
(0)	doing lat: 22 of 22
(0)	Starting time... 61 of 119
(0)	doing lat: 0 of 22
(0)	doing lat: 1 of 22
(0)	doing lat: 2 of 22
(0)	doing lat: 3 of 22
(0)	doing lat: 4 of 22
(0)	doing lat: 5 of 22
(0)	doing lat: 6 of 22
(0)	doing lat: 7 of 22
(0)	doing lat: 8 of 22
(0)	doing lat: 9 of 22
(0)	doing lat: 10 of 22
(0)	doing lat: 11 of 22
(0)	doing lat: 12 of 22
(0)	doing lat: 13 of 22
(0)	doing lat: 14 of 22
(0)	doing lat: 15 of 22
(0)	doing lat: 16 of 22
(0)	doing lat: 17 of 22
(0)	doing lat: 18 of 22
(0)	doing lat: 19 of 22
(0)	doing lat: 20 of 22
(0)	doing lat: 21 of 22
(0)	doing lat: 22 of 22
(0)	Starting time... 62 of 119
(0)	doing lat: 0 of 22
(0)	doing lat: 1 of 22
(0)	doing lat: 2 of 22
(0)	doing lat: 3 of 22
(0)	doing lat: 4 of 22
(0)	doing lat: 5 of 22
(0)	doing lat: 6 of 22
(0)	doing lat: 7 of 22
(0)	doing lat: 8 of 22
(0)	doing lat: 9 of 22
(0)	doing lat: 10 of 22
(0)	doing lat: 11 of 22
(0)	doing lat: 12 of 22
(0)	doing lat: 13 of 22
(0)	doing lat: 14 of 22
(0)	doing lat: 15 of 22
(0)	doing lat: 16 of 22
(0)	doing lat: 17 of 22
(0)	doing lat: 18 of 22
(0)	doing lat: 19 of 22
(0)	doing lat: 20 of 22
(0)	doing lat: 21 of 22
(0)	doing lat: 22 of 22
(0)	Starting time... 63 of 119
(0)	doing lat: 0 of 22
(0)	doing lat: 1 of 22
(0)	doing lat: 2 of 22
(0)	doing lat: 3 of 22
(0)	doing lat: 4 of 22
(0)	doing lat: 5 of 22
(0)	doing lat: 6 of 22
(0)	doing lat: 7 of 22
(0)	doing lat: 8 of 22
(0)	doing lat: 9 of 22
(0)	doing lat: 10 of 22
(0)	doing lat: 11 of 22
(0)	doing lat: 12 of 22
(0)	doing lat: 13 of 22
(0)	doing lat: 14 of 22
(0)	doing lat: 15 of 22
(0)	doing lat: 16 of 22
(0)	doing lat: 17 of 22
(0)	doing lat: 18 of 22
(0)	doing lat: 19 of 22
(0)	doing lat: 20 of 22
(0)	doing lat: 21 of 22
(0)	doing lat: 22 of 22
(0)	Starting time... 64 of 119
(0)	doing lat: 0 of 22
(0)	doing lat: 1 of 22
(0)	doing lat: 2 of 22
(0)	doing lat: 3 of 22
(0)	doing lat: 4 of 22
(0)	doing lat: 5 of 22
(0)	doing lat: 6 of 22
(0)	doing lat: 7 of 22
(0)	doing lat: 8 of 22
(0)	doing lat: 9 of 22
(0)	doing lat: 10 of 22
(0)	doing lat: 11 of 22
(0)	doing lat: 12 of 22
(0)	doing lat: 13 of 22
(0)	doing lat: 14 of 22
(0)	doing lat: 15 of 22
(0)	doing lat: 16 of 22
(0)	doing lat: 17 of 22
(0)	doing lat: 18 of 22
(0)	doing lat: 19 of 22
(0)	doing lat: 20 of 22
(0)	doing lat: 21 of 22
(0)	doing lat: 22 of 22
(0)	Starting time... 65 of 119
(0)	doing lat: 0 of 22
(0)	doing lat: 1 of 22
(0)	doing lat: 2 of 22
(0)	doing lat: 3 of 22
(0)	doing lat: 4 of 22
(0)	doing lat: 5 of 22
(0)	doing lat: 6 of 22
(0)	doing lat: 7 of 22
(0)	doing lat: 8 of 22
(0)	doing lat: 9 of 22
(0)	doing lat: 10 of 22
(0)	doing lat: 11 of 22
(0)	doing lat: 12 of 22
(0)	doing lat: 13 of 22
(0)	doing lat: 14 of 22
(0)	doing lat: 15 of 22
(0)	doing lat: 16 of 22
(0)	doing lat: 17 of 22
(0)	doing lat: 18 of 22
(0)	doing lat: 19 of 22
(0)	doing lat: 20 of 22
(0)	doing lat: 21 of 22
(0)	doing lat: 22 of 22
(0)	Starting time... 66 of 119
(0)	doing lat: 0 of 22
(0)	doing lat: 1 of 22
(0)	doing lat: 2 of 22
(0)	doing lat: 3 of 22
(0)	doing lat: 4 of 22
(0)	doing lat: 5 of 22
(0)	doing lat: 6 of 22
(0)	doing lat: 7 of 22
(0)	doing lat: 8 of 22
(0)	doing lat: 9 of 22
(0)	doing lat: 10 of 22
(0)	doing lat: 11 of 22
(0)	doing lat: 12 of 22
(0)	doing lat: 13 of 22
(0)	doing lat: 14 of 22
(0)	doing lat: 15 of 22
(0)	doing lat: 16 of 22
(0)	doing lat: 17 of 22
(0)	doing lat: 18 of 22
(0)	doing lat: 19 of 22
(0)	doing lat: 20 of 22
(0)	doing lat: 21 of 22
(0)	doing lat: 22 of 22
(0)	Starting time... 67 of 119
(0)	doing lat: 0 of 22
(0)	doing lat: 1 of 22
(0)	doing lat: 2 of 22
(0)	doing lat: 3 of 22
(0)	doing lat: 4 of 22
(0)	doing lat: 5 of 22
(0)	doing lat: 6 of 22
(0)	doing lat: 7 of 22
(0)	doing lat: 8 of 22
(0)	doing lat: 9 of 22
(0)	doing lat: 10 of 22
(0)	doing lat: 11 of 22
(0)	doing lat: 12 of 22
(0)	doing lat: 13 of 22
(0)	doing lat: 14 of 22
(0)	doing lat: 15 of 22
(0)	doing lat: 16 of 22
(0)	doing lat: 17 of 22
(0)	doing lat: 18 of 22
(0)	doing lat: 19 of 22
(0)	doing lat: 20 of 22
(0)	doing lat: 21 of 22
(0)	doing lat: 22 of 22
(0)	Starting time... 68 of 119
(0)	doing lat: 0 of 22
(0)	doing lat: 1 of 22
(0)	doing lat: 2 of 22
(0)	doing lat: 3 of 22
(0)	doing lat: 4 of 22
(0)	doing lat: 5 of 22
(0)	doing lat: 6 of 22
(0)	doing lat: 7 of 22
(0)	doing lat: 8 of 22
(0)	doing lat: 9 of 22
(0)	doing lat: 10 of 22
(0)	doing lat: 11 of 22
(0)	doing lat: 12 of 22
(0)	doing lat: 13 of 22
(0)	doing lat: 14 of 22
(0)	doing lat: 15 of 22
(0)	doing lat: 16 of 22
(0)	doing lat: 17 of 22
(0)	doing lat: 18 of 22
(0)	doing lat: 19 of 22
(0)	doing lat: 20 of 22
(0)	doing lat: 21 of 22
(0)	doing lat: 22 of 22
(0)	Starting time... 69 of 119
(0)	doing lat: 0 of 22
(0)	doing lat: 1 of 22
(0)	doing lat: 2 of 22
(0)	doing lat: 3 of 22
(0)	doing lat: 4 of 22
(0)	doing lat: 5 of 22
(0)	doing lat: 6 of 22
(0)	doing lat: 7 of 22
(0)	doing lat: 8 of 22
(0)	doing lat: 9 of 22
(0)	doing lat: 10 of 22
(0)	doing lat: 11 of 22
(0)	doing lat: 12 of 22
(0)	doing lat: 13 of 22
(0)	doing lat: 14 of 22
(0)	doing lat: 15 of 22
(0)	doing lat: 16 of 22
(0)	doing lat: 17 of 22
(0)	doing lat: 18 of 22
(0)	doing lat: 19 of 22
(0)	doing lat: 20 of 22
(0)	doing lat: 21 of 22
(0)	doing lat: 22 of 22
(0)	Starting time... 70 of 119
(0)	doing lat: 0 of 22
(0)	doing lat: 1 of 22
(0)	doing lat: 2 of 22
(0)	doing lat: 3 of 22
(0)	doing lat: 4 of 22
(0)	doing lat: 5 of 22
(0)	doing lat: 6 of 22
(0)	doing lat: 7 of 22
(0)	doing lat: 8 of 22
(0)	doing lat: 9 of 22
(0)	doing lat: 10 of 22
(0)	doing lat: 11 of 22
(0)	doing lat: 12 of 22
(0)	doing lat: 13 of 22
(0)	doing lat: 14 of 22
(0)	doing lat: 15 of 22
(0)	doing lat: 16 of 22
(0)	doing lat: 17 of 22
(0)	doing lat: 18 of 22
(0)	doing lat: 19 of 22
(0)	doing lat: 20 of 22
(0)	doing lat: 21 of 22
(0)	doing lat: 22 of 22
(0)	Starting time... 71 of 119
(0)	doing lat: 0 of 22
(0)	doing lat: 1 of 22
(0)	doing lat: 2 of 22
(0)	doing lat: 3 of 22
(0)	doing lat: 4 of 22
(0)	doing lat: 5 of 22
(0)	doing lat: 6 of 22
(0)	doing lat: 7 of 22
(0)	doing lat: 8 of 22
(0)	doing lat: 9 of 22
(0)	doing lat: 10 of 22
(0)	doing lat: 11 of 22
(0)	doing lat: 12 of 22
(0)	doing lat: 13 of 22
(0)	doing lat: 14 of 22
(0)	doing lat: 15 of 22
(0)	doing lat: 16 of 22
(0)	doing lat: 17 of 22
(0)	doing lat: 18 of 22
(0)	doing lat: 19 of 22
(0)	doing lat: 20 of 22
(0)	doing lat: 21 of 22
(0)	doing lat: 22 of 22
(0)	Starting time... 72 of 119
(0)	doing lat: 0 of 22
(0)	doing lat: 1 of 22
(0)	doing lat: 2 of 22
(0)	doing lat: 3 of 22
(0)	doing lat: 4 of 22
(0)	doing lat: 5 of 22
(0)	doing lat: 6 of 22
(0)	doing lat: 7 of 22
(0)	doing lat: 8 of 22
(0)	doing lat: 9 of 22
(0)	doing lat: 10 of 22
(0)	doing lat: 11 of 22
(0)	doing lat: 12 of 22
(0)	doing lat: 13 of 22
(0)	doing lat: 14 of 22
(0)	doing lat: 15 of 22
(0)	doing lat: 16 of 22
(0)	doing lat: 17 of 22
(0)	doing lat: 18 of 22
(0)	doing lat: 19 of 22
(0)	doing lat: 20 of 22
(0)	doing lat: 21 of 22
(0)	doing lat: 22 of 22
(0)	Starting time... 73 of 119
(0)	doing lat: 0 of 22
(0)	doing lat: 1 of 22
(0)	doing lat: 2 of 22
(0)	doing lat: 3 of 22
(0)	doing lat: 4 of 22
(0)	doing lat: 5 of 22
(0)	doing lat: 6 of 22
(0)	doing lat: 7 of 22
(0)	doing lat: 8 of 22
(0)	doing lat: 9 of 22
(0)	doing lat: 10 of 22
(0)	doing lat: 11 of 22
(0)	doing lat: 12 of 22
(0)	doing lat: 13 of 22
(0)	doing lat: 14 of 22
(0)	doing lat: 15 of 22
(0)	doing lat: 16 of 22
(0)	doing lat: 17 of 22
(0)	doing lat: 18 of 22
(0)	doing lat: 19 of 22
(0)	doing lat: 20 of 22
(0)	doing lat: 21 of 22
(0)	doing lat: 22 of 22
(0)	Starting time... 74 of 119
(0)	doing lat: 0 of 22
(0)	doing lat: 1 of 22
(0)	doing lat: 2 of 22
(0)	doing lat: 3 of 22
(0)	doing lat: 4 of 22
(0)	doing lat: 5 of 22
(0)	doing lat: 6 of 22
(0)	doing lat: 7 of 22
(0)	doing lat: 8 of 22
(0)	doing lat: 9 of 22
(0)	doing lat: 10 of 22
(0)	doing lat: 11 of 22
(0)	doing lat: 12 of 22
(0)	doing lat: 13 of 22
(0)	doing lat: 14 of 22
(0)	doing lat: 15 of 22
(0)	doing lat: 16 of 22
(0)	doing lat: 17 of 22
(0)	doing lat: 18 of 22
(0)	doing lat: 19 of 22
(0)	doing lat: 20 of 22
(0)	doing lat: 21 of 22
(0)	doing lat: 22 of 22
(0)	Starting time... 75 of 119
(0)	doing lat: 0 of 22
(0)	doing lat: 1 of 22
(0)	doing lat: 2 of 22
(0)	doing lat: 3 of 22
(0)	doing lat: 4 of 22
(0)	doing lat: 5 of 22
(0)	doing lat: 6 of 22
(0)	doing lat: 7 of 22
(0)	doing lat: 8 of 22
(0)	doing lat: 9 of 22
(0)	doing lat: 10 of 22
(0)	doing lat: 11 of 22
(0)	doing lat: 12 of 22
(0)	doing lat: 13 of 22
(0)	doing lat: 14 of 22
(0)	doing lat: 15 of 22
(0)	doing lat: 16 of 22
(0)	doing lat: 17 of 22
(0)	doing lat: 18 of 22
(0)	doing lat: 19 of 22
(0)	doing lat: 20 of 22
(0)	doing lat: 21 of 22
(0)	doing lat: 22 of 22
(0)	Starting time... 76 of 119
(0)	doing lat: 0 of 22
(0)	doing lat: 1 of 22
(0)	doing lat: 2 of 22
(0)	doing lat: 3 of 22
(0)	doing lat: 4 of 22
(0)	doing lat: 5 of 22
(0)	doing lat: 6 of 22
(0)	doing lat: 7 of 22
(0)	doing lat: 8 of 22
(0)	doing lat: 9 of 22
(0)	doing lat: 10 of 22
(0)	doing lat: 11 of 22
(0)	doing lat: 12 of 22
(0)	doing lat: 13 of 22
(0)	doing lat: 14 of 22
(0)	doing lat: 15 of 22
(0)	doing lat: 16 of 22
(0)	doing lat: 17 of 22
(0)	doing lat: 18 of 22
(0)	doing lat: 19 of 22
(0)	doing lat: 20 of 22
(0)	doing lat: 21 of 22
(0)	doing lat: 22 of 22
(0)	Starting time... 77 of 119
(0)	doing lat: 0 of 22
(0)	doing lat: 1 of 22
(0)	doing lat: 2 of 22
(0)	doing lat: 3 of 22
(0)	doing lat: 4 of 22
(0)	doing lat: 5 of 22
(0)	doing lat: 6 of 22
(0)	doing lat: 7 of 22
(0)	doing lat: 8 of 22
(0)	doing lat: 9 of 22
(0)	doing lat: 10 of 22
(0)	doing lat: 11 of 22
(0)	doing lat: 12 of 22
(0)	doing lat: 13 of 22
(0)	doing lat: 14 of 22
(0)	doing lat: 15 of 22
(0)	doing lat: 16 of 22
(0)	doing lat: 17 of 22
(0)	doing lat: 18 of 22
(0)	doing lat: 19 of 22
(0)	doing lat: 20 of 22
(0)	doing lat: 21 of 22
(0)	doing lat: 22 of 22
(0)	Starting time... 78 of 119
(0)	doing lat: 0 of 22
(0)	doing lat: 1 of 22
(0)	doing lat: 2 of 22
(0)	doing lat: 3 of 22
(0)	doing lat: 4 of 22
(0)	doing lat: 5 of 22
(0)	doing lat: 6 of 22
(0)	doing lat: 7 of 22
(0)	doing lat: 8 of 22
(0)	doing lat: 9 of 22
(0)	doing lat: 10 of 22
(0)	doing lat: 11 of 22
(0)	doing lat: 12 of 22
(0)	doing lat: 13 of 22
(0)	doing lat: 14 of 22
(0)	doing lat: 15 of 22
(0)	doing lat: 16 of 22
(0)	doing lat: 17 of 22
(0)	doing lat: 18 of 22
(0)	doing lat: 19 of 22
(0)	doing lat: 20 of 22
(0)	doing lat: 21 of 22
(0)	doing lat: 22 of 22
(0)	Starting time... 79 of 119
(0)	doing lat: 0 of 22
(0)	doing lat: 1 of 22
(0)	doing lat: 2 of 22
(0)	doing lat: 3 of 22
(0)	doing lat: 4 of 22
(0)	doing lat: 5 of 22
(0)	doing lat: 6 of 22
(0)	doing lat: 7 of 22
(0)	doing lat: 8 of 22
(0)	doing lat: 9 of 22
(0)	doing lat: 10 of 22
(0)	doing lat: 11 of 22
(0)	doing lat: 12 of 22
(0)	doing lat: 13 of 22
(0)	doing lat: 14 of 22
(0)	doing lat: 15 of 22
(0)	doing lat: 16 of 22
(0)	doing lat: 17 of 22
(0)	doing lat: 18 of 22
(0)	doing lat: 19 of 22
(0)	doing lat: 20 of 22
(0)	doing lat: 21 of 22
(0)	doing lat: 22 of 22
(0)	Starting time... 80 of 119
(0)	doing lat: 0 of 22
(0)	doing lat: 1 of 22
(0)	doing lat: 2 of 22
(0)	doing lat: 3 of 22
(0)	doing lat: 4 of 22
(0)	doing lat: 5 of 22
(0)	doing lat: 6 of 22
(0)	doing lat: 7 of 22
(0)	doing lat: 8 of 22
(0)	doing lat: 9 of 22
(0)	doing lat: 10 of 22
(0)	doing lat: 11 of 22
(0)	doing lat: 12 of 22
(0)	doing lat: 13 of 22
(0)	doing lat: 14 of 22
(0)	doing lat: 15 of 22
(0)	doing lat: 16 of 22
(0)	doing lat: 17 of 22
(0)	doing lat: 18 of 22
(0)	doing lat: 19 of 22
(0)	doing lat: 20 of 22
(0)	doing lat: 21 of 22
(0)	doing lat: 22 of 22
(0)	Starting time... 81 of 119
(0)	doing lat: 0 of 22
(0)	doing lat: 1 of 22
(0)	doing lat: 2 of 22
(0)	doing lat: 3 of 22
(0)	doing lat: 4 of 22
(0)	doing lat: 5 of 22
(0)	doing lat: 6 of 22
(0)	doing lat: 7 of 22
(0)	doing lat: 8 of 22
(0)	doing lat: 9 of 22
(0)	doing lat: 10 of 22
(0)	doing lat: 11 of 22
(0)	doing lat: 12 of 22
(0)	doing lat: 13 of 22
(0)	doing lat: 14 of 22
(0)	doing lat: 15 of 22
(0)	doing lat: 16 of 22
(0)	doing lat: 17 of 22
(0)	doing lat: 18 of 22
(0)	doing lat: 19 of 22
(0)	doing lat: 20 of 22
(0)	doing lat: 21 of 22
(0)	doing lat: 22 of 22
(0)	Starting time... 82 of 119
(0)	doing lat: 0 of 22
(0)	doing lat: 1 of 22
(0)	doing lat: 2 of 22
(0)	doing lat: 3 of 22
(0)	doing lat: 4 of 22
(0)	doing lat: 5 of 22
(0)	doing lat: 6 of 22
(0)	doing lat: 7 of 22
(0)	doing lat: 8 of 22
(0)	doing lat: 9 of 22
(0)	doing lat: 10 of 22
(0)	doing lat: 11 of 22
(0)	doing lat: 12 of 22
(0)	doing lat: 13 of 22
(0)	doing lat: 14 of 22
(0)	doing lat: 15 of 22
(0)	doing lat: 16 of 22
(0)	doing lat: 17 of 22
(0)	doing lat: 18 of 22
(0)	doing lat: 19 of 22
(0)	doing lat: 20 of 22
(0)	doing lat: 21 of 22
(0)	doing lat: 22 of 22
(0)	Starting time... 83 of 119
(0)	doing lat: 0 of 22
(0)	doing lat: 1 of 22
(0)	doing lat: 2 of 22
(0)	doing lat: 3 of 22
(0)	doing lat: 4 of 22
(0)	doing lat: 5 of 22
(0)	doing lat: 6 of 22
(0)	doing lat: 7 of 22
(0)	doing lat: 8 of 22
(0)	doing lat: 9 of 22
(0)	doing lat: 10 of 22
(0)	doing lat: 11 of 22
(0)	doing lat: 12 of 22
(0)	doing lat: 13 of 22
(0)	doing lat: 14 of 22
(0)	doing lat: 15 of 22
(0)	doing lat: 16 of 22
(0)	doing lat: 17 of 22
(0)	doing lat: 18 of 22
(0)	doing lat: 19 of 22
(0)	doing lat: 20 of 22
(0)	doing lat: 21 of 22
(0)	doing lat: 22 of 22
(0)	Starting time... 84 of 119
(0)	doing lat: 0 of 22
(0)	doing lat: 1 of 22
(0)	doing lat: 2 of 22
(0)	doing lat: 3 of 22
(0)	doing lat: 4 of 22
(0)	doing lat: 5 of 22
(0)	doing lat: 6 of 22
(0)	doing lat: 7 of 22
(0)	doing lat: 8 of 22
(0)	doing lat: 9 of 22
(0)	doing lat: 10 of 22
(0)	doing lat: 11 of 22
(0)	doing lat: 12 of 22
(0)	doing lat: 13 of 22
(0)	doing lat: 14 of 22
(0)	doing lat: 15 of 22
(0)	doing lat: 16 of 22
(0)	doing lat: 17 of 22
(0)	doing lat: 18 of 22
(0)	doing lat: 19 of 22
(0)	doing lat: 20 of 22
(0)	doing lat: 21 of 22
(0)	doing lat: 22 of 22
(0)	Starting time... 85 of 119
(0)	doing lat: 0 of 22
(0)	doing lat: 1 of 22
(0)	doing lat: 2 of 22
(0)	doing lat: 3 of 22
(0)	doing lat: 4 of 22
(0)	doing lat: 5 of 22
(0)	doing lat: 6 of 22
(0)	doing lat: 7 of 22
(0)	doing lat: 8 of 22
(0)	doing lat: 9 of 22
(0)	doing lat: 10 of 22
(0)	doing lat: 11 of 22
(0)	doing lat: 12 of 22
(0)	doing lat: 13 of 22
(0)	doing lat: 14 of 22
(0)	doing lat: 15 of 22
(0)	doing lat: 16 of 22
(0)	doing lat: 17 of 22
(0)	doing lat: 18 of 22
(0)	doing lat: 19 of 22
(0)	doing lat: 20 of 22
(0)	doing lat: 21 of 22
(0)	doing lat: 22 of 22
(0)	Starting time... 86 of 119
(0)	doing lat: 0 of 22
(0)	doing lat: 1 of 22
(0)	doing lat: 2 of 22
(0)	doing lat: 3 of 22
(0)	doing lat: 4 of 22
(0)	doing lat: 5 of 22
(0)	doing lat: 6 of 22
(0)	doing lat: 7 of 22
(0)	doing lat: 8 of 22
(0)	doing lat: 9 of 22
(0)	doing lat: 10 of 22
(0)	doing lat: 11 of 22
(0)	doing lat: 12 of 22
(0)	doing lat: 13 of 22
(0)	doing lat: 14 of 22
(0)	doing lat: 15 of 22
(0)	doing lat: 16 of 22
(0)	doing lat: 17 of 22
(0)	doing lat: 18 of 22
(0)	doing lat: 19 of 22
(0)	doing lat: 20 of 22
(0)	doing lat: 21 of 22
(0)	doing lat: 22 of 22
(0)	Starting time... 87 of 119
(0)	doing lat: 0 of 22
(0)	doing lat: 1 of 22
(0)	doing lat: 2 of 22
(0)	doing lat: 3 of 22
(0)	doing lat: 4 of 22
(0)	doing lat: 5 of 22
(0)	doing lat: 6 of 22
(0)	doing lat: 7 of 22
(0)	doing lat: 8 of 22
(0)	doing lat: 9 of 22
(0)	doing lat: 10 of 22
(0)	doing lat: 11 of 22
(0)	doing lat: 12 of 22
(0)	doing lat: 13 of 22
(0)	doing lat: 14 of 22
(0)	doing lat: 15 of 22
(0)	doing lat: 16 of 22
(0)	doing lat: 17 of 22
(0)	doing lat: 18 of 22
(0)	doing lat: 19 of 22
(0)	doing lat: 20 of 22
(0)	doing lat: 21 of 22
(0)	doing lat: 22 of 22
(0)	Starting time... 88 of 119
(0)	doing lat: 0 of 22
(0)	doing lat: 1 of 22
(0)	doing lat: 2 of 22
(0)	doing lat: 3 of 22
(0)	doing lat: 4 of 22
(0)	doing lat: 5 of 22
(0)	doing lat: 6 of 22
(0)	doing lat: 7 of 22
(0)	doing lat: 8 of 22
(0)	doing lat: 9 of 22
(0)	doing lat: 10 of 22
(0)	doing lat: 11 of 22
(0)	doing lat: 12 of 22
(0)	doing lat: 13 of 22
(0)	doing lat: 14 of 22
(0)	doing lat: 15 of 22
(0)	doing lat: 16 of 22
(0)	doing lat: 17 of 22
(0)	doing lat: 18 of 22
(0)	doing lat: 19 of 22
(0)	doing lat: 20 of 22
(0)	doing lat: 21 of 22
(0)	doing lat: 22 of 22
(0)	Starting time... 89 of 119
(0)	doing lat: 0 of 22
(0)	doing lat: 1 of 22
(0)	doing lat: 2 of 22
(0)	doing lat: 3 of 22
(0)	doing lat: 4 of 22
(0)	doing lat: 5 of 22
(0)	doing lat: 6 of 22
(0)	doing lat: 7 of 22
(0)	doing lat: 8 of 22
(0)	doing lat: 9 of 22
(0)	doing lat: 10 of 22
(0)	doing lat: 11 of 22
(0)	doing lat: 12 of 22
(0)	doing lat: 13 of 22
(0)	doing lat: 14 of 22
(0)	doing lat: 15 of 22
(0)	doing lat: 16 of 22
(0)	doing lat: 17 of 22
(0)	doing lat: 18 of 22
(0)	doing lat: 19 of 22
(0)	doing lat: 20 of 22
(0)	doing lat: 21 of 22
(0)	doing lat: 22 of 22
(0)	Starting time... 90 of 119
(0)	doing lat: 0 of 22
(0)	doing lat: 1 of 22
(0)	doing lat: 2 of 22
(0)	doing lat: 3 of 22
(0)	doing lat: 4 of 22
(0)	doing lat: 5 of 22
(0)	doing lat: 6 of 22
(0)	doing lat: 7 of 22
(0)	doing lat: 8 of 22
(0)	doing lat: 9 of 22
(0)	doing lat: 10 of 22
(0)	doing lat: 11 of 22
(0)	doing lat: 12 of 22
(0)	doing lat: 13 of 22
(0)	doing lat: 14 of 22
(0)	doing lat: 15 of 22
(0)	doing lat: 16 of 22
(0)	doing lat: 17 of 22
(0)	doing lat: 18 of 22
(0)	doing lat: 19 of 22
(0)	doing lat: 20 of 22
(0)	doing lat: 21 of 22
(0)	doing lat: 22 of 22
(0)	Starting time... 91 of 119
(0)	doing lat: 0 of 22
(0)	doing lat: 1 of 22
(0)	doing lat: 2 of 22
(0)	doing lat: 3 of 22
(0)	doing lat: 4 of 22
(0)	doing lat: 5 of 22
(0)	doing lat: 6 of 22
(0)	doing lat: 7 of 22
(0)	doing lat: 8 of 22
(0)	doing lat: 9 of 22
(0)	doing lat: 10 of 22
(0)	doing lat: 11 of 22
(0)	doing lat: 12 of 22
(0)	doing lat: 13 of 22
(0)	doing lat: 14 of 22
(0)	doing lat: 15 of 22
(0)	doing lat: 16 of 22
(0)	doing lat: 17 of 22
(0)	doing lat: 18 of 22
(0)	doing lat: 19 of 22
(0)	doing lat: 20 of 22
(0)	doing lat: 21 of 22
(0)	doing lat: 22 of 22
(0)	Starting time... 92 of 119
(0)	doing lat: 0 of 22
(0)	doing lat: 1 of 22
(0)	doing lat: 2 of 22
(0)	doing lat: 3 of 22
(0)	doing lat: 4 of 22
(0)	doing lat: 5 of 22
(0)	doing lat: 6 of 22
(0)	doing lat: 7 of 22
(0)	doing lat: 8 of 22
(0)	doing lat: 9 of 22
(0)	doing lat: 10 of 22
(0)	doing lat: 11 of 22
(0)	doing lat: 12 of 22
(0)	doing lat: 13 of 22
(0)	doing lat: 14 of 22
(0)	doing lat: 15 of 22
(0)	doing lat: 16 of 22
(0)	doing lat: 17 of 22
(0)	doing lat: 18 of 22
(0)	doing lat: 19 of 22
(0)	doing lat: 20 of 22
(0)	doing lat: 21 of 22
(0)	doing lat: 22 of 22
(0)	Starting time... 93 of 119
(0)	doing lat: 0 of 22
(0)	doing lat: 1 of 22
(0)	doing lat: 2 of 22
(0)	doing lat: 3 of 22
(0)	doing lat: 4 of 22
(0)	doing lat: 5 of 22
(0)	doing lat: 6 of 22
(0)	doing lat: 7 of 22
(0)	doing lat: 8 of 22
(0)	doing lat: 9 of 22
(0)	doing lat: 10 of 22
(0)	doing lat: 11 of 22
(0)	doing lat: 12 of 22
(0)	doing lat: 13 of 22
(0)	doing lat: 14 of 22
(0)	doing lat: 15 of 22
(0)	doing lat: 16 of 22
(0)	doing lat: 17 of 22
(0)	doing lat: 18 of 22
(0)	doing lat: 19 of 22
(0)	doing lat: 20 of 22
(0)	doing lat: 21 of 22
(0)	doing lat: 22 of 22
(0)	Starting time... 94 of 119
(0)	doing lat: 0 of 22
(0)	doing lat: 1 of 22
(0)	doing lat: 2 of 22
(0)	doing lat: 3 of 22
(0)	doing lat: 4 of 22
(0)	doing lat: 5 of 22
(0)	doing lat: 6 of 22
(0)	doing lat: 7 of 22
(0)	doing lat: 8 of 22
(0)	doing lat: 9 of 22
(0)	doing lat: 10 of 22
(0)	doing lat: 11 of 22
(0)	doing lat: 12 of 22
(0)	doing lat: 13 of 22
(0)	doing lat: 14 of 22
(0)	doing lat: 15 of 22
(0)	doing lat: 16 of 22
(0)	doing lat: 17 of 22
(0)	doing lat: 18 of 22
(0)	doing lat: 19 of 22
(0)	doing lat: 20 of 22
(0)	doing lat: 21 of 22
(0)	doing lat: 22 of 22
(0)	Starting time... 95 of 119
(0)	doing lat: 0 of 22
(0)	doing lat: 1 of 22
(0)	doing lat: 2 of 22
(0)	doing lat: 3 of 22
(0)	doing lat: 4 of 22
(0)	doing lat: 5 of 22
(0)	doing lat: 6 of 22
(0)	doing lat: 7 of 22
(0)	doing lat: 8 of 22
(0)	doing lat: 9 of 22
(0)	doing lat: 10 of 22
(0)	doing lat: 11 of 22
(0)	doing lat: 12 of 22
(0)	doing lat: 13 of 22
(0)	doing lat: 14 of 22
(0)	doing lat: 15 of 22
(0)	doing lat: 16 of 22
(0)	doing lat: 17 of 22
(0)	doing lat: 18 of 22
(0)	doing lat: 19 of 22
(0)	doing lat: 20 of 22
(0)	doing lat: 21 of 22
(0)	doing lat: 22 of 22
(0)	Starting time... 96 of 119
(0)	doing lat: 0 of 22
(0)	doing lat: 1 of 22
(0)	doing lat: 2 of 22
(0)	doing lat: 3 of 22
(0)	doing lat: 4 of 22
(0)	doing lat: 5 of 22
(0)	doing lat: 6 of 22
(0)	doing lat: 7 of 22
(0)	doing lat: 8 of 22
(0)	doing lat: 9 of 22
(0)	doing lat: 10 of 22
(0)	doing lat: 11 of 22
(0)	doing lat: 12 of 22
(0)	doing lat: 13 of 22
(0)	doing lat: 14 of 22
(0)	doing lat: 15 of 22
(0)	doing lat: 16 of 22
(0)	doing lat: 17 of 22
(0)	doing lat: 18 of 22
(0)	doing lat: 19 of 22
(0)	doing lat: 20 of 22
(0)	doing lat: 21 of 22
(0)	doing lat: 22 of 22
(0)	Starting time... 97 of 119
(0)	doing lat: 0 of 22
(0)	doing lat: 1 of 22
(0)	doing lat: 2 of 22
(0)	doing lat: 3 of 22
(0)	doing lat: 4 of 22
(0)	doing lat: 5 of 22
(0)	doing lat: 6 of 22
(0)	doing lat: 7 of 22
(0)	doing lat: 8 of 22
(0)	doing lat: 9 of 22
(0)	doing lat: 10 of 22
(0)	doing lat: 11 of 22
(0)	doing lat: 12 of 22
(0)	doing lat: 13 of 22
(0)	doing lat: 14 of 22
(0)	doing lat: 15 of 22
(0)	doing lat: 16 of 22
(0)	doing lat: 17 of 22
(0)	doing lat: 18 of 22
(0)	doing lat: 19 of 22
(0)	doing lat: 20 of 22
(0)	doing lat: 21 of 22
(0)	doing lat: 22 of 22
(0)	Starting time... 98 of 119
(0)	doing lat: 0 of 22
(0)	doing lat: 1 of 22
(0)	doing lat: 2 of 22
(0)	doing lat: 3 of 22
(0)	doing lat: 4 of 22
(0)	doing lat: 5 of 22
(0)	doing lat: 6 of 22
(0)	doing lat: 7 of 22
(0)	doing lat: 8 of 22
(0)	doing lat: 9 of 22
(0)	doing lat: 10 of 22
(0)	doing lat: 11 of 22
(0)	doing lat: 12 of 22
(0)	doing lat: 13 of 22
(0)	doing lat: 14 of 22
(0)	doing lat: 15 of 22
(0)	doing lat: 16 of 22
(0)	doing lat: 17 of 22
(0)	doing lat: 18 of 22
(0)	doing lat: 19 of 22
(0)	doing lat: 20 of 22
(0)	doing lat: 21 of 22
(0)	doing lat: 22 of 22
(0)	Starting time... 99 of 119
(0)	doing lat: 0 of 22
(0)	doing lat: 1 of 22
(0)	doing lat: 2 of 22
(0)	doing lat: 3 of 22
(0)	doing lat: 4 of 22
(0)	doing lat: 5 of 22
(0)	doing lat: 6 of 22
(0)	doing lat: 7 of 22
(0)	doing lat: 8 of 22
(0)	doing lat: 9 of 22
(0)	doing lat: 10 of 22
(0)	doing lat: 11 of 22
(0)	doing lat: 12 of 22
(0)	doing lat: 13 of 22
(0)	doing lat: 14 of 22
(0)	doing lat: 15 of 22
(0)	doing lat: 16 of 22
(0)	doing lat: 17 of 22
(0)	doing lat: 18 of 22
(0)	doing lat: 19 of 22
(0)	doing lat: 20 of 22
(0)	doing lat: 21 of 22
(0)	doing lat: 22 of 22
(0)	Starting time... 100 of 119
(0)	doing lat: 0 of 22
(0)	doing lat: 1 of 22
(0)	doing lat: 2 of 22
(0)	doing lat: 3 of 22
(0)	doing lat: 4 of 22
(0)	doing lat: 5 of 22
(0)	doing lat: 6 of 22
(0)	doing lat: 7 of 22
(0)	doing lat: 8 of 22
(0)	doing lat: 9 of 22
(0)	doing lat: 10 of 22
(0)	doing lat: 11 of 22
(0)	doing lat: 12 of 22
(0)	doing lat: 13 of 22
(0)	doing lat: 14 of 22
(0)	doing lat: 15 of 22
(0)	doing lat: 16 of 22
(0)	doing lat: 17 of 22
(0)	doing lat: 18 of 22
(0)	doing lat: 19 of 22
(0)	doing lat: 20 of 22
(0)	doing lat: 21 of 22
(0)	doing lat: 22 of 22
(0)	Starting time... 101 of 119
(0)	doing lat: 0 of 22
(0)	doing lat: 1 of 22
(0)	doing lat: 2 of 22
(0)	doing lat: 3 of 22
(0)	doing lat: 4 of 22
(0)	doing lat: 5 of 22
(0)	doing lat: 6 of 22
(0)	doing lat: 7 of 22
(0)	doing lat: 8 of 22
(0)	doing lat: 9 of 22
(0)	doing lat: 10 of 22
(0)	doing lat: 11 of 22
(0)	doing lat: 12 of 22
(0)	doing lat: 13 of 22
(0)	doing lat: 14 of 22
(0)	doing lat: 15 of 22
(0)	doing lat: 16 of 22
(0)	doing lat: 17 of 22
(0)	doing lat: 18 of 22
(0)	doing lat: 19 of 22
(0)	doing lat: 20 of 22
(0)	doing lat: 21 of 22
(0)	doing lat: 22 of 22
(0)	Starting time... 102 of 119
(0)	doing lat: 0 of 22
(0)	doing lat: 1 of 22
(0)	doing lat: 2 of 22
(0)	doing lat: 3 of 22
(0)	doing lat: 4 of 22
(0)	doing lat: 5 of 22
(0)	doing lat: 6 of 22
(0)	doing lat: 7 of 22
(0)	doing lat: 8 of 22
(0)	doing lat: 9 of 22
(0)	doing lat: 10 of 22
(0)	doing lat: 11 of 22
(0)	doing lat: 12 of 22
(0)	doing lat: 13 of 22
(0)	doing lat: 14 of 22
(0)	doing lat: 15 of 22
(0)	doing lat: 16 of 22
(0)	doing lat: 17 of 22
(0)	doing lat: 18 of 22
(0)	doing lat: 19 of 22
(0)	doing lat: 20 of 22
(0)	doing lat: 21 of 22
(0)	doing lat: 22 of 22
(0)	Starting time... 103 of 119
(0)	doing lat: 0 of 22
(0)	doing lat: 1 of 22
(0)	doing lat: 2 of 22
(0)	doing lat: 3 of 22
(0)	doing lat: 4 of 22
(0)	doing lat: 5 of 22
(0)	doing lat: 6 of 22
(0)	doing lat: 7 of 22
(0)	doing lat: 8 of 22
(0)	doing lat: 9 of 22
(0)	doing lat: 10 of 22
(0)	doing lat: 11 of 22
(0)	doing lat: 12 of 22
(0)	doing lat: 13 of 22
(0)	doing lat: 14 of 22
(0)	doing lat: 15 of 22
(0)	doing lat: 16 of 22
(0)	doing lat: 17 of 22
(0)	doing lat: 18 of 22
(0)	doing lat: 19 of 22
(0)	doing lat: 20 of 22
(0)	doing lat: 21 of 22
(0)	doing lat: 22 of 22
(0)	Starting time... 104 of 119
(0)	doing lat: 0 of 22
(0)	doing lat: 1 of 22
(0)	doing lat: 2 of 22
(0)	doing lat: 3 of 22
(0)	doing lat: 4 of 22
(0)	doing lat: 5 of 22
(0)	doing lat: 6 of 22
(0)	doing lat: 7 of 22
(0)	doing lat: 8 of 22
(0)	doing lat: 9 of 22
(0)	doing lat: 10 of 22
(0)	doing lat: 11 of 22
(0)	doing lat: 12 of 22
(0)	doing lat: 13 of 22
(0)	doing lat: 14 of 22
(0)	doing lat: 15 of 22
(0)	doing lat: 16 of 22
(0)	doing lat: 17 of 22
(0)	doing lat: 18 of 22
(0)	doing lat: 19 of 22
(0)	doing lat: 20 of 22
(0)	doing lat: 21 of 22
(0)	doing lat: 22 of 22
(0)	Starting time... 105 of 119
(0)	doing lat: 0 of 22
(0)	doing lat: 1 of 22
(0)	doing lat: 2 of 22
(0)	doing lat: 3 of 22
(0)	doing lat: 4 of 22
(0)	doing lat: 5 of 22
(0)	doing lat: 6 of 22
(0)	doing lat: 7 of 22
(0)	doing lat: 8 of 22
(0)	doing lat: 9 of 22
(0)	doing lat: 10 of 22
(0)	doing lat: 11 of 22
(0)	doing lat: 12 of 22
(0)	doing lat: 13 of 22
(0)	doing lat: 14 of 22
(0)	doing lat: 15 of 22
(0)	doing lat: 16 of 22
(0)	doing lat: 17 of 22
(0)	doing lat: 18 of 22
(0)	doing lat: 19 of 22
(0)	doing lat: 20 of 22
(0)	doing lat: 21 of 22
(0)	doing lat: 22 of 22
(0)	Starting time... 106 of 119
(0)	doing lat: 0 of 22
(0)	doing lat: 1 of 22
(0)	doing lat: 2 of 22
(0)	doing lat: 3 of 22
(0)	doing lat: 4 of 22
(0)	doing lat: 5 of 22
(0)	doing lat: 6 of 22
(0)	doing lat: 7 of 22
(0)	doing lat: 8 of 22
(0)	doing lat: 9 of 22
(0)	doing lat: 10 of 22
(0)	doing lat: 11 of 22
(0)	doing lat: 12 of 22
(0)	doing lat: 13 of 22
(0)	doing lat: 14 of 22
(0)	doing lat: 15 of 22
(0)	doing lat: 16 of 22
(0)	doing lat: 17 of 22
(0)	doing lat: 18 of 22
(0)	doing lat: 19 of 22
(0)	doing lat: 20 of 22
(0)	doing lat: 21 of 22
(0)	doing lat: 22 of 22
(0)	Starting time... 107 of 119
(0)	doing lat: 0 of 22
(0)	doing lat: 1 of 22
(0)	doing lat: 2 of 22
(0)	doing lat: 3 of 22
(0)	doing lat: 4 of 22
(0)	doing lat: 5 of 22
(0)	doing lat: 6 of 22
(0)	doing lat: 7 of 22
(0)	doing lat: 8 of 22
(0)	doing lat: 9 of 22
(0)	doing lat: 10 of 22
(0)	doing lat: 11 of 22
(0)	doing lat: 12 of 22
(0)	doing lat: 13 of 22
(0)	doing lat: 14 of 22
(0)	doing lat: 15 of 22
(0)	doing lat: 16 of 22
(0)	doing lat: 17 of 22
(0)	doing lat: 18 of 22
(0)	doing lat: 19 of 22
(0)	doing lat: 20 of 22
(0)	doing lat: 21 of 22
(0)	doing lat: 22 of 22
(0)	Starting time... 108 of 119
(0)	doing lat: 0 of 22
(0)	doing lat: 1 of 22
(0)	doing lat: 2 of 22
(0)	doing lat: 3 of 22
(0)	doing lat: 4 of 22
(0)	doing lat: 5 of 22
(0)	doing lat: 6 of 22
(0)	doing lat: 7 of 22
(0)	doing lat: 8 of 22
(0)	doing lat: 9 of 22
(0)	doing lat: 10 of 22
(0)	doing lat: 11 of 22
(0)	doing lat: 12 of 22
(0)	doing lat: 13 of 22
(0)	doing lat: 14 of 22
(0)	doing lat: 15 of 22
(0)	doing lat: 16 of 22
(0)	doing lat: 17 of 22
(0)	doing lat: 18 of 22
(0)	doing lat: 19 of 22
(0)	doing lat: 20 of 22
(0)	doing lat: 21 of 22
(0)	doing lat: 22 of 22
(0)	Starting time... 109 of 119
(0)	doing lat: 0 of 22
(0)	doing lat: 1 of 22
(0)	doing lat: 2 of 22
(0)	doing lat: 3 of 22
(0)	doing lat: 4 of 22
(0)	doing lat: 5 of 22
(0)	doing lat: 6 of 22
(0)	doing lat: 7 of 22
(0)	doing lat: 8 of 22
(0)	doing lat: 9 of 22
(0)	doing lat: 10 of 22
(0)	doing lat: 11 of 22
(0)	doing lat: 12 of 22
(0)	doing lat: 13 of 22
(0)	doing lat: 14 of 22
(0)	doing lat: 15 of 22
(0)	doing lat: 16 of 22
(0)	doing lat: 17 of 22
(0)	doing lat: 18 of 22
(0)	doing lat: 19 of 22
(0)	doing lat: 20 of 22
(0)	doing lat: 21 of 22
(0)	doing lat: 22 of 22
(0)	Starting time... 110 of 119
(0)	doing lat: 0 of 22
(0)	doing lat: 1 of 22
(0)	doing lat: 2 of 22
(0)	doing lat: 3 of 22
(0)	doing lat: 4 of 22
(0)	doing lat: 5 of 22
(0)	doing lat: 6 of 22
(0)	doing lat: 7 of 22
(0)	doing lat: 8 of 22
(0)	doing lat: 9 of 22
(0)	doing lat: 10 of 22
(0)	doing lat: 11 of 22
(0)	doing lat: 12 of 22
(0)	doing lat: 13 of 22
(0)	doing lat: 14 of 22
(0)	doing lat: 15 of 22
(0)	doing lat: 16 of 22
(0)	doing lat: 17 of 22
(0)	doing lat: 18 of 22
(0)	doing lat: 19 of 22
(0)	doing lat: 20 of 22
(0)	doing lat: 21 of 22
(0)	doing lat: 22 of 22
(0)	Starting time... 111 of 119
(0)	doing lat: 0 of 22
(0)	doing lat: 1 of 22
(0)	doing lat: 2 of 22
(0)	doing lat: 3 of 22
(0)	doing lat: 4 of 22
(0)	doing lat: 5 of 22
(0)	doing lat: 6 of 22
(0)	doing lat: 7 of 22
(0)	doing lat: 8 of 22
(0)	doing lat: 9 of 22
(0)	doing lat: 10 of 22
(0)	doing lat: 11 of 22
(0)	doing lat: 12 of 22
(0)	doing lat: 13 of 22
(0)	doing lat: 14 of 22
(0)	doing lat: 15 of 22
(0)	doing lat: 16 of 22
(0)	doing lat: 17 of 22
(0)	doing lat: 18 of 22
(0)	doing lat: 19 of 22
(0)	doing lat: 20 of 22
(0)	doing lat: 21 of 22
(0)	doing lat: 22 of 22
(0)	Starting time... 112 of 119
(0)	doing lat: 0 of 22
(0)	doing lat: 1 of 22
(0)	doing lat: 2 of 22
(0)	doing lat: 3 of 22
(0)	doing lat: 4 of 22
(0)	doing lat: 5 of 22
(0)	doing lat: 6 of 22
(0)	doing lat: 7 of 22
(0)	doing lat: 8 of 22
(0)	doing lat: 9 of 22
(0)	doing lat: 10 of 22
(0)	doing lat: 11 of 22
(0)	doing lat: 12 of 22
(0)	doing lat: 13 of 22
(0)	doing lat: 14 of 22
(0)	doing lat: 15 of 22
(0)	doing lat: 16 of 22
(0)	doing lat: 17 of 22
(0)	doing lat: 18 of 22
(0)	doing lat: 19 of 22
(0)	doing lat: 20 of 22
(0)	doing lat: 21 of 22
(0)	doing lat: 22 of 22
(0)	Starting time... 113 of 119
(0)	doing lat: 0 of 22
(0)	doing lat: 1 of 22
(0)	doing lat: 2 of 22
(0)	doing lat: 3 of 22
(0)	doing lat: 4 of 22
(0)	doing lat: 5 of 22
(0)	doing lat: 6 of 22
(0)	doing lat: 7 of 22
(0)	doing lat: 8 of 22
(0)	doing lat: 9 of 22
(0)	doing lat: 10 of 22
(0)	doing lat: 11 of 22
(0)	doing lat: 12 of 22
(0)	doing lat: 13 of 22
(0)	doing lat: 14 of 22
(0)	doing lat: 15 of 22
(0)	doing lat: 16 of 22
(0)	doing lat: 17 of 22
(0)	doing lat: 18 of 22
(0)	doing lat: 19 of 22
(0)	doing lat: 20 of 22
(0)	doing lat: 21 of 22
(0)	doing lat: 22 of 22
(0)	Starting time... 114 of 119
(0)	doing lat: 0 of 22
(0)	doing lat: 1 of 22
(0)	doing lat: 2 of 22
(0)	doing lat: 3 of 22
(0)	doing lat: 4 of 22
(0)	doing lat: 5 of 22
(0)	doing lat: 6 of 22
(0)	doing lat: 7 of 22
(0)	doing lat: 8 of 22
(0)	doing lat: 9 of 22
(0)	doing lat: 10 of 22
(0)	doing lat: 11 of 22
(0)	doing lat: 12 of 22
(0)	doing lat: 13 of 22
(0)	doing lat: 14 of 22
(0)	doing lat: 15 of 22
(0)	doing lat: 16 of 22
(0)	doing lat: 17 of 22
(0)	doing lat: 18 of 22
(0)	doing lat: 19 of 22
(0)	doing lat: 20 of 22
(0)	doing lat: 21 of 22
(0)	doing lat: 22 of 22
(0)	Starting time... 115 of 119
(0)	doing lat: 0 of 22
(0)	doing lat: 1 of 22
(0)	doing lat: 2 of 22
(0)	doing lat: 3 of 22
(0)	doing lat: 4 of 22
(0)	doing lat: 5 of 22
(0)	doing lat: 6 of 22
(0)	doing lat: 7 of 22
(0)	doing lat: 8 of 22
(0)	doing lat: 9 of 22
(0)	doing lat: 10 of 22
(0)	doing lat: 11 of 22
(0)	doing lat: 12 of 22
(0)	doing lat: 13 of 22
(0)	doing lat: 14 of 22
(0)	doing lat: 15 of 22
(0)	doing lat: 16 of 22
(0)	doing lat: 17 of 22
(0)	doing lat: 18 of 22
(0)	doing lat: 19 of 22
(0)	doing lat: 20 of 22
(0)	doing lat: 21 of 22
(0)	doing lat: 22 of 22
(0)	Starting time... 116 of 119
(0)	doing lat: 0 of 22
(0)	doing lat: 1 of 22
(0)	doing lat: 2 of 22
(0)	doing lat: 3 of 22
(0)	doing lat: 4 of 22
(0)	doing lat: 5 of 22
(0)	doing lat: 6 of 22
(0)	doing lat: 7 of 22
(0)	doing lat: 8 of 22
(0)	doing lat: 9 of 22
(0)	doing lat: 10 of 22
(0)	doing lat: 11 of 22
(0)	doing lat: 12 of 22
(0)	doing lat: 13 of 22
(0)	doing lat: 14 of 22
(0)	doing lat: 15 of 22
(0)	doing lat: 16 of 22
(0)	doing lat: 17 of 22
(0)	doing lat: 18 of 22
(0)	doing lat: 19 of 22
(0)	doing lat: 20 of 22
(0)	doing lat: 21 of 22
(0)	doing lat: 22 of 22
(0)	Starting time... 117 of 119
(0)	doing lat: 0 of 22
(0)	doing lat: 1 of 22
(0)	doing lat: 2 of 22
(0)	doing lat: 3 of 22
(0)	doing lat: 4 of 22
(0)	doing lat: 5 of 22
(0)	doing lat: 6 of 22
(0)	doing lat: 7 of 22
(0)	doing lat: 8 of 22
(0)	doing lat: 9 of 22
(0)	doing lat: 10 of 22
(0)	doing lat: 11 of 22
(0)	doing lat: 12 of 22
(0)	doing lat: 13 of 22
(0)	doing lat: 14 of 22
(0)	doing lat: 15 of 22
(0)	doing lat: 16 of 22
(0)	doing lat: 17 of 22
(0)	doing lat: 18 of 22
(0)	doing lat: 19 of 22
(0)	doing lat: 20 of 22
(0)	doing lat: 21 of 22
(0)	doing lat: 22 of 22
(0)	Starting time... 118 of 119
(0)	doing lat: 0 of 22
(0)	doing lat: 1 of 22
(0)	doing lat: 2 of 22
(0)	doing lat: 3 of 22
(0)	doing lat: 4 of 22
(0)	doing lat: 5 of 22
(0)	doing lat: 6 of 22
(0)	doing lat: 7 of 22
(0)	doing lat: 8 of 22
(0)	doing lat: 9 of 22
(0)	doing lat: 10 of 22
(0)	doing lat: 11 of 22
(0)	doing lat: 12 of 22
(0)	doing lat: 13 of 22
(0)	doing lat: 14 of 22
(0)	doing lat: 15 of 22
(0)	doing lat: 16 of 22
(0)	doing lat: 17 of 22
(0)	doing lat: 18 of 22
(0)	doing lat: 19 of 22
(0)	doing lat: 20 of 22
(0)	doing lat: 21 of 22
(0)	doing lat: 22 of 22
(0)	Starting time... 119 of 119
(0)	doing lat: 0 of 22
(0)	doing lat: 1 of 22
(0)	doing lat: 2 of 22
(0)	doing lat: 3 of 22
(0)	doing lat: 4 of 22
(0)	doing lat: 5 of 22
(0)	doing lat: 6 of 22
(0)	doing lat: 7 of 22
(0)	doing lat: 8 of 22
(0)	doing lat: 9 of 22
(0)	doing lat: 10 of 22
(0)	doing lat: 11 of 22
(0)	doing lat: 12 of 22
(0)	doing lat: 13 of 22
(0)	doing lat: 14 of 22
(0)	doing lat: 15 of 22
(0)	doing lat: 16 of 22
(0)	doing lat: 17 of 22
(0)	doing lat: 18 of 22
(0)	doing lat: 19 of 22
(0)	doing lat: 20 of 22
(0)	doing lat: 21 of 22
(0)	doing lat: 22 of 22
(0)	
=====> Wall Clock Elapsed Time: Total time: 1084 seconds <=====

input in flex scanner failed
 Copyright (C) 1995-2017 - All Rights Reserved
 University Corporation for Atmospheric Research
 NCAR Command Language Version 6.4.0
 The use of this software is governed by a License Agreement.
 See http://www.ncl.ucar.edu/ for more details.
(0)	Starting time... 0 of 0
(0)	
=====> Wall Clock Elapsed Time: Total time: 2139 seconds <=====

