/glade/u/home/zarzycki/acgd0005/archive/f.asd2017.cesm20b05.FAMIPC6CLM5.mp15a-120a-US_t12/atm/hist//f.asd2017.cesm20b05.FAMIPC6CLM5.mp15a-120a-US_t12.cam.h2.1979-01-31-00000.nc
input in flex scanner failed
 Copyright (C) 1995-2017 - All Rights Reserved
 University Corporation for Atmospheric Research
 NCAR Command Language Version 6.4.0
 The use of this software is governed by a License Agreement.
 See http://www.ncl.ucar.edu/ for more details.
(0)	HIST FILE: /glade/u/home/zarzycki/acgd0005/archive/f.asd2017.cesm20b05.FAMIPC6CLM5.mp15a-120a-US_t12/atm/hist//f.asd2017.cesm20b05.FAMIPC6CLM5.mp15a-120a-US_t12.cam.h2.1979-01-31-00000.nc
(0)	GRID FILE: /glade/p/work/zarzycki/ASD2017_files/atm/cam/inic/mpas/x8.195266-US.CAM.L32.init.new.170222.nc
(0)	OUT  FILE: /glade/u/home/zarzycki/acgd0005/archive/f.asd2017.cesm20b05.FAMIPC6CLM5.mp15a-120a-US_t12/atm/hist//f.asd2017.cesm20b05.FAMIPC6CLM5.mp15a-120a-US_t12.cam.h2.1979-01-31-00000.nc.PRES.nc
(0)	kk 0 of 119
(0)	kk 1 of 119
(0)	kk 2 of 119
(0)	kk 3 of 119
(0)	kk 4 of 119
(0)	kk 5 of 119
(0)	kk 6 of 119
(0)	kk 7 of 119
(0)	kk 8 of 119
(0)	kk 9 of 119
(0)	kk 10 of 119
(0)	kk 11 of 119
(0)	kk 12 of 119
(0)	kk 13 of 119
(0)	kk 14 of 119
(0)	kk 15 of 119
(0)	kk 16 of 119
(0)	kk 17 of 119
(0)	kk 18 of 119
(0)	kk 19 of 119
(0)	kk 20 of 119
(0)	kk 21 of 119
(0)	kk 22 of 119
(0)	kk 23 of 119
(0)	kk 24 of 119
(0)	kk 25 of 119
(0)	kk 26 of 119
(0)	kk 27 of 119
(0)	kk 28 of 119
(0)	kk 29 of 119
(0)	kk 30 of 119
(0)	kk 31 of 119
(0)	kk 32 of 119
(0)	kk 33 of 119
(0)	kk 34 of 119
(0)	kk 35 of 119
(0)	kk 36 of 119
(0)	kk 37 of 119
(0)	kk 38 of 119
(0)	kk 39 of 119
(0)	kk 40 of 119
(0)	kk 41 of 119
(0)	kk 42 of 119
(0)	kk 43 of 119
(0)	kk 44 of 119
(0)	kk 45 of 119
(0)	kk 46 of 119
(0)	kk 47 of 119
(0)	kk 48 of 119
(0)	kk 49 of 119
(0)	kk 50 of 119
(0)	kk 51 of 119
(0)	kk 52 of 119
(0)	kk 53 of 119
(0)	kk 54 of 119
(0)	kk 55 of 119
(0)	kk 56 of 119
(0)	kk 57 of 119
(0)	kk 58 of 119
(0)	kk 59 of 119
(0)	kk 60 of 119
(0)	kk 61 of 119
(0)	kk 62 of 119
(0)	kk 63 of 119
(0)	kk 64 of 119
(0)	kk 65 of 119
(0)	kk 66 of 119
(0)	kk 67 of 119
(0)	kk 68 of 119
(0)	kk 69 of 119
(0)	kk 70 of 119
(0)	kk 71 of 119
(0)	kk 72 of 119
(0)	kk 73 of 119
(0)	kk 74 of 119
(0)	kk 75 of 119
(0)	kk 76 of 119
(0)	kk 77 of 119
(0)	kk 78 of 119
(0)	kk 79 of 119
(0)	kk 80 of 119
(0)	kk 81 of 119
(0)	kk 82 of 119
(0)	kk 83 of 119
(0)	kk 84 of 119
(0)	kk 85 of 119
(0)	kk 86 of 119
(0)	kk 87 of 119
(0)	kk 88 of 119
(0)	kk 89 of 119
(0)	kk 90 of 119
(0)	kk 91 of 119
(0)	kk 92 of 119
(0)	kk 93 of 119
(0)	kk 94 of 119
(0)	kk 95 of 119
(0)	kk 96 of 119
(0)	kk 97 of 119
(0)	kk 98 of 119
(0)	kk 99 of 119
(0)	kk 100 of 119
(0)	kk 101 of 119
(0)	kk 102 of 119
(0)	kk 103 of 119
(0)	kk 104 of 119
(0)	kk 105 of 119
(0)	kk 106 of 119
(0)	kk 107 of 119
(0)	kk 108 of 119
(0)	kk 109 of 119
(0)	kk 110 of 119
(0)	kk 111 of 119
(0)	kk 112 of 119
(0)	kk 113 of 119
(0)	kk 114 of 119
(0)	kk 115 of 119
(0)	kk 116 of 119
(0)	kk 117 of 119
(0)	kk 118 of 119
(0)	kk 119 of 119
(0)	.... writing file: /glade/u/home/zarzycki/acgd0005/archive/f.asd2017.cesm20b05.FAMIPC6CLM5.mp15a-120a-US_t12/atm/hist//f.asd2017.cesm20b05.FAMIPC6CLM5.mp15a-120a-US_t12.cam.h2.1979-01-31-00000.nc.PRES.nc
(0)	
=====> Wall Clock Elapsed Time: Total time for script to run: 7918 seconds <=====

/glade/u/home/zarzycki/acgd0005/archive/f.asd2017.cesm20b05.FAMIPC6CLM5.mp15a-120a-US_t12/atm/hist//f.asd2017.cesm20b05.FAMIPC6CLM5.mp15a-120a-US_t12.cam.h2.1979-03-02-00000.nc
input in flex scanner failed
 Copyright (C) 1995-2017 - All Rights Reserved
 University Corporation for Atmospheric Research
 NCAR Command Language Version 6.4.0
 The use of this software is governed by a License Agreement.
 See http://www.ncl.ucar.edu/ for more details.
(0)	HIST FILE: /glade/u/home/zarzycki/acgd0005/archive/f.asd2017.cesm20b05.FAMIPC6CLM5.mp15a-120a-US_t12/atm/hist//f.asd2017.cesm20b05.FAMIPC6CLM5.mp15a-120a-US_t12.cam.h2.1979-03-02-00000.nc
(0)	GRID FILE: /glade/p/work/zarzycki/ASD2017_files/atm/cam/inic/mpas/x8.195266-US.CAM.L32.init.new.170222.nc
(0)	OUT  FILE: /glade/u/home/zarzycki/acgd0005/archive/f.asd2017.cesm20b05.FAMIPC6CLM5.mp15a-120a-US_t12/atm/hist//f.asd2017.cesm20b05.FAMIPC6CLM5.mp15a-120a-US_t12.cam.h2.1979-03-02-00000.nc.PRES.nc
(0)	kk 0 of 119
(0)	kk 1 of 119
(0)	kk 2 of 119
(0)	kk 3 of 119
(0)	kk 4 of 119
(0)	kk 5 of 119
(0)	kk 6 of 119
(0)	kk 7 of 119
(0)	kk 8 of 119
(0)	kk 9 of 119
(0)	kk 10 of 119
(0)	kk 11 of 119
(0)	kk 12 of 119
(0)	kk 13 of 119
(0)	kk 14 of 119
(0)	kk 15 of 119
(0)	kk 16 of 119
(0)	kk 17 of 119
(0)	kk 18 of 119
(0)	kk 19 of 119
(0)	kk 20 of 119
(0)	kk 21 of 119
(0)	kk 22 of 119
(0)	kk 23 of 119
(0)	kk 24 of 119
(0)	kk 25 of 119
(0)	kk 26 of 119
(0)	kk 27 of 119
(0)	kk 28 of 119
(0)	kk 29 of 119
(0)	kk 30 of 119
(0)	kk 31 of 119
(0)	kk 32 of 119
(0)	kk 33 of 119
(0)	kk 34 of 119
(0)	kk 35 of 119
(0)	kk 36 of 119
(0)	kk 37 of 119
(0)	kk 38 of 119
(0)	kk 39 of 119
(0)	kk 40 of 119
(0)	kk 41 of 119
(0)	kk 42 of 119
(0)	kk 43 of 119
(0)	kk 44 of 119
(0)	kk 45 of 119
(0)	kk 46 of 119
(0)	kk 47 of 119
(0)	kk 48 of 119
(0)	kk 49 of 119
(0)	kk 50 of 119
(0)	kk 51 of 119
(0)	kk 52 of 119
(0)	kk 53 of 119
(0)	kk 54 of 119
(0)	kk 55 of 119
(0)	kk 56 of 119
(0)	kk 57 of 119
(0)	kk 58 of 119
(0)	kk 59 of 119
(0)	kk 60 of 119
(0)	kk 61 of 119
(0)	kk 62 of 119
(0)	kk 63 of 119
(0)	kk 64 of 119
(0)	kk 65 of 119
(0)	kk 66 of 119
(0)	kk 67 of 119
(0)	kk 68 of 119
(0)	kk 69 of 119
(0)	kk 70 of 119
(0)	kk 71 of 119
(0)	kk 72 of 119
(0)	kk 73 of 119
(0)	kk 74 of 119
(0)	kk 75 of 119
(0)	kk 76 of 119
(0)	kk 77 of 119
(0)	kk 78 of 119
(0)	kk 79 of 119
(0)	kk 80 of 119
(0)	kk 81 of 119
(0)	kk 82 of 119
(0)	kk 83 of 119
(0)	kk 84 of 119
(0)	kk 85 of 119
(0)	kk 86 of 119
(0)	kk 87 of 119
(0)	kk 88 of 119
(0)	kk 89 of 119
(0)	kk 90 of 119
(0)	kk 91 of 119
(0)	kk 92 of 119
(0)	kk 93 of 119
(0)	kk 94 of 119
(0)	kk 95 of 119
(0)	kk 96 of 119
(0)	kk 97 of 119
(0)	kk 98 of 119
(0)	kk 99 of 119
(0)	kk 100 of 119
(0)	kk 101 of 119
(0)	kk 102 of 119
(0)	kk 103 of 119
(0)	kk 104 of 119
(0)	kk 105 of 119
(0)	kk 106 of 119
(0)	kk 107 of 119
(0)	kk 108 of 119
(0)	kk 109 of 119
(0)	kk 110 of 119
(0)	kk 111 of 119
(0)	kk 112 of 119
(0)	kk 113 of 119
(0)	kk 114 of 119
(0)	kk 115 of 119
(0)	kk 116 of 119
(0)	kk 117 of 119
(0)	kk 118 of 119
(0)	kk 119 of 119
(0)	.... writing file: /glade/u/home/zarzycki/acgd0005/archive/f.asd2017.cesm20b05.FAMIPC6CLM5.mp15a-120a-US_t12/atm/hist//f.asd2017.cesm20b05.FAMIPC6CLM5.mp15a-120a-US_t12.cam.h2.1979-03-02-00000.nc.PRES.nc
(0)	
=====> Wall Clock Elapsed Time: Total time for script to run: 7966 seconds <=====

/glade/u/home/zarzycki/acgd0005/archive/f.asd2017.cesm20b05.FAMIPC6CLM5.mp15a-120a-US_t12/atm/hist//f.asd2017.cesm20b05.FAMIPC6CLM5.mp15a-120a-US_t12.cam.h2.1979-04-01-00000.nc
input in flex scanner failed
 Copyright (C) 1995-2017 - All Rights Reserved
 University Corporation for Atmospheric Research
 NCAR Command Language Version 6.4.0
 The use of this software is governed by a License Agreement.
 See http://www.ncl.ucar.edu/ for more details.
(0)	HIST FILE: /glade/u/home/zarzycki/acgd0005/archive/f.asd2017.cesm20b05.FAMIPC6CLM5.mp15a-120a-US_t12/atm/hist//f.asd2017.cesm20b05.FAMIPC6CLM5.mp15a-120a-US_t12.cam.h2.1979-04-01-00000.nc
(0)	GRID FILE: /glade/p/work/zarzycki/ASD2017_files/atm/cam/inic/mpas/x8.195266-US.CAM.L32.init.new.170222.nc
(0)	OUT  FILE: /glade/u/home/zarzycki/acgd0005/archive/f.asd2017.cesm20b05.FAMIPC6CLM5.mp15a-120a-US_t12/atm/hist//f.asd2017.cesm20b05.FAMIPC6CLM5.mp15a-120a-US_t12.cam.h2.1979-04-01-00000.nc.PRES.nc
(0)	kk 0 of 119
(0)	kk 1 of 119
(0)	kk 2 of 119
(0)	kk 3 of 119
(0)	kk 4 of 119
(0)	kk 5 of 119
(0)	kk 6 of 119
(0)	kk 7 of 119
(0)	kk 8 of 119
(0)	kk 9 of 119
(0)	kk 10 of 119
(0)	kk 11 of 119
(0)	kk 12 of 119
(0)	kk 13 of 119
(0)	kk 14 of 119
(0)	kk 15 of 119
(0)	kk 16 of 119
(0)	kk 17 of 119
(0)	kk 18 of 119
(0)	kk 19 of 119
(0)	kk 20 of 119
(0)	kk 21 of 119
(0)	kk 22 of 119
(0)	kk 23 of 119
(0)	kk 24 of 119
(0)	kk 25 of 119
(0)	kk 26 of 119
(0)	kk 27 of 119
(0)	kk 28 of 119
(0)	kk 29 of 119
(0)	kk 30 of 119
(0)	kk 31 of 119
(0)	kk 32 of 119
(0)	kk 33 of 119
(0)	kk 34 of 119
(0)	kk 35 of 119
(0)	kk 36 of 119
(0)	kk 37 of 119
(0)	kk 38 of 119
(0)	kk 39 of 119
(0)	kk 40 of 119
(0)	kk 41 of 119
(0)	kk 42 of 119
(0)	kk 43 of 119
(0)	kk 44 of 119
(0)	kk 45 of 119
(0)	kk 46 of 119
(0)	kk 47 of 119
(0)	kk 48 of 119
(0)	kk 49 of 119
(0)	kk 50 of 119
(0)	kk 51 of 119
(0)	kk 52 of 119
(0)	kk 53 of 119
(0)	kk 54 of 119
(0)	kk 55 of 119
(0)	kk 56 of 119
(0)	kk 57 of 119
(0)	kk 58 of 119
(0)	kk 59 of 119
(0)	kk 60 of 119
(0)	kk 61 of 119
(0)	kk 62 of 119
(0)	kk 63 of 119
(0)	kk 64 of 119
(0)	kk 65 of 119
(0)	kk 66 of 119
(0)	kk 67 of 119
(0)	kk 68 of 119
(0)	kk 69 of 119
(0)	kk 70 of 119
(0)	kk 71 of 119
(0)	kk 72 of 119
(0)	kk 73 of 119
(0)	kk 74 of 119
(0)	kk 75 of 119
(0)	kk 76 of 119
(0)	kk 77 of 119
(0)	kk 78 of 119
(0)	kk 79 of 119
(0)	kk 80 of 119
(0)	kk 81 of 119
(0)	kk 82 of 119
(0)	kk 83 of 119
(0)	kk 84 of 119
(0)	kk 85 of 119
(0)	kk 86 of 119
(0)	kk 87 of 119
(0)	kk 88 of 119
(0)	kk 89 of 119
(0)	kk 90 of 119
(0)	kk 91 of 119
(0)	kk 92 of 119
(0)	kk 93 of 119
(0)	kk 94 of 119
(0)	kk 95 of 119
(0)	kk 96 of 119
(0)	kk 97 of 119
(0)	kk 98 of 119
(0)	kk 99 of 119
(0)	kk 100 of 119
(0)	kk 101 of 119
(0)	kk 102 of 119
(0)	kk 103 of 119
(0)	kk 104 of 119
(0)	kk 105 of 119
(0)	kk 106 of 119
(0)	kk 107 of 119
(0)	kk 108 of 119
(0)	kk 109 of 119
(0)	kk 110 of 119
(0)	kk 111 of 119
(0)	kk 112 of 119
(0)	kk 113 of 119
(0)	kk 114 of 119
(0)	kk 115 of 119
(0)	kk 116 of 119
(0)	kk 117 of 119
(0)	kk 118 of 119
(0)	kk 119 of 119
(0)	.... writing file: /glade/u/home/zarzycki/acgd0005/archive/f.asd2017.cesm20b05.FAMIPC6CLM5.mp15a-120a-US_t12/atm/hist//f.asd2017.cesm20b05.FAMIPC6CLM5.mp15a-120a-US_t12.cam.h2.1979-04-01-00000.nc.PRES.nc
(0)	
=====> Wall Clock Elapsed Time: Total time for script to run: 7899 seconds <=====

/glade/u/home/zarzycki/acgd0005/archive/f.asd2017.cesm20b05.FAMIPC6CLM5.mp15a-120a-US_t12/atm/hist//f.asd2017.cesm20b05.FAMIPC6CLM5.mp15a-120a-US_t12.cam.h2.1979-05-01-00000.nc
input in flex scanner failed
 Copyright (C) 1995-2017 - All Rights Reserved
 University Corporation for Atmospheric Research
 NCAR Command Language Version 6.4.0
 The use of this software is governed by a License Agreement.
 See http://www.ncl.ucar.edu/ for more details.
(0)	HIST FILE: /glade/u/home/zarzycki/acgd0005/archive/f.asd2017.cesm20b05.FAMIPC6CLM5.mp15a-120a-US_t12/atm/hist//f.asd2017.cesm20b05.FAMIPC6CLM5.mp15a-120a-US_t12.cam.h2.1979-05-01-00000.nc
(0)	GRID FILE: /glade/p/work/zarzycki/ASD2017_files/atm/cam/inic/mpas/x8.195266-US.CAM.L32.init.new.170222.nc
(0)	OUT  FILE: /glade/u/home/zarzycki/acgd0005/archive/f.asd2017.cesm20b05.FAMIPC6CLM5.mp15a-120a-US_t12/atm/hist//f.asd2017.cesm20b05.FAMIPC6CLM5.mp15a-120a-US_t12.cam.h2.1979-05-01-00000.nc.PRES.nc
(0)	kk 0 of 119
(0)	kk 1 of 119
(0)	kk 2 of 119
(0)	kk 3 of 119
(0)	kk 4 of 119
(0)	kk 5 of 119
(0)	kk 6 of 119
(0)	kk 7 of 119
(0)	kk 8 of 119
(0)	kk 9 of 119
(0)	kk 10 of 119
(0)	kk 11 of 119
(0)	kk 12 of 119
(0)	kk 13 of 119
(0)	kk 14 of 119
(0)	kk 15 of 119
(0)	kk 16 of 119
(0)	kk 17 of 119
(0)	kk 18 of 119
(0)	kk 19 of 119
(0)	kk 20 of 119
(0)	kk 21 of 119
(0)	kk 22 of 119
(0)	kk 23 of 119
(0)	kk 24 of 119
(0)	kk 25 of 119
(0)	kk 26 of 119
(0)	kk 27 of 119
(0)	kk 28 of 119
(0)	kk 29 of 119
(0)	kk 30 of 119
(0)	kk 31 of 119
(0)	kk 32 of 119
(0)	kk 33 of 119
(0)	kk 34 of 119
(0)	kk 35 of 119
(0)	kk 36 of 119
(0)	kk 37 of 119
(0)	kk 38 of 119
(0)	kk 39 of 119
(0)	kk 40 of 119
(0)	kk 41 of 119
(0)	kk 42 of 119
(0)	kk 43 of 119
(0)	kk 44 of 119
(0)	kk 45 of 119
(0)	kk 46 of 119
(0)	kk 47 of 119
(0)	kk 48 of 119
(0)	kk 49 of 119
(0)	kk 50 of 119
(0)	kk 51 of 119
(0)	kk 52 of 119
(0)	kk 53 of 119
(0)	kk 54 of 119
(0)	kk 55 of 119
(0)	kk 56 of 119
(0)	kk 57 of 119
(0)	kk 58 of 119
(0)	kk 59 of 119
(0)	kk 60 of 119
(0)	kk 61 of 119
(0)	kk 62 of 119
(0)	kk 63 of 119
(0)	kk 64 of 119
(0)	kk 65 of 119
(0)	kk 66 of 119
(0)	kk 67 of 119
(0)	kk 68 of 119
(0)	kk 69 of 119
(0)	kk 70 of 119
(0)	kk 71 of 119
(0)	kk 72 of 119
(0)	kk 73 of 119
(0)	kk 74 of 119
(0)	kk 75 of 119
(0)	kk 76 of 119
(0)	kk 77 of 119
(0)	kk 78 of 119
(0)	kk 79 of 119
(0)	kk 80 of 119
(0)	kk 81 of 119
(0)	kk 82 of 119
(0)	kk 83 of 119
(0)	kk 84 of 119
(0)	kk 85 of 119
(0)	kk 86 of 119
(0)	kk 87 of 119
(0)	kk 88 of 119
(0)	kk 89 of 119
(0)	kk 90 of 119
(0)	kk 91 of 119
(0)	kk 92 of 119
(0)	kk 93 of 119
(0)	kk 94 of 119
(0)	kk 95 of 119
(0)	kk 96 of 119
(0)	kk 97 of 119
(0)	kk 98 of 119
(0)	kk 99 of 119
(0)	kk 100 of 119
(0)	kk 101 of 119
(0)	kk 102 of 119
(0)	kk 103 of 119
(0)	kk 104 of 119
(0)	kk 105 of 119
(0)	kk 106 of 119
(0)	kk 107 of 119
(0)	kk 108 of 119
(0)	kk 109 of 119
(0)	kk 110 of 119
(0)	kk 111 of 119
(0)	kk 112 of 119
(0)	kk 113 of 119
(0)	kk 114 of 119
(0)	kk 115 of 119
(0)	kk 116 of 119
(0)	kk 117 of 119
(0)	kk 118 of 119
(0)	kk 119 of 119
(0)	.... writing file: /glade/u/home/zarzycki/acgd0005/archive/f.asd2017.cesm20b05.FAMIPC6CLM5.mp15a-120a-US_t12/atm/hist//f.asd2017.cesm20b05.FAMIPC6CLM5.mp15a-120a-US_t12.cam.h2.1979-05-01-00000.nc.PRES.nc
(0)	
=====> Wall Clock Elapsed Time: Total time for script to run: 7960 seconds <=====

/glade/u/home/zarzycki/acgd0005/archive/f.asd2017.cesm20b05.FAMIPC6CLM5.mp15a-120a-US_t12/atm/hist//f.asd2017.cesm20b05.FAMIPC6CLM5.mp15a-120a-US_t12.cam.h2.1979-05-31-00000.nc
input in flex scanner failed
 Copyright (C) 1995-2017 - All Rights Reserved
 University Corporation for Atmospheric Research
 NCAR Command Language Version 6.4.0
 The use of this software is governed by a License Agreement.
 See http://www.ncl.ucar.edu/ for more details.
(0)	HIST FILE: /glade/u/home/zarzycki/acgd0005/archive/f.asd2017.cesm20b05.FAMIPC6CLM5.mp15a-120a-US_t12/atm/hist//f.asd2017.cesm20b05.FAMIPC6CLM5.mp15a-120a-US_t12.cam.h2.1979-05-31-00000.nc
(0)	GRID FILE: /glade/p/work/zarzycki/ASD2017_files/atm/cam/inic/mpas/x8.195266-US.CAM.L32.init.new.170222.nc
(0)	OUT  FILE: /glade/u/home/zarzycki/acgd0005/archive/f.asd2017.cesm20b05.FAMIPC6CLM5.mp15a-120a-US_t12/atm/hist//f.asd2017.cesm20b05.FAMIPC6CLM5.mp15a-120a-US_t12.cam.h2.1979-05-31-00000.nc.PRES.nc
(0)	kk 0 of 119
(0)	kk 1 of 119
(0)	kk 2 of 119
(0)	kk 3 of 119
(0)	kk 4 of 119
(0)	kk 5 of 119
(0)	kk 6 of 119
(0)	kk 7 of 119
(0)	kk 8 of 119
(0)	kk 9 of 119
(0)	kk 10 of 119
(0)	kk 11 of 119
(0)	kk 12 of 119
(0)	kk 13 of 119
(0)	kk 14 of 119
(0)	kk 15 of 119
(0)	kk 16 of 119
(0)	kk 17 of 119
(0)	kk 18 of 119
(0)	kk 19 of 119
(0)	kk 20 of 119
(0)	kk 21 of 119
(0)	kk 22 of 119
(0)	kk 23 of 119
(0)	kk 24 of 119
(0)	kk 25 of 119
(0)	kk 26 of 119
(0)	kk 27 of 119
(0)	kk 28 of 119
(0)	kk 29 of 119
(0)	kk 30 of 119
(0)	kk 31 of 119
(0)	kk 32 of 119
(0)	kk 33 of 119
(0)	kk 34 of 119
(0)	kk 35 of 119
(0)	kk 36 of 119
(0)	kk 37 of 119
(0)	kk 38 of 119
(0)	kk 39 of 119
(0)	kk 40 of 119
(0)	kk 41 of 119
(0)	kk 42 of 119
(0)	kk 43 of 119
(0)	kk 44 of 119
(0)	kk 45 of 119
(0)	kk 46 of 119
(0)	kk 47 of 119
(0)	kk 48 of 119
(0)	kk 49 of 119
(0)	kk 50 of 119
(0)	kk 51 of 119
(0)	kk 52 of 119
(0)	kk 53 of 119
(0)	kk 54 of 119
(0)	kk 55 of 119
(0)	kk 56 of 119
(0)	kk 57 of 119
(0)	kk 58 of 119
(0)	kk 59 of 119
(0)	kk 60 of 119
(0)	kk 61 of 119
(0)	kk 62 of 119
(0)	kk 63 of 119
(0)	kk 64 of 119
(0)	kk 65 of 119
(0)	kk 66 of 119
(0)	kk 67 of 119
(0)	kk 68 of 119
(0)	kk 69 of 119
(0)	kk 70 of 119
(0)	kk 71 of 119
(0)	kk 72 of 119
(0)	kk 73 of 119
(0)	kk 74 of 119
(0)	kk 75 of 119
(0)	kk 76 of 119
(0)	kk 77 of 119
(0)	kk 78 of 119
(0)	kk 79 of 119
(0)	kk 80 of 119
(0)	kk 81 of 119
(0)	kk 82 of 119
(0)	kk 83 of 119
(0)	kk 84 of 119
(0)	kk 85 of 119
(0)	kk 86 of 119
(0)	kk 87 of 119
(0)	kk 88 of 119
(0)	kk 89 of 119
(0)	kk 90 of 119
(0)	kk 91 of 119
(0)	kk 92 of 119
(0)	kk 93 of 119
(0)	kk 94 of 119
(0)	kk 95 of 119
(0)	kk 96 of 119
(0)	kk 97 of 119
(0)	kk 98 of 119
(0)	kk 99 of 119
(0)	kk 100 of 119
(0)	kk 101 of 119
(0)	kk 102 of 119
(0)	kk 103 of 119
(0)	kk 104 of 119
(0)	kk 105 of 119
(0)	kk 106 of 119
(0)	kk 107 of 119
(0)	kk 108 of 119
(0)	kk 109 of 119
(0)	kk 110 of 119
(0)	kk 111 of 119
(0)	kk 112 of 119
(0)	kk 113 of 119
(0)	kk 114 of 119
(0)	kk 115 of 119
(0)	kk 116 of 119
(0)	kk 117 of 119
(0)	kk 118 of 119
(0)	kk 119 of 119
(0)	.... writing file: /glade/u/home/zarzycki/acgd0005/archive/f.asd2017.cesm20b05.FAMIPC6CLM5.mp15a-120a-US_t12/atm/hist//f.asd2017.cesm20b05.FAMIPC6CLM5.mp15a-120a-US_t12.cam.h2.1979-05-31-00000.nc.PRES.nc
(0)	
=====> Wall Clock Elapsed Time: Total time for script to run: 7905 seconds <=====

/glade/u/home/zarzycki/acgd0005/archive/f.asd2017.cesm20b05.FAMIPC6CLM5.mp15a-120a-US_t12/atm/hist//f.asd2017.cesm20b05.FAMIPC6CLM5.mp15a-120a-US_t12.cam.h2.1979-06-30-00000.nc
input in flex scanner failed
 Copyright (C) 1995-2017 - All Rights Reserved
 University Corporation for Atmospheric Research
 NCAR Command Language Version 6.4.0
 The use of this software is governed by a License Agreement.
 See http://www.ncl.ucar.edu/ for more details.
(0)	HIST FILE: /glade/u/home/zarzycki/acgd0005/archive/f.asd2017.cesm20b05.FAMIPC6CLM5.mp15a-120a-US_t12/atm/hist//f.asd2017.cesm20b05.FAMIPC6CLM5.mp15a-120a-US_t12.cam.h2.1979-06-30-00000.nc
(0)	GRID FILE: /glade/p/work/zarzycki/ASD2017_files/atm/cam/inic/mpas/x8.195266-US.CAM.L32.init.new.170222.nc
(0)	OUT  FILE: /glade/u/home/zarzycki/acgd0005/archive/f.asd2017.cesm20b05.FAMIPC6CLM5.mp15a-120a-US_t12/atm/hist//f.asd2017.cesm20b05.FAMIPC6CLM5.mp15a-120a-US_t12.cam.h2.1979-06-30-00000.nc.PRES.nc
(0)	kk 0 of 119
(0)	kk 1 of 119
(0)	kk 2 of 119
(0)	kk 3 of 119
(0)	kk 4 of 119
(0)	kk 5 of 119
(0)	kk 6 of 119
(0)	kk 7 of 119
(0)	kk 8 of 119
(0)	kk 9 of 119
(0)	kk 10 of 119
(0)	kk 11 of 119
(0)	kk 12 of 119
(0)	kk 13 of 119
(0)	kk 14 of 119
(0)	kk 15 of 119
(0)	kk 16 of 119
(0)	kk 17 of 119
(0)	kk 18 of 119
(0)	kk 19 of 119
(0)	kk 20 of 119
(0)	kk 21 of 119
(0)	kk 22 of 119
(0)	kk 23 of 119
(0)	kk 24 of 119
(0)	kk 25 of 119
(0)	kk 26 of 119
(0)	kk 27 of 119
(0)	kk 28 of 119
(0)	kk 29 of 119
(0)	kk 30 of 119
(0)	kk 31 of 119
(0)	kk 32 of 119
(0)	kk 33 of 119
(0)	kk 34 of 119
(0)	kk 35 of 119
(0)	kk 36 of 119
(0)	kk 37 of 119
(0)	kk 38 of 119
(0)	kk 39 of 119
(0)	kk 40 of 119
(0)	kk 41 of 119
(0)	kk 42 of 119
(0)	kk 43 of 119
(0)	kk 44 of 119
(0)	kk 45 of 119
(0)	kk 46 of 119
(0)	kk 47 of 119
(0)	kk 48 of 119
(0)	kk 49 of 119
(0)	kk 50 of 119
(0)	kk 51 of 119
(0)	kk 52 of 119
(0)	kk 53 of 119
(0)	kk 54 of 119
(0)	kk 55 of 119
(0)	kk 56 of 119
(0)	kk 57 of 119
(0)	kk 58 of 119
(0)	kk 59 of 119
(0)	kk 60 of 119
(0)	kk 61 of 119
(0)	kk 62 of 119
(0)	kk 63 of 119
(0)	kk 64 of 119
(0)	kk 65 of 119
(0)	kk 66 of 119
(0)	kk 67 of 119
(0)	kk 68 of 119
(0)	kk 69 of 119
(0)	kk 70 of 119
(0)	kk 71 of 119
(0)	kk 72 of 119
(0)	kk 73 of 119
(0)	kk 74 of 119
(0)	kk 75 of 119
(0)	kk 76 of 119
(0)	kk 77 of 119
(0)	kk 78 of 119
(0)	kk 79 of 119
(0)	kk 80 of 119
(0)	kk 81 of 119
(0)	kk 82 of 119
(0)	kk 83 of 119
(0)	kk 84 of 119
(0)	kk 85 of 119
(0)	kk 86 of 119
(0)	kk 87 of 119
(0)	kk 88 of 119
(0)	kk 89 of 119
(0)	kk 90 of 119
(0)	kk 91 of 119
(0)	kk 92 of 119
(0)	kk 93 of 119
(0)	kk 94 of 119
(0)	kk 95 of 119
(0)	kk 96 of 119
(0)	kk 97 of 119
(0)	kk 98 of 119
(0)	kk 99 of 119
(0)	kk 100 of 119
(0)	kk 101 of 119
(0)	kk 102 of 119
(0)	kk 103 of 119
(0)	kk 104 of 119
(0)	kk 105 of 119
(0)	kk 106 of 119
(0)	kk 107 of 119
(0)	kk 108 of 119
(0)	kk 109 of 119
(0)	kk 110 of 119
(0)	kk 111 of 119
(0)	kk 112 of 119
(0)	kk 113 of 119
(0)	kk 114 of 119
(0)	kk 115 of 119
(0)	kk 116 of 119
(0)	kk 117 of 119
(0)	kk 118 of 119
(0)	kk 119 of 119
(0)	.... writing file: /glade/u/home/zarzycki/acgd0005/archive/f.asd2017.cesm20b05.FAMIPC6CLM5.mp15a-120a-US_t12/atm/hist//f.asd2017.cesm20b05.FAMIPC6CLM5.mp15a-120a-US_t12.cam.h2.1979-06-30-00000.nc.PRES.nc
(0)	
=====> Wall Clock Elapsed Time: Total time for script to run: 7911 seconds <=====

/glade/u/home/zarzycki/acgd0005/archive/f.asd2017.cesm20b05.FAMIPC6CLM5.mp15a-120a-US_t12/atm/hist//f.asd2017.cesm20b05.FAMIPC6CLM5.mp15a-120a-US_t12.cam.h2.1979-07-30-00000.nc
input in flex scanner failed
 Copyright (C) 1995-2017 - All Rights Reserved
 University Corporation for Atmospheric Research
 NCAR Command Language Version 6.4.0
 The use of this software is governed by a License Agreement.
 See http://www.ncl.ucar.edu/ for more details.
(0)	HIST FILE: /glade/u/home/zarzycki/acgd0005/archive/f.asd2017.cesm20b05.FAMIPC6CLM5.mp15a-120a-US_t12/atm/hist//f.asd2017.cesm20b05.FAMIPC6CLM5.mp15a-120a-US_t12.cam.h2.1979-07-30-00000.nc
(0)	GRID FILE: /glade/p/work/zarzycki/ASD2017_files/atm/cam/inic/mpas/x8.195266-US.CAM.L32.init.new.170222.nc
(0)	OUT  FILE: /glade/u/home/zarzycki/acgd0005/archive/f.asd2017.cesm20b05.FAMIPC6CLM5.mp15a-120a-US_t12/atm/hist//f.asd2017.cesm20b05.FAMIPC6CLM5.mp15a-120a-US_t12.cam.h2.1979-07-30-00000.nc.PRES.nc
(0)	kk 0 of 119
(0)	kk 1 of 119
(0)	kk 2 of 119
(0)	kk 3 of 119
(0)	kk 4 of 119
(0)	kk 5 of 119
(0)	kk 6 of 119
(0)	kk 7 of 119
(0)	kk 8 of 119
(0)	kk 9 of 119
(0)	kk 10 of 119
(0)	kk 11 of 119
(0)	kk 12 of 119
(0)	kk 13 of 119
(0)	kk 14 of 119
(0)	kk 15 of 119
(0)	kk 16 of 119
(0)	kk 17 of 119
(0)	kk 18 of 119
(0)	kk 19 of 119
(0)	kk 20 of 119
(0)	kk 21 of 119
(0)	kk 22 of 119
(0)	kk 23 of 119
(0)	kk 24 of 119
(0)	kk 25 of 119
(0)	kk 26 of 119
(0)	kk 27 of 119
(0)	kk 28 of 119
(0)	kk 29 of 119
(0)	kk 30 of 119
(0)	kk 31 of 119
(0)	kk 32 of 119
(0)	kk 33 of 119
(0)	kk 34 of 119
(0)	kk 35 of 119
(0)	kk 36 of 119
(0)	kk 37 of 119
(0)	kk 38 of 119
(0)	kk 39 of 119
(0)	kk 40 of 119
(0)	kk 41 of 119
(0)	kk 42 of 119
(0)	kk 43 of 119
(0)	kk 44 of 119
(0)	kk 45 of 119
(0)	kk 46 of 119
(0)	kk 47 of 119
(0)	kk 48 of 119
(0)	kk 49 of 119
(0)	kk 50 of 119
(0)	kk 51 of 119
(0)	kk 52 of 119
(0)	kk 53 of 119
(0)	kk 54 of 119
(0)	kk 55 of 119
(0)	kk 56 of 119
(0)	kk 57 of 119
(0)	kk 58 of 119
(0)	kk 59 of 119
(0)	kk 60 of 119
(0)	kk 61 of 119
(0)	kk 62 of 119
(0)	kk 63 of 119
(0)	kk 64 of 119
(0)	kk 65 of 119
(0)	kk 66 of 119
(0)	kk 67 of 119
(0)	kk 68 of 119
(0)	kk 69 of 119
(0)	kk 70 of 119
(0)	kk 71 of 119
(0)	kk 72 of 119
(0)	kk 73 of 119
(0)	kk 74 of 119
(0)	kk 75 of 119
(0)	kk 76 of 119
(0)	kk 77 of 119
(0)	kk 78 of 119
(0)	kk 79 of 119
(0)	kk 80 of 119
(0)	kk 81 of 119
(0)	kk 82 of 119
(0)	kk 83 of 119
(0)	kk 84 of 119
(0)	kk 85 of 119
(0)	kk 86 of 119
(0)	kk 87 of 119
(0)	kk 88 of 119
(0)	kk 89 of 119
(0)	kk 90 of 119
(0)	kk 91 of 119
(0)	kk 92 of 119
(0)	kk 93 of 119
(0)	kk 94 of 119
(0)	kk 95 of 119
(0)	kk 96 of 119
(0)	kk 97 of 119
(0)	kk 98 of 119
(0)	kk 99 of 119
(0)	kk 100 of 119
(0)	kk 101 of 119
(0)	kk 102 of 119
(0)	kk 103 of 119
(0)	kk 104 of 119
(0)	kk 105 of 119
(0)	kk 106 of 119
(0)	kk 107 of 119
(0)	kk 108 of 119
(0)	kk 109 of 119
(0)	kk 110 of 119
(0)	kk 111 of 119
(0)	kk 112 of 119
(0)	kk 113 of 119
(0)	kk 114 of 119
(0)	kk 115 of 119
(0)	kk 116 of 119
(0)	kk 117 of 119
(0)	kk 118 of 119
(0)	kk 119 of 119
(0)	.... writing file: /glade/u/home/zarzycki/acgd0005/archive/f.asd2017.cesm20b05.FAMIPC6CLM5.mp15a-120a-US_t12/atm/hist//f.asd2017.cesm20b05.FAMIPC6CLM5.mp15a-120a-US_t12.cam.h2.1979-07-30-00000.nc.PRES.nc
(0)	
=====> Wall Clock Elapsed Time: Total time for script to run: 7908 seconds <=====

/glade/u/home/zarzycki/acgd0005/archive/f.asd2017.cesm20b05.FAMIPC6CLM5.mp15a-120a-US_t12/atm/hist//f.asd2017.cesm20b05.FAMIPC6CLM5.mp15a-120a-US_t12.cam.h2.1979-08-29-00000.nc
input in flex scanner failed
 Copyright (C) 1995-2017 - All Rights Reserved
 University Corporation for Atmospheric Research
 NCAR Command Language Version 6.4.0
 The use of this software is governed by a License Agreement.
 See http://www.ncl.ucar.edu/ for more details.
(0)	HIST FILE: /glade/u/home/zarzycki/acgd0005/archive/f.asd2017.cesm20b05.FAMIPC6CLM5.mp15a-120a-US_t12/atm/hist//f.asd2017.cesm20b05.FAMIPC6CLM5.mp15a-120a-US_t12.cam.h2.1979-08-29-00000.nc
(0)	GRID FILE: /glade/p/work/zarzycki/ASD2017_files/atm/cam/inic/mpas/x8.195266-US.CAM.L32.init.new.170222.nc
(0)	OUT  FILE: /glade/u/home/zarzycki/acgd0005/archive/f.asd2017.cesm20b05.FAMIPC6CLM5.mp15a-120a-US_t12/atm/hist//f.asd2017.cesm20b05.FAMIPC6CLM5.mp15a-120a-US_t12.cam.h2.1979-08-29-00000.nc.PRES.nc
(0)	kk 0 of 119
(0)	kk 1 of 119
(0)	kk 2 of 119
(0)	kk 3 of 119
(0)	kk 4 of 119
(0)	kk 5 of 119
(0)	kk 6 of 119
(0)	kk 7 of 119
(0)	kk 8 of 119
(0)	kk 9 of 119
(0)	kk 10 of 119
(0)	kk 11 of 119
(0)	kk 12 of 119
(0)	kk 13 of 119
(0)	kk 14 of 119
(0)	kk 15 of 119
(0)	kk 16 of 119
(0)	kk 17 of 119
(0)	kk 18 of 119
(0)	kk 19 of 119
(0)	kk 20 of 119
(0)	kk 21 of 119
(0)	kk 22 of 119
(0)	kk 23 of 119
(0)	kk 24 of 119
(0)	kk 25 of 119
(0)	kk 26 of 119
(0)	kk 27 of 119
(0)	kk 28 of 119
(0)	kk 29 of 119
(0)	kk 30 of 119
(0)	kk 31 of 119
(0)	kk 32 of 119
(0)	kk 33 of 119
(0)	kk 34 of 119
(0)	kk 35 of 119
(0)	kk 36 of 119
(0)	kk 37 of 119
(0)	kk 38 of 119
(0)	kk 39 of 119
(0)	kk 40 of 119
(0)	kk 41 of 119
(0)	kk 42 of 119
(0)	kk 43 of 119
(0)	kk 44 of 119
(0)	kk 45 of 119
(0)	kk 46 of 119
(0)	kk 47 of 119
(0)	kk 48 of 119
(0)	kk 49 of 119
(0)	kk 50 of 119
(0)	kk 51 of 119
(0)	kk 52 of 119
(0)	kk 53 of 119
(0)	kk 54 of 119
(0)	kk 55 of 119
(0)	kk 56 of 119
(0)	kk 57 of 119
(0)	kk 58 of 119
(0)	kk 59 of 119
(0)	kk 60 of 119
(0)	kk 61 of 119
(0)	kk 62 of 119
(0)	kk 63 of 119
(0)	kk 64 of 119
(0)	kk 65 of 119
(0)	kk 66 of 119
(0)	kk 67 of 119
(0)	kk 68 of 119
(0)	kk 69 of 119
(0)	kk 70 of 119
(0)	kk 71 of 119
(0)	kk 72 of 119
(0)	kk 73 of 119
(0)	kk 74 of 119
(0)	kk 75 of 119
(0)	kk 76 of 119
(0)	kk 77 of 119
(0)	kk 78 of 119
(0)	kk 79 of 119
(0)	kk 80 of 119
(0)	kk 81 of 119
(0)	kk 82 of 119
(0)	kk 83 of 119
(0)	kk 84 of 119
(0)	kk 85 of 119
(0)	kk 86 of 119
(0)	kk 87 of 119
(0)	kk 88 of 119
(0)	kk 89 of 119
(0)	kk 90 of 119
(0)	kk 91 of 119
(0)	kk 92 of 119
(0)	kk 93 of 119
(0)	kk 94 of 119
(0)	kk 95 of 119
(0)	kk 96 of 119
(0)	kk 97 of 119
(0)	kk 98 of 119
(0)	kk 99 of 119
(0)	kk 100 of 119
(0)	kk 101 of 119
(0)	kk 102 of 119
(0)	kk 103 of 119
(0)	kk 104 of 119
(0)	kk 105 of 119
(0)	kk 106 of 119
(0)	kk 107 of 119
(0)	kk 108 of 119
(0)	kk 109 of 119
(0)	kk 110 of 119
(0)	kk 111 of 119
(0)	kk 112 of 119
(0)	kk 113 of 119
(0)	kk 114 of 119
(0)	kk 115 of 119
(0)	kk 116 of 119
(0)	kk 117 of 119
(0)	kk 118 of 119
(0)	kk 119 of 119
(0)	.... writing file: /glade/u/home/zarzycki/acgd0005/archive/f.asd2017.cesm20b05.FAMIPC6CLM5.mp15a-120a-US_t12/atm/hist//f.asd2017.cesm20b05.FAMIPC6CLM5.mp15a-120a-US_t12.cam.h2.1979-08-29-00000.nc.PRES.nc
(0)	
=====> Wall Clock Elapsed Time: Total time for script to run: 7946 seconds <=====

/glade/u/home/zarzycki/acgd0005/archive/f.asd2017.cesm20b05.FAMIPC6CLM5.mp15a-120a-US_t12/atm/hist//f.asd2017.cesm20b05.FAMIPC6CLM5.mp15a-120a-US_t12.cam.h2.1979-09-28-00000.nc
input in flex scanner failed
 Copyright (C) 1995-2017 - All Rights Reserved
 University Corporation for Atmospheric Research
 NCAR Command Language Version 6.4.0
 The use of this software is governed by a License Agreement.
 See http://www.ncl.ucar.edu/ for more details.
(0)	HIST FILE: /glade/u/home/zarzycki/acgd0005/archive/f.asd2017.cesm20b05.FAMIPC6CLM5.mp15a-120a-US_t12/atm/hist//f.asd2017.cesm20b05.FAMIPC6CLM5.mp15a-120a-US_t12.cam.h2.1979-09-28-00000.nc
(0)	GRID FILE: /glade/p/work/zarzycki/ASD2017_files/atm/cam/inic/mpas/x8.195266-US.CAM.L32.init.new.170222.nc
(0)	OUT  FILE: /glade/u/home/zarzycki/acgd0005/archive/f.asd2017.cesm20b05.FAMIPC6CLM5.mp15a-120a-US_t12/atm/hist//f.asd2017.cesm20b05.FAMIPC6CLM5.mp15a-120a-US_t12.cam.h2.1979-09-28-00000.nc.PRES.nc
(0)	kk 0 of 119
(0)	kk 1 of 119
(0)	kk 2 of 119
(0)	kk 3 of 119
(0)	kk 4 of 119
(0)	kk 5 of 119
(0)	kk 6 of 119
(0)	kk 7 of 119
(0)	kk 8 of 119
(0)	kk 9 of 119
(0)	kk 10 of 119
(0)	kk 11 of 119
(0)	kk 12 of 119
(0)	kk 13 of 119
(0)	kk 14 of 119
(0)	kk 15 of 119
(0)	kk 16 of 119
(0)	kk 17 of 119
(0)	kk 18 of 119
(0)	kk 19 of 119
(0)	kk 20 of 119
(0)	kk 21 of 119
(0)	kk 22 of 119
(0)	kk 23 of 119
(0)	kk 24 of 119
(0)	kk 25 of 119
(0)	kk 26 of 119
(0)	kk 27 of 119
(0)	kk 28 of 119
(0)	kk 29 of 119
(0)	kk 30 of 119
(0)	kk 31 of 119
(0)	kk 32 of 119
(0)	kk 33 of 119
(0)	kk 34 of 119
(0)	kk 35 of 119
(0)	kk 36 of 119
(0)	kk 37 of 119
(0)	kk 38 of 119
(0)	kk 39 of 119
(0)	kk 40 of 119
(0)	kk 41 of 119
(0)	kk 42 of 119
(0)	kk 43 of 119
(0)	kk 44 of 119
(0)	kk 45 of 119
(0)	kk 46 of 119
(0)	kk 47 of 119
(0)	kk 48 of 119
(0)	kk 49 of 119
(0)	kk 50 of 119
(0)	kk 51 of 119
(0)	kk 52 of 119
(0)	kk 53 of 119
(0)	kk 54 of 119
(0)	kk 55 of 119
(0)	kk 56 of 119
(0)	kk 57 of 119
(0)	kk 58 of 119
(0)	kk 59 of 119
(0)	kk 60 of 119
(0)	kk 61 of 119
(0)	kk 62 of 119
(0)	kk 63 of 119
(0)	kk 64 of 119
(0)	kk 65 of 119
(0)	kk 66 of 119
(0)	kk 67 of 119
(0)	kk 68 of 119
(0)	kk 69 of 119
(0)	kk 70 of 119
(0)	kk 71 of 119
(0)	kk 72 of 119
(0)	kk 73 of 119
(0)	kk 74 of 119
(0)	kk 75 of 119
(0)	kk 76 of 119
(0)	kk 77 of 119
(0)	kk 78 of 119
(0)	kk 79 of 119
(0)	kk 80 of 119
(0)	kk 81 of 119
(0)	kk 82 of 119
(0)	kk 83 of 119
(0)	kk 84 of 119
(0)	kk 85 of 119
(0)	kk 86 of 119
(0)	kk 87 of 119
(0)	kk 88 of 119
(0)	kk 89 of 119
(0)	kk 90 of 119
(0)	kk 91 of 119
(0)	kk 92 of 119
(0)	kk 93 of 119
(0)	kk 94 of 119
(0)	kk 95 of 119
(0)	kk 96 of 119
(0)	kk 97 of 119
(0)	kk 98 of 119
(0)	kk 99 of 119
(0)	kk 100 of 119
(0)	kk 101 of 119
(0)	kk 102 of 119
(0)	kk 103 of 119
(0)	kk 104 of 119
(0)	kk 105 of 119
(0)	kk 106 of 119
(0)	kk 107 of 119
(0)	kk 108 of 119
(0)	kk 109 of 119
(0)	kk 110 of 119
(0)	kk 111 of 119
(0)	kk 112 of 119
(0)	kk 113 of 119
(0)	kk 114 of 119
(0)	kk 115 of 119
(0)	kk 116 of 119
(0)	kk 117 of 119
(0)	kk 118 of 119
(0)	kk 119 of 119
(0)	.... writing file: /glade/u/home/zarzycki/acgd0005/archive/f.asd2017.cesm20b05.FAMIPC6CLM5.mp15a-120a-US_t12/atm/hist//f.asd2017.cesm20b05.FAMIPC6CLM5.mp15a-120a-US_t12.cam.h2.1979-09-28-00000.nc.PRES.nc
(0)	
=====> Wall Clock Elapsed Time: Total time for script to run: 7908 seconds <=====

/glade/u/home/zarzycki/acgd0005/archive/f.asd2017.cesm20b05.FAMIPC6CLM5.mp15a-120a-US_t12/atm/hist//f.asd2017.cesm20b05.FAMIPC6CLM5.mp15a-120a-US_t12.cam.h2.1979-10-28-00000.nc
input in flex scanner failed
 Copyright (C) 1995-2017 - All Rights Reserved
 University Corporation for Atmospheric Research
 NCAR Command Language Version 6.4.0
 The use of this software is governed by a License Agreement.
 See http://www.ncl.ucar.edu/ for more details.
(0)	HIST FILE: /glade/u/home/zarzycki/acgd0005/archive/f.asd2017.cesm20b05.FAMIPC6CLM5.mp15a-120a-US_t12/atm/hist//f.asd2017.cesm20b05.FAMIPC6CLM5.mp15a-120a-US_t12.cam.h2.1979-10-28-00000.nc
(0)	GRID FILE: /glade/p/work/zarzycki/ASD2017_files/atm/cam/inic/mpas/x8.195266-US.CAM.L32.init.new.170222.nc
(0)	OUT  FILE: /glade/u/home/zarzycki/acgd0005/archive/f.asd2017.cesm20b05.FAMIPC6CLM5.mp15a-120a-US_t12/atm/hist//f.asd2017.cesm20b05.FAMIPC6CLM5.mp15a-120a-US_t12.cam.h2.1979-10-28-00000.nc.PRES.nc
(0)	kk 0 of 119
(0)	kk 1 of 119
(0)	kk 2 of 119
(0)	kk 3 of 119
(0)	kk 4 of 119
(0)	kk 5 of 119
(0)	kk 6 of 119
(0)	kk 7 of 119
(0)	kk 8 of 119
(0)	kk 9 of 119
(0)	kk 10 of 119
(0)	kk 11 of 119
(0)	kk 12 of 119
(0)	kk 13 of 119
(0)	kk 14 of 119
(0)	kk 15 of 119
(0)	kk 16 of 119
(0)	kk 17 of 119
(0)	kk 18 of 119
(0)	kk 19 of 119
(0)	kk 20 of 119
(0)	kk 21 of 119
(0)	kk 22 of 119
(0)	kk 23 of 119
(0)	kk 24 of 119
(0)	kk 25 of 119
(0)	kk 26 of 119
(0)	kk 27 of 119
(0)	kk 28 of 119
(0)	kk 29 of 119
(0)	kk 30 of 119
(0)	kk 31 of 119
(0)	kk 32 of 119
(0)	kk 33 of 119
(0)	kk 34 of 119
(0)	kk 35 of 119
(0)	kk 36 of 119
(0)	kk 37 of 119
(0)	kk 38 of 119
(0)	kk 39 of 119
(0)	kk 40 of 119
(0)	kk 41 of 119
(0)	kk 42 of 119
(0)	kk 43 of 119
(0)	kk 44 of 119
(0)	kk 45 of 119
(0)	kk 46 of 119
(0)	kk 47 of 119
(0)	kk 48 of 119
(0)	kk 49 of 119
(0)	kk 50 of 119
(0)	kk 51 of 119
(0)	kk 52 of 119
(0)	kk 53 of 119
(0)	kk 54 of 119
(0)	kk 55 of 119
(0)	kk 56 of 119
(0)	kk 57 of 119
(0)	kk 58 of 119
(0)	kk 59 of 119
(0)	kk 60 of 119
(0)	kk 61 of 119
(0)	kk 62 of 119
(0)	kk 63 of 119
(0)	kk 64 of 119
(0)	kk 65 of 119
(0)	kk 66 of 119
(0)	kk 67 of 119
(0)	kk 68 of 119
(0)	kk 69 of 119
(0)	kk 70 of 119
(0)	kk 71 of 119
(0)	kk 72 of 119
(0)	kk 73 of 119
(0)	kk 74 of 119
(0)	kk 75 of 119
(0)	kk 76 of 119
(0)	kk 77 of 119
(0)	kk 78 of 119
(0)	kk 79 of 119
(0)	kk 80 of 119
(0)	kk 81 of 119
(0)	kk 82 of 119
(0)	kk 83 of 119
(0)	kk 84 of 119
(0)	kk 85 of 119
(0)	kk 86 of 119
(0)	kk 87 of 119
(0)	kk 88 of 119
(0)	kk 89 of 119
(0)	kk 90 of 119
(0)	kk 91 of 119
(0)	kk 92 of 119
(0)	kk 93 of 119
(0)	kk 94 of 119
(0)	kk 95 of 119
(0)	kk 96 of 119
(0)	kk 97 of 119
(0)	kk 98 of 119
(0)	kk 99 of 119
(0)	kk 100 of 119
(0)	kk 101 of 119
(0)	kk 102 of 119
(0)	kk 103 of 119
(0)	kk 104 of 119
(0)	kk 105 of 119
(0)	kk 106 of 119
(0)	kk 107 of 119
(0)	kk 108 of 119
(0)	kk 109 of 119
(0)	kk 110 of 119
(0)	kk 111 of 119
(0)	kk 112 of 119
(0)	kk 113 of 119
(0)	kk 114 of 119
(0)	kk 115 of 119
(0)	kk 116 of 119
(0)	kk 117 of 119
(0)	kk 118 of 119
(0)	kk 119 of 119
(0)	.... writing file: /glade/u/home/zarzycki/acgd0005/archive/f.asd2017.cesm20b05.FAMIPC6CLM5.mp15a-120a-US_t12/atm/hist//f.asd2017.cesm20b05.FAMIPC6CLM5.mp15a-120a-US_t12.cam.h2.1979-10-28-00000.nc.PRES.nc
(0)	
=====> Wall Clock Elapsed Time: Total time for script to run: 7927 seconds <=====

/glade/u/home/zarzycki/acgd0005/archive/f.asd2017.cesm20b05.FAMIPC6CLM5.mp15a-120a-US_t12/atm/hist//f.asd2017.cesm20b05.FAMIPC6CLM5.mp15a-120a-US_t12.cam.h2.1979-11-27-00000.nc
input in flex scanner failed
 Copyright (C) 1995-2017 - All Rights Reserved
 University Corporation for Atmospheric Research
 NCAR Command Language Version 6.4.0
 The use of this software is governed by a License Agreement.
 See http://www.ncl.ucar.edu/ for more details.
(0)	HIST FILE: /glade/u/home/zarzycki/acgd0005/archive/f.asd2017.cesm20b05.FAMIPC6CLM5.mp15a-120a-US_t12/atm/hist//f.asd2017.cesm20b05.FAMIPC6CLM5.mp15a-120a-US_t12.cam.h2.1979-11-27-00000.nc
(0)	GRID FILE: /glade/p/work/zarzycki/ASD2017_files/atm/cam/inic/mpas/x8.195266-US.CAM.L32.init.new.170222.nc
(0)	OUT  FILE: /glade/u/home/zarzycki/acgd0005/archive/f.asd2017.cesm20b05.FAMIPC6CLM5.mp15a-120a-US_t12/atm/hist//f.asd2017.cesm20b05.FAMIPC6CLM5.mp15a-120a-US_t12.cam.h2.1979-11-27-00000.nc.PRES.nc
(0)	kk 0 of 119
(0)	kk 1 of 119
(0)	kk 2 of 119
(0)	kk 3 of 119
(0)	kk 4 of 119
(0)	kk 5 of 119
(0)	kk 6 of 119
(0)	kk 7 of 119
(0)	kk 8 of 119
(0)	kk 9 of 119
(0)	kk 10 of 119
(0)	kk 11 of 119
(0)	kk 12 of 119
(0)	kk 13 of 119
(0)	kk 14 of 119
(0)	kk 15 of 119
(0)	kk 16 of 119
(0)	kk 17 of 119
(0)	kk 18 of 119
(0)	kk 19 of 119
(0)	kk 20 of 119
(0)	kk 21 of 119
(0)	kk 22 of 119
(0)	kk 23 of 119
(0)	kk 24 of 119
(0)	kk 25 of 119
(0)	kk 26 of 119
(0)	kk 27 of 119
(0)	kk 28 of 119
(0)	kk 29 of 119
(0)	kk 30 of 119
(0)	kk 31 of 119
(0)	kk 32 of 119
(0)	kk 33 of 119
(0)	kk 34 of 119
(0)	kk 35 of 119
(0)	kk 36 of 119
(0)	kk 37 of 119
(0)	kk 38 of 119
(0)	kk 39 of 119
(0)	kk 40 of 119
(0)	kk 41 of 119
(0)	kk 42 of 119
(0)	kk 43 of 119
(0)	kk 44 of 119
(0)	kk 45 of 119
(0)	kk 46 of 119
(0)	kk 47 of 119
(0)	kk 48 of 119
(0)	kk 49 of 119
(0)	kk 50 of 119
(0)	kk 51 of 119
(0)	kk 52 of 119
(0)	kk 53 of 119
(0)	kk 54 of 119
(0)	kk 55 of 119
(0)	kk 56 of 119
(0)	kk 57 of 119
(0)	kk 58 of 119
(0)	kk 59 of 119
(0)	kk 60 of 119
(0)	kk 61 of 119
(0)	kk 62 of 119
(0)	kk 63 of 119
(0)	kk 64 of 119
(0)	kk 65 of 119
(0)	kk 66 of 119
(0)	kk 67 of 119
(0)	kk 68 of 119
(0)	kk 69 of 119
(0)	kk 70 of 119
(0)	kk 71 of 119
(0)	kk 72 of 119
(0)	kk 73 of 119
(0)	kk 74 of 119
(0)	kk 75 of 119
(0)	kk 76 of 119
(0)	kk 77 of 119
(0)	kk 78 of 119
(0)	kk 79 of 119
(0)	kk 80 of 119
(0)	kk 81 of 119
(0)	kk 82 of 119
(0)	kk 83 of 119
(0)	kk 84 of 119
(0)	kk 85 of 119
(0)	kk 86 of 119
(0)	kk 87 of 119
(0)	kk 88 of 119
(0)	kk 89 of 119
(0)	kk 90 of 119
(0)	kk 91 of 119
(0)	kk 92 of 119
(0)	kk 93 of 119
(0)	kk 94 of 119
(0)	kk 95 of 119
(0)	kk 96 of 119
(0)	kk 97 of 119
(0)	kk 98 of 119
(0)	kk 99 of 119
(0)	kk 100 of 119
(0)	kk 101 of 119
(0)	kk 102 of 119
(0)	kk 103 of 119
(0)	kk 104 of 119
(0)	kk 105 of 119
(0)	kk 106 of 119
(0)	kk 107 of 119
(0)	kk 108 of 119
(0)	kk 109 of 119
(0)	kk 110 of 119
(0)	kk 111 of 119
(0)	kk 112 of 119
(0)	kk 113 of 119
(0)	kk 114 of 119
(0)	kk 115 of 119
(0)	kk 116 of 119
(0)	kk 117 of 119
(0)	kk 118 of 119
(0)	kk 119 of 119
(0)	.... writing file: /glade/u/home/zarzycki/acgd0005/archive/f.asd2017.cesm20b05.FAMIPC6CLM5.mp15a-120a-US_t12/atm/hist//f.asd2017.cesm20b05.FAMIPC6CLM5.mp15a-120a-US_t12.cam.h2.1979-11-27-00000.nc.PRES.nc
(0)	
=====> Wall Clock Elapsed Time: Total time for script to run: 7905 seconds <=====

/glade/u/home/zarzycki/acgd0005/archive/f.asd2017.cesm20b05.FAMIPC6CLM5.mp15a-120a-US_t12/atm/hist//f.asd2017.cesm20b05.FAMIPC6CLM5.mp15a-120a-US_t12.cam.h2.1979-12-27-00000.nc
input in flex scanner failed
 Copyright (C) 1995-2017 - All Rights Reserved
 University Corporation for Atmospheric Research
 NCAR Command Language Version 6.4.0
 The use of this software is governed by a License Agreement.
 See http://www.ncl.ucar.edu/ for more details.
(0)	HIST FILE: /glade/u/home/zarzycki/acgd0005/archive/f.asd2017.cesm20b05.FAMIPC6CLM5.mp15a-120a-US_t12/atm/hist//f.asd2017.cesm20b05.FAMIPC6CLM5.mp15a-120a-US_t12.cam.h2.1979-12-27-00000.nc
(0)	GRID FILE: /glade/p/work/zarzycki/ASD2017_files/atm/cam/inic/mpas/x8.195266-US.CAM.L32.init.new.170222.nc
(0)	OUT  FILE: /glade/u/home/zarzycki/acgd0005/archive/f.asd2017.cesm20b05.FAMIPC6CLM5.mp15a-120a-US_t12/atm/hist//f.asd2017.cesm20b05.FAMIPC6CLM5.mp15a-120a-US_t12.cam.h2.1979-12-27-00000.nc.PRES.nc
(0)	kk 0 of 119
(0)	kk 1 of 119
(0)	kk 2 of 119
(0)	kk 3 of 119
(0)	kk 4 of 119
(0)	kk 5 of 119
(0)	kk 6 of 119
(0)	kk 7 of 119
(0)	kk 8 of 119
(0)	kk 9 of 119
(0)	kk 10 of 119
(0)	kk 11 of 119
(0)	kk 12 of 119
(0)	kk 13 of 119
(0)	kk 14 of 119
(0)	kk 15 of 119
(0)	kk 16 of 119
(0)	kk 17 of 119
(0)	kk 18 of 119
(0)	kk 19 of 119
(0)	kk 20 of 119
(0)	kk 21 of 119
(0)	kk 22 of 119
(0)	kk 23 of 119
(0)	kk 24 of 119
(0)	kk 25 of 119
(0)	kk 26 of 119
(0)	kk 27 of 119
(0)	kk 28 of 119
(0)	kk 29 of 119
(0)	kk 30 of 119
(0)	kk 31 of 119
(0)	kk 32 of 119
(0)	kk 33 of 119
(0)	kk 34 of 119
(0)	kk 35 of 119
(0)	kk 36 of 119
(0)	kk 37 of 119
(0)	kk 38 of 119
(0)	kk 39 of 119
(0)	kk 40 of 119
(0)	kk 41 of 119
(0)	kk 42 of 119
(0)	kk 43 of 119
(0)	kk 44 of 119
(0)	kk 45 of 119
(0)	kk 46 of 119
(0)	kk 47 of 119
(0)	kk 48 of 119
(0)	kk 49 of 119
(0)	kk 50 of 119
(0)	kk 51 of 119
(0)	kk 52 of 119
(0)	kk 53 of 119
(0)	kk 54 of 119
(0)	kk 55 of 119
(0)	kk 56 of 119
(0)	kk 57 of 119
(0)	kk 58 of 119
(0)	kk 59 of 119
(0)	kk 60 of 119
(0)	kk 61 of 119
(0)	kk 62 of 119
(0)	kk 63 of 119
(0)	kk 64 of 119
(0)	kk 65 of 119
(0)	kk 66 of 119
(0)	kk 67 of 119
(0)	kk 68 of 119
(0)	kk 69 of 119
(0)	kk 70 of 119
(0)	kk 71 of 119
(0)	kk 72 of 119
(0)	kk 73 of 119
(0)	kk 74 of 119
(0)	kk 75 of 119
(0)	kk 76 of 119
(0)	kk 77 of 119
(0)	kk 78 of 119
(0)	kk 79 of 119
(0)	kk 80 of 119
(0)	kk 81 of 119
(0)	kk 82 of 119
(0)	kk 83 of 119
(0)	kk 84 of 119
(0)	kk 85 of 119
(0)	kk 86 of 119
(0)	kk 87 of 119
(0)	kk 88 of 119
(0)	kk 89 of 119
(0)	kk 90 of 119
(0)	kk 91 of 119
(0)	kk 92 of 119
(0)	kk 93 of 119
(0)	kk 94 of 119
(0)	kk 95 of 119
(0)	kk 96 of 119
(0)	kk 97 of 119
(0)	kk 98 of 119
(0)	kk 99 of 119
(0)	kk 100 of 119
(0)	kk 101 of 119
(0)	kk 102 of 119
(0)	kk 103 of 119
(0)	kk 104 of 119
(0)	kk 105 of 119
(0)	kk 106 of 119
(0)	kk 107 of 119
(0)	kk 108 of 119
(0)	kk 109 of 119
(0)	kk 110 of 119
(0)	kk 111 of 119
(0)	kk 112 of 119
(0)	kk 113 of 119
(0)	kk 114 of 119
(0)	kk 115 of 119
(0)	kk 116 of 119
(0)	kk 117 of 119
(0)	kk 118 of 119
(0)	kk 119 of 119
(0)	.... writing file: /glade/u/home/zarzycki/acgd0005/archive/f.asd2017.cesm20b05.FAMIPC6CLM5.mp15a-120a-US_t12/atm/hist//f.asd2017.cesm20b05.FAMIPC6CLM5.mp15a-120a-US_t12.cam.h2.1979-12-27-00000.nc.PRES.nc
(0)	
=====> Wall Clock Elapsed Time: Total time for script to run: 7934 seconds <=====

Fri May 26 12:35:10 MDT 2017
