 Copyright (C) 1995-2014 - All Rights Reserved
 University Corporation for Atmospheric Research
 NCAR Command Language Version 6.2.0-07Mar2014_0234
 The use of this software is governed by a License Agreement.
 See http://www.ncl.ucar.edu/ for more details.
(0)	Getting TC masks
(0)	Done getting TC masks
(0)	------------------------------------------------
(0)	Using log correction and wind correction factor: 0.852516
(0)	------------------------------------------------
(0)	Reading all data into memory
(0)	------------------------------------------------
(0)	Read in TC locations from CAM
(0)	Removing text headers from trajectories
(0)	'traj_vr' has 10547 rows and 8 columns of data.
(0)	Removing temporary file:traj_filt_clean.TMP
(0)	'/glade/u/home/zarzycki/tcstats/ori_vr.txt' has 521 rows and 10 columns of data.
(0)	Get ibTracs data
(0)	Beginning correction for wind averaging period
(0)	Not correcting hurdat_atl
(0)	Not correcting td9636
(0)	Correcting reunion source from 10 min
(0)	Not correcting atcf
(0)	Not correcting ds824_sh
(0)	Not correcting ds824_ni
(0)	Correcting bom source from 10 min
(0)	Not correcting ds824_au
(0)	Not correcting jtwc_sh
(0)	Not correcting jtwc_wp
(0)	Correcting td9635 source from 10 min
(0)	Not correcting ds824_wp
(0)	Not correcting jtwc_io
(0)	Correcting cma source from 2 min
(0)	Not correcting hurdat_epa
(0)	Not correcting jtwc_ep
(0)	Not correcting ds824_ep
(0)	Not correcting jtwc_cp
(0)	Correcting tokyo source from 10 min
(0)	Not correcting neumann
(0)	Correcting hko source from 10 min
(0)	Not correcting cphc
(0)	Correcting wellington source from 10 min
(0)	Correcting newdelhi source from 3 min
(0)	Correcting nadi source from 10 min
(0)	Doing histogram statistics
(0)	We are only using center number hurdat_atl from ibTracs data
(0)	Masking out basins
(0)	Generating wind copies for cutting by intensity
(0)	Doing AMIP intensity binning
(0)	Running ib sum: 245
(0)	Running CAM sum: 221
(0)	We are only using center number hurdat_epa from ibTracs data
(0)	Masking out basins
(0)	Generating wind copies for cutting by intensity
(0)	Doing AMIP intensity binning
(0)	Running ib sum: 613
(0)	Running CAM sum: 334
(0)	We are using all centers available for a particular storm. Use with CAUTION
(0)	Masking out basins
(0)	Generating wind copies for cutting by intensity
(0)	Doing AMIP intensity binning
(0)	Running ib sum: 672
(0)	Running CAM sum: 334
(0)	We are using all centers available for a particular storm. Use with CAUTION
(0)	Masking out basins
(0)	Generating wind copies for cutting by intensity
(0)	Doing AMIP intensity binning
(0)	Running ib sum: 1480
(0)	Running CAM sum: 376
(0)	We are using all centers available for a particular storm. Use with CAUTION
(0)	Masking out basins
(0)	Generating wind copies for cutting by intensity
(0)	Doing AMIP intensity binning
(0)	Running ib sum: 1632
(0)	Running CAM sum: 432
(0)	We are using all centers available for a particular storm. Use with CAUTION
(0)	Masking out basins
(0)	Generating wind copies for cutting by intensity
(0)	Doing AMIP intensity binning
(0)	Running ib sum: 2086
(0)	Running CAM sum: 495
(0)	We are using all centers available for a particular storm. Use with CAUTION
(0)	Masking out basins
(0)	Generating wind copies for cutting by intensity
(0)	Doing AMIP intensity binning
(0)	Running ib sum: 2392
(0)	Running CAM sum: 518
(0)	We are using all centers available for a particular storm. Use with CAUTION
(0)	Masking out basins
(0)	Generating wind copies for cutting by intensity
(0)	Doing AMIP intensity binning
(0)	Running ib sum: 2392
(0)	Running CAM sum: 518


Variable: elninoAvg
Type: float
Total Size: 8 bytes
            2 values
Number of Dimensions: 1
Dimensions and sizes:	[2]
Coordinates: 
Number Of Attributes: 3
  _FillValue_original :	-2147483647
  _FillValue :	-2.147484e+09
  average_op_ncl :	dim_avg_n over dimension(s): time
(0)	8.571428
(1)	7.714286


Variable: neutraAvg
Type: float
Total Size: 8 bytes
            2 values
Number of Dimensions: 1
Dimensions and sizes:	[2]
Coordinates: 
Number Of Attributes: 3
  _FillValue_original :	-2147483647
  _FillValue :	-2.147484e+09
  average_op_ncl :	dim_avg_n over dimension(s): time
(0)	9.777778
(1)	11.44444


Variable: laninaAvg
Type: float
Total Size: 8 bytes
            2 values
Number of Dimensions: 1
Dimensions and sizes:	[2]
Coordinates: 
Number Of Attributes: 3
  _FillValue_original :	-2147483647
  _FillValue :	-2.147484e+09
  average_op_ncl :	dim_avg_n over dimension(s): time
(0)	10.42857
(1)	12.57143
(0)	Calculating global sums
warning:Dimension (0) has not been defined
warning:Dimension (0) has not been defined
warning:Dimension (0) has not been defined
warning:Dimension (0) has not been defined
(0)	We are only using center number hurdat_atl from ibTracs data
(0)	Masking out basins
(0)	Generating wind copies for cutting by intensity
(0)	Doing AMIP intensity binning
(0)	Running ib sum: 138
(0)	Running CAM sum: 83
(0)	We are only using center number hurdat_epa from ibTracs data
(0)	Masking out basins
(0)	Generating wind copies for cutting by intensity
(0)	Doing AMIP intensity binning
(0)	Running ib sum: 350
(0)	Running CAM sum: 109
(0)	We are using all centers available for a particular storm. Use with CAUTION
(0)	Masking out basins
(0)	Generating wind copies for cutting by intensity
(0)	Doing AMIP intensity binning
(0)	Running ib sum: 371
(0)	Running CAM sum: 109
(0)	We are using all centers available for a particular storm. Use with CAUTION
(0)	Masking out basins
(0)	Generating wind copies for cutting by intensity
(0)	Doing AMIP intensity binning
(0)	Running ib sum: 734
(0)	Running CAM sum: 115
(0)	We are using all centers available for a particular storm. Use with CAUTION
(0)	Masking out basins
(0)	Generating wind copies for cutting by intensity
(0)	Doing AMIP intensity binning
(0)	Running ib sum: 762
(0)	Running CAM sum: 124
(0)	We are using all centers available for a particular storm. Use with CAUTION
(0)	Masking out basins
(0)	Generating wind copies for cutting by intensity
(0)	Doing AMIP intensity binning
(0)	Running ib sum: 966
(0)	Running CAM sum: 128
(0)	We are using all centers available for a particular storm. Use with CAUTION
(0)	Masking out basins
(0)	Generating wind copies for cutting by intensity
(0)	Doing AMIP intensity binning
(0)	Running ib sum: 1096
(0)	Running CAM sum: 128
(0)	We are using all centers available for a particular storm. Use with CAUTION
(0)	Masking out basins
(0)	Generating wind copies for cutting by intensity
(0)	Doing AMIP intensity binning
(0)	Running ib sum: 1096
(0)	Running CAM sum: 128


Variable: elninoAvg
Type: float
Total Size: 8 bytes
            2 values
Number of Dimensions: 1
Dimensions and sizes:	[2]
Coordinates: 
Number Of Attributes: 3
  average_op_ncl :	dim_avg_n over dimension(s): time
  _FillValue_original :	-2147483647
  _FillValue :	-2.147484e+09
(0)	2.428571
(1)	3.285714


Variable: neutraAvg
Type: float
Total Size: 8 bytes
            2 values
Number of Dimensions: 1
Dimensions and sizes:	[2]
Coordinates: 
Number Of Attributes: 3
  average_op_ncl :	dim_avg_n over dimension(s): time
  _FillValue_original :	-2147483647
  _FillValue :	-2.147484e+09
(0)	3.333333
(1)	7.222222


Variable: laninaAvg
Type: float
Total Size: 8 bytes
            2 values
Number of Dimensions: 1
Dimensions and sizes:	[2]
Coordinates: 
Number Of Attributes: 3
  average_op_ncl :	dim_avg_n over dimension(s): time
  _FillValue_original :	-2147483647
  _FillValue :	-2.147484e+09
(0)	5.142857
(1)	7.142857
(0)	Calculating global sums
warning:Dimension (0) has not been defined
warning:Dimension (0) has not been defined
warning:Dimension (0) has not been defined
warning:Dimension (0) has not been defined
(0)	We are only using center number hurdat_atl from ibTracs data
(0)	Masking out basins
(0)	Generating wind copies for cutting by intensity
(0)	Doing AMIP intensity binning
(0)	Running ib sum: 51
(0)	Running CAM sum: 37
(0)	We are only using center number hurdat_epa from ibTracs data
(0)	Masking out basins
(0)	Generating wind copies for cutting by intensity
(0)	Doing AMIP intensity binning
(0)	Running ib sum: 157
(0)	Running CAM sum: 39
(0)	We are using all centers available for a particular storm. Use with CAUTION
(0)	Masking out basins
(0)	Generating wind copies for cutting by intensity
(0)	Doing AMIP intensity binning
(0)	Running ib sum: 169
(0)	Running CAM sum: 39
(0)	We are using all centers available for a particular storm. Use with CAUTION
(0)	Masking out basins
(0)	Generating wind copies for cutting by intensity
(0)	Doing AMIP intensity binning
(0)	Running ib sum: 326
(0)	Running CAM sum: 39
(0)	We are using all centers available for a particular storm. Use with CAUTION
(0)	Masking out basins
(0)	Generating wind copies for cutting by intensity
(0)	Doing AMIP intensity binning
(0)	Running ib sum: 338
(0)	Running CAM sum: 39
(0)	We are using all centers available for a particular storm. Use with CAUTION
(0)	Masking out basins
(0)	Generating wind copies for cutting by intensity
(0)	Doing AMIP intensity binning
(0)	Running ib sum: 435
(0)	Running CAM sum: 39
(0)	We are using all centers available for a particular storm. Use with CAUTION
(0)	Masking out basins
(0)	Generating wind copies for cutting by intensity
(0)	Doing AMIP intensity binning
(0)	Running ib sum: 486
(0)	Running CAM sum: 39
(0)	We are using all centers available for a particular storm. Use with CAUTION
(0)	Masking out basins
(0)	Generating wind copies for cutting by intensity
(0)	Doing AMIP intensity binning
(0)	Running ib sum: 486
(0)	Running CAM sum: 39


Variable: elninoAvg
Type: float
Total Size: 8 bytes
            2 values
Number of Dimensions: 1
Dimensions and sizes:	[2]
Coordinates: 
Number Of Attributes: 3
  average_op_ncl :	dim_avg_n over dimension(s): time
  _FillValue_original :	-2147483647
  _FillValue :	-2.147484e+09
(0)	 1
(1)	 1


Variable: neutraAvg
Type: float
Total Size: 8 bytes
            2 values
Number of Dimensions: 1
Dimensions and sizes:	[2]
Coordinates: 
Number Of Attributes: 3
  average_op_ncl :	dim_avg_n over dimension(s): time
  _FillValue_original :	-2147483647
  _FillValue :	-2.147484e+09
(0)	1.666667
(1)	2.777778


Variable: laninaAvg
Type: float
Total Size: 8 bytes
            2 values
Number of Dimensions: 1
Dimensions and sizes:	[2]
Coordinates: 
Number Of Attributes: 3
  average_op_ncl :	dim_avg_n over dimension(s): time
  _FillValue_original :	-2147483647
  _FillValue :	-2.147484e+09
(0)	2.142857
(1)	2.714286
(0)	Calculating global sums
warning:Dimension (0) has not been defined
warning:Dimension (0) has not been defined
warning:Dimension (0) has not been defined
warning:Dimension (0) has not been defined
input in flex scanner failed
(0)	Doing basin number 1
(0)	Processing data from our tracker
(0)	Doing tracker year 1980
(0)	Doing tracker year 1981
(0)	Doing tracker year 1982
(0)	Doing tracker year 1983
(0)	Doing tracker year 1984
(0)	Doing tracker year 1985
(0)	Doing tracker year 1986
(0)	Doing tracker year 1987
(0)	Doing tracker year 1988
(0)	Doing tracker year 1989
(0)	Doing tracker year 1990
(0)	Doing tracker year 1991
(0)	Doing tracker year 1992
(0)	Doing tracker year 1993
(0)	Doing tracker year 1994
(0)	Doing tracker year 1995
(0)	Doing tracker year 1996
(0)	Doing tracker year 1997
(0)	Doing tracker year 1998
(0)	Doing tracker year 1999
(0)	Doing tracker year 2000
(0)	Doing tracker year 2001
(0)	Doing tracker year 2002
(0)	processing ibTracs data
(0)	We are only using center number 0 from ibTracs data
(0)	------------------------------------------------
(0)	processing ibTracs data
(0)	Doing ibTracs year 1980
(0)	Doing ibTracs year 1981
(0)	Doing ibTracs year 1982
(0)	Doing ibTracs year 1983
(0)	Doing ibTracs year 1984
(0)	Doing ibTracs year 1985
(0)	Doing ibTracs year 1986
(0)	Doing ibTracs year 1987
(0)	Doing ibTracs year 1988
(0)	Doing ibTracs year 1989
(0)	Doing ibTracs year 1990
(0)	Doing ibTracs year 1991
(0)	Doing ibTracs year 1992
(0)	Doing ibTracs year 1993
(0)	Doing ibTracs year 1994
(0)	Doing ibTracs year 1995
(0)	Doing ibTracs year 1996
(0)	Doing ibTracs year 1997
(0)	Doing ibTracs year 1998
(0)	Doing ibTracs year 1999
(0)	Doing ibTracs year 2000
(0)	Doing ibTracs year 2001
(0)	Doing ibTracs year 2002
(0)	-----------------------------------------------
(0)	Doing basin number 2
(0)	Processing data from our tracker
(0)	Doing tracker year 1980
(0)	Doing tracker year 1981
(0)	Doing tracker year 1982
(0)	Doing tracker year 1983
(0)	Doing tracker year 1984
(0)	Doing tracker year 1985
(0)	Doing tracker year 1986
(0)	Doing tracker year 1987
(0)	Doing tracker year 1988
(0)	Doing tracker year 1989
(0)	Doing tracker year 1990
(0)	Doing tracker year 1991
(0)	Doing tracker year 1992
(0)	Doing tracker year 1993
(0)	Doing tracker year 1994
(0)	Doing tracker year 1995
(0)	Doing tracker year 1996
(0)	Doing tracker year 1997
(0)	Doing tracker year 1998
(0)	Doing tracker year 1999
(0)	Doing tracker year 2000
(0)	Doing tracker year 2001
(0)	Doing tracker year 2002
(0)	processing ibTracs data
(0)	We are only using center number 14 from ibTracs data
(0)	------------------------------------------------
(0)	processing ibTracs data
(0)	Doing ibTracs year 1980
(0)	Doing ibTracs year 1981
(0)	Doing ibTracs year 1982
(0)	Doing ibTracs year 1983
(0)	Doing ibTracs year 1984
(0)	Doing ibTracs year 1985
(0)	Doing ibTracs year 1986
(0)	Doing ibTracs year 1987
(0)	Doing ibTracs year 1988
(0)	Doing ibTracs year 1989
(0)	Doing ibTracs year 1990
(0)	Doing ibTracs year 1991
(0)	Doing ibTracs year 1992
(0)	Doing ibTracs year 1993
(0)	Doing ibTracs year 1994
(0)	Doing ibTracs year 1995
(0)	Doing ibTracs year 1996
(0)	Doing ibTracs year 1997
(0)	Doing ibTracs year 1998
(0)	Doing ibTracs year 1999
(0)	Doing ibTracs year 2000
(0)	Doing ibTracs year 2001
(0)	Doing ibTracs year 2002
(0)	-----------------------------------------------
(0)	Doing basin number 3
(0)	Processing data from our tracker
(0)	Doing tracker year 1980
(0)	Doing tracker year 1981
(0)	Doing tracker year 1982
(0)	Doing tracker year 1983
(0)	Doing tracker year 1984
(0)	Doing tracker year 1985
(0)	Doing tracker year 1986
(0)	Doing tracker year 1987
(0)	Doing tracker year 1988
(0)	Doing tracker year 1989
(0)	Doing tracker year 1990
(0)	Doing tracker year 1991
(0)	Doing tracker year 1992
(0)	Doing tracker year 1993
(0)	Doing tracker year 1994
(0)	Doing tracker year 1995
(0)	Doing tracker year 1996
(0)	Doing tracker year 1997
(0)	Doing tracker year 1998
(0)	Doing tracker year 1999
(0)	Doing tracker year 2000
(0)	Doing tracker year 2001
(0)	Doing tracker year 2002
(0)	processing ibTracs data
(0)	We are using all centers available for a particular storm. Use with CAUTION
(0)	------------------------------------------------
(0)	processing ibTracs data
(0)	Doing ibTracs year 1980
(0)	Doing ibTracs year 1981
(0)	Doing ibTracs year 1982
(0)	Doing ibTracs year 1983
(0)	Doing ibTracs year 1984
(0)	Doing ibTracs year 1985
(0)	Doing ibTracs year 1986
(0)	Doing ibTracs year 1987
(0)	Doing ibTracs year 1988
(0)	Doing ibTracs year 1989
(0)	Doing ibTracs year 1990
(0)	Doing ibTracs year 1991
(0)	Doing ibTracs year 1992
(0)	Doing ibTracs year 1993
(0)	Doing ibTracs year 1994
(0)	Doing ibTracs year 1995
(0)	Doing ibTracs year 1996
(0)	Doing ibTracs year 1997
(0)	Doing ibTracs year 1998
(0)	Doing ibTracs year 1999
(0)	Doing ibTracs year 2000
(0)	Doing ibTracs year 2001
(0)	Doing ibTracs year 2002
(0)	-----------------------------------------------
(0)	Doing basin number 4
(0)	Processing data from our tracker
(0)	Doing tracker year 1980
(0)	Doing tracker year 1981
(0)	Doing tracker year 1982
(0)	Doing tracker year 1983
(0)	Doing tracker year 1984
(0)	Doing tracker year 1985
(0)	Doing tracker year 1986
(0)	Doing tracker year 1987
(0)	Doing tracker year 1988
(0)	Doing tracker year 1989
(0)	Doing tracker year 1990
(0)	Doing tracker year 1991
(0)	Doing tracker year 1992
(0)	Doing tracker year 1993
(0)	Doing tracker year 1994
(0)	Doing tracker year 1995
(0)	Doing tracker year 1996
(0)	Doing tracker year 1997
(0)	Doing tracker year 1998
(0)	Doing tracker year 1999
(0)	Doing tracker year 2000
(0)	Doing tracker year 2001
(0)	Doing tracker year 2002
(0)	processing ibTracs data
(0)	We are using all centers available for a particular storm. Use with CAUTION
(0)	------------------------------------------------
(0)	processing ibTracs data
(0)	Doing ibTracs year 1980
(0)	Doing ibTracs year 1981
(0)	Doing ibTracs year 1982
(0)	Doing ibTracs year 1983
(0)	Doing ibTracs year 1984
(0)	Doing ibTracs year 1985
(0)	Doing ibTracs year 1986
(0)	Doing ibTracs year 1987
(0)	Doing ibTracs year 1988
(0)	Doing ibTracs year 1989
(0)	Doing ibTracs year 1990
(0)	Doing ibTracs year 1991
(0)	Doing ibTracs year 1992
(0)	Doing ibTracs year 1993
(0)	Doing ibTracs year 1994
(0)	Doing ibTracs year 1995
(0)	Doing ibTracs year 1996
(0)	Doing ibTracs year 1997
(0)	Doing ibTracs year 1998
(0)	Doing ibTracs year 1999
(0)	Doing ibTracs year 2000
(0)	Doing ibTracs year 2001
(0)	Doing ibTracs year 2002
(0)	-----------------------------------------------
(0)	Doing basin number 5
(0)	Processing data from our tracker
(0)	Doing tracker year 1980
(0)	Doing tracker year 1981
(0)	Doing tracker year 1982
(0)	Doing tracker year 1983
(0)	Doing tracker year 1984
(0)	Doing tracker year 1985
(0)	Doing tracker year 1986
(0)	Doing tracker year 1987
(0)	Doing tracker year 1988
(0)	Doing tracker year 1989
(0)	Doing tracker year 1990
(0)	Doing tracker year 1991
(0)	Doing tracker year 1992
(0)	Doing tracker year 1993
(0)	Doing tracker year 1994
(0)	Doing tracker year 1995
(0)	Doing tracker year 1996
(0)	Doing tracker year 1997
(0)	Doing tracker year 1998
(0)	Doing tracker year 1999
(0)	Doing tracker year 2000
(0)	Doing tracker year 2001
(0)	Doing tracker year 2002
(0)	processing ibTracs data
(0)	We are using all centers available for a particular storm. Use with CAUTION
(0)	------------------------------------------------
(0)	processing ibTracs data
(0)	Doing ibTracs year 1980
(0)	Doing ibTracs year 1981
(0)	Doing ibTracs year 1982
(0)	Doing ibTracs year 1983
(0)	Doing ibTracs year 1984
(0)	Doing ibTracs year 1985
(0)	Doing ibTracs year 1986
(0)	Doing ibTracs year 1987
(0)	Doing ibTracs year 1988
(0)	Doing ibTracs year 1989
(0)	Doing ibTracs year 1990
(0)	Doing ibTracs year 1991
(0)	Doing ibTracs year 1992
(0)	Doing ibTracs year 1993
(0)	Doing ibTracs year 1994
(0)	Doing ibTracs year 1995
(0)	Doing ibTracs year 1996
(0)	Doing ibTracs year 1997
(0)	Doing ibTracs year 1998
(0)	Doing ibTracs year 1999
(0)	Doing ibTracs year 2000
(0)	Doing ibTracs year 2001
(0)	Doing ibTracs year 2002
(0)	-----------------------------------------------
(0)	Doing basin number 6
(0)	Processing data from our tracker
(0)	Doing tracker year 1980
(0)	Doing tracker year 1981
(0)	Doing tracker year 1982
(0)	Doing tracker year 1983
(0)	Doing tracker year 1984
(0)	Doing tracker year 1985
(0)	Doing tracker year 1986
(0)	Doing tracker year 1987
(0)	Doing tracker year 1988
(0)	Doing tracker year 1989
(0)	Doing tracker year 1990
(0)	Doing tracker year 1991
(0)	Doing tracker year 1992
(0)	Doing tracker year 1993
(0)	Doing tracker year 1994
(0)	Doing tracker year 1995
(0)	Doing tracker year 1996
(0)	Doing tracker year 1997
(0)	Doing tracker year 1998
(0)	Doing tracker year 1999
(0)	Doing tracker year 2000
(0)	Doing tracker year 2001
(0)	Doing tracker year 2002
(0)	processing ibTracs data
(0)	We are using all centers available for a particular storm. Use with CAUTION
(0)	------------------------------------------------
(0)	processing ibTracs data
(0)	Doing ibTracs year 1980
(0)	Doing ibTracs year 1981
(0)	Doing ibTracs year 1982
(0)	Doing ibTracs year 1983
(0)	Doing ibTracs year 1984
(0)	Doing ibTracs year 1985
(0)	Doing ibTracs year 1986
(0)	Doing ibTracs year 1987
(0)	Doing ibTracs year 1988
(0)	Doing ibTracs year 1989
(0)	Doing ibTracs year 1990
(0)	Doing ibTracs year 1991
(0)	Doing ibTracs year 1992
(0)	Doing ibTracs year 1993
(0)	Doing ibTracs year 1994
(0)	Doing ibTracs year 1995
(0)	Doing ibTracs year 1996
(0)	Doing ibTracs year 1997
(0)	Doing ibTracs year 1998
(0)	Doing ibTracs year 1999
(0)	Doing ibTracs year 2000
(0)	Doing ibTracs year 2001
(0)	Doing ibTracs year 2002
(0)	-----------------------------------------------
(0)	Doing basin number 7
(0)	Processing data from our tracker
(0)	Doing tracker year 1980
(0)	Doing tracker year 1981
(0)	Doing tracker year 1982
(0)	Doing tracker year 1983
(0)	Doing tracker year 1984
(0)	Doing tracker year 1985
(0)	Doing tracker year 1986
(0)	Doing tracker year 1987
(0)	Doing tracker year 1988
(0)	Doing tracker year 1989
(0)	Doing tracker year 1990
(0)	Doing tracker year 1991
(0)	Doing tracker year 1992
(0)	Doing tracker year 1993
(0)	Doing tracker year 1994
(0)	Doing tracker year 1995
(0)	Doing tracker year 1996
(0)	Doing tracker year 1997
(0)	Doing tracker year 1998
(0)	Doing tracker year 1999
(0)	Doing tracker year 2000
(0)	Doing tracker year 2001
(0)	Doing tracker year 2002
(0)	processing ibTracs data
(0)	We are using all centers available for a particular storm. Use with CAUTION
(0)	------------------------------------------------
(0)	processing ibTracs data
(0)	Doing ibTracs year 1980
(0)	Doing ibTracs year 1981
(0)	Doing ibTracs year 1982
(0)	Doing ibTracs year 1983
(0)	Doing ibTracs year 1984
(0)	Doing ibTracs year 1985
(0)	Doing ibTracs year 1986
(0)	Doing ibTracs year 1987
(0)	Doing ibTracs year 1988
(0)	Doing ibTracs year 1989
(0)	Doing ibTracs year 1990
(0)	Doing ibTracs year 1991
(0)	Doing ibTracs year 1992
(0)	Doing ibTracs year 1993
(0)	Doing ibTracs year 1994
(0)	Doing ibTracs year 1995
(0)	Doing ibTracs year 1996
(0)	Doing ibTracs year 1997
(0)	Doing ibTracs year 1998
(0)	Doing ibTracs year 1999
(0)	Doing ibTracs year 2000
(0)	Doing ibTracs year 2001
(0)	Doing ibTracs year 2002
(0)	-----------------------------------------------
(0)	Doing basin number 8
(0)	Processing data from our tracker
(0)	Doing tracker year 1980
(0)	Doing tracker year 1981
(0)	Doing tracker year 1982
(0)	Doing tracker year 1983
(0)	Doing tracker year 1984
(0)	Doing tracker year 1985
(0)	Doing tracker year 1986
(0)	Doing tracker year 1987
(0)	Doing tracker year 1988
(0)	Doing tracker year 1989
(0)	Doing tracker year 1990
(0)	Doing tracker year 1991
(0)	Doing tracker year 1992
(0)	Doing tracker year 1993
(0)	Doing tracker year 1994
(0)	Doing tracker year 1995
(0)	Doing tracker year 1996
(0)	Doing tracker year 1997
(0)	Doing tracker year 1998
(0)	Doing tracker year 1999
(0)	Doing tracker year 2000
(0)	Doing tracker year 2001
(0)	Doing tracker year 2002
(0)	processing ibTracs data
(0)	We are using all centers available for a particular storm. Use with CAUTION
(0)	------------------------------------------------
(0)	processing ibTracs data
(0)	Doing ibTracs year 1980
(0)	Doing ibTracs year 1981
(0)	Doing ibTracs year 1982
(0)	Doing ibTracs year 1983
(0)	Doing ibTracs year 1984
(0)	Doing ibTracs year 1985
(0)	Doing ibTracs year 1986
(0)	Doing ibTracs year 1987
(0)	Doing ibTracs year 1988
(0)	Doing ibTracs year 1989
(0)	Doing ibTracs year 1990
(0)	Doing ibTracs year 1991
(0)	Doing ibTracs year 1992
(0)	Doing ibTracs year 1993
(0)	Doing ibTracs year 1994
(0)	Doing ibTracs year 1995
(0)	Doing ibTracs year 1996
(0)	Doing ibTracs year 1997
(0)	Doing ibTracs year 1998
(0)	Doing ibTracs year 1999
(0)	Doing ibTracs year 2000
(0)	Doing ibTracs year 2001
(0)	Doing ibTracs year 2002
(0)	-----------------------------------------------
(0)	Calculating global sums
